#
# There is insufficient memory for the Java Runtime Environment to continue.
# Native memory allocation (mmap) failed to map 93323264 bytes for Failed to commit area from 0x000000008f000000 to 0x0000000094900000 of length 93323264.
# Possible reasons:
#   The system is out of physical RAM or swap space
#   The process is running with CompressedOops enabled, and the Java Heap may be blocking the growth of the native heap
# Possible solutions:
#   Reduce memory load on the system
#   Increase physical memory or swap space
#   Check if swap backing store is full
#   Decrease Java heap size (-Xmx/-Xms)
#   Decrease number of Java threads
#   Decrease Java thread stack sizes (-Xss)
#   Set larger code cache with -XX:ReservedCodeCacheSize=
#   JVM is running with Unscaled Compressed Oops mode in which the Java heap is
#     placed in the first 4GB address space. The Java Heap base address is the
#     maximum limit for the native heap growth. Please use -XX:HeapBaseMinAddress
#     to set the Java Heap base and to place the Java Heap above 4GB virtual address.
# This output file may be truncated or incomplete.
#
#  Out of Memory Error (src/hotspot/os/windows/os_windows.cpp:3627), pid=15056, tid=17464
#
# JRE version: OpenJDK Runtime Environment (11.0.15) (build 11.0.15+0-b2043.56-9505619)
# Java VM: OpenJDK 64-Bit Server VM (11.0.15+0-b2043.56-9505619, mixed mode, tiered, compressed oops, g1 gc, windows-amd64)
# No core dump will be written. Minidumps are not enabled by default on client versions of Windows
#

---------------  S U M M A R Y ------------

Command Line: --add-opens=java.base/java.util=ALL-UNNAMED --add-opens=java.base/java.lang=ALL-UNNAMED --add-opens=java.base/java.lang.invoke=ALL-UNNAMED --add-opens=java.base/java.util=ALL-UNNAMED --add-opens=java.prefs/java.util.prefs=ALL-UNNAMED --add-opens=java.prefs/java.util.prefs=ALL-UNNAMED --add-opens=java.base/java.nio.charset=ALL-UNNAMED --add-opens=java.base/java.net=ALL-UNNAMED --add-opens=java.base/java.util.concurrent.atomic=ALL-UNNAMED -Xmx2048m -Dfile.encoding=UTF-8 -Duser.country=US -Duser.language=en -Duser.variant org.gradle.launcher.daemon.bootstrap.GradleDaemon 7.5

Host: Intel(R) Core(TM) i5-2400 CPU @ 3.10GHz, 4 cores, 7G,  Windows 10 , 64 bit Build 19041 (10.0.19041.2546)
Time: Fri Apr  7 15:33:57 2023 Argentina Standard Time elapsed time: 19.036016 seconds (0d 0h 0m 19s)

---------------  T H R E A D  ---------------

Current thread (0x000001d55b4f4800):  VMThread "VM Thread" [stack: 0x00000085b1000000,0x00000085b1100000] [id=17464]

Stack: [0x00000085b1000000,0x00000085b1100000]
[error occurred during error reporting (printing stack bounds), id 0xc0000005, EXCEPTION_ACCESS_VIOLATION (0xc0000005) at pc=0x000001d54541112d]

Native frames: (J=compiled Java code, j=interpreted, Vv=VM code, C=native code)
V  [jvm.dll+0x64135a]
V  [jvm.dll+0x7d39f9]
V  [jvm.dll+0x7d51b9]
V  [jvm.dll+0x7d5805]
V  [jvm.dll+0x7d57bb]
V  [jvm.dll+0x640655]
V  [jvm.dll+0x640d68]
C  [ntdll.dll+0xa241f]
C  [ntdll.dll+0x514a4]
C  [ntdll.dll+0xa0f4e]
C  0x000001d54541112d

VM_Operation (0x00000085b74fe660): G1CollectForAllocation, mode: safepoint, requested by thread 0x000001d562ce7000


---------------  P R O C E S S  ---------------

Threads class SMR info:
_java_thread_list=0x000001d5631490a0, length=98, elements={
0x000001d5418e4000, 0x000001d55b4f8800, 0x000001d55b4f9800, 0x000001d55b514000,
0x000001d55b515000, 0x000001d55b517000, 0x000001d55b51c000, 0x000001d55b52a000,
0x000001d55b535000, 0x000001d55bfc2000, 0x000001d55e02f000, 0x000001d55dd6e800,
0x000001d55cb8d800, 0x000001d55e3c2000, 0x000001d55cd10000, 0x000001d55d87d800,
0x000001d55cc8b800, 0x000001d55df39800, 0x000001d55d352000, 0x000001d55ea94800,
0x000001d55d871800, 0x000001d55d872800, 0x000001d55d871000, 0x000001d55d9cf000,
0x000001d55d870000, 0x000001d55d873800, 0x000001d55d875000, 0x000001d55d874000,
0x000001d55d876000, 0x000001d55d876800, 0x000001d561f02800, 0x000001d561f06800,
0x000001d561f04800, 0x000001d561f03000, 0x000001d561f07000, 0x000001d561f01800,
0x000001d561f09000, 0x000001d561f08000, 0x000001d561f0d000, 0x000001d561f0c000,
0x000001d561f0d800, 0x000001d561f0e800, 0x000001d561f0f800, 0x000001d561f09800,
0x000001d561f10000, 0x000001d561f0a800, 0x000001d561f0b000, 0x000001d561bd6800,
0x000001d561bd2000, 0x000001d561bd5000, 0x000001d561bd2800, 0x000001d561bd7800,
0x000001d561bd6000, 0x000001d561bd4800, 0x000001d561bd8800, 0x000001d561bd9000,
0x000001d561bd3800, 0x000001d561bdb000, 0x000001d561bde000, 0x000001d561bdf800,
0x000001d561bdf000, 0x000001d561bda000, 0x000001d561bdd000, 0x000001d561be0800,
0x000001d561bdb800, 0x000001d561bdc800, 0x000001d55c83e800, 0x000001d55c83e000,
0x000001d55c841000, 0x000001d55c842000, 0x000001d55c840800, 0x000001d55c83f800,
0x000001d55c83c000, 0x000001d55c843000, 0x000001d55c83d000, 0x000001d55c847800,
0x000001d55c847000, 0x000001d55c846000, 0x000001d55c849800, 0x000001d55c84a000,
0x000001d55c84b000, 0x000001d55c845000, 0x000001d562cd9800, 0x000001d562ce0000,
0x000001d562cdb800, 0x000001d562cdb000, 0x000001d562cde000, 0x000001d562cda000,
0x000001d562cdf000, 0x000001d562ce0800, 0x000001d562ce1800, 0x000001d562cdc800,
0x000001d562ce3000, 0x000001d562cdd800, 0x000001d562ce5800, 0x000001d562ce6800,
0x000001d562ce7000, 0x000001d562ce4000
}

Java Threads: ( => current thread )
  0x000001d5418e4000 JavaThread "main" [_thread_blocked, id=896, stack(0x00000085b0a00000,0x00000085b0b00000)]
  0x000001d55b4f8800 JavaThread "Reference Handler" daemon [_thread_blocked, id=11848, stack(0x00000085b1100000,0x00000085b1200000)]
  0x000001d55b4f9800 JavaThread "Finalizer" daemon [_thread_blocked, id=5796, stack(0x00000085b1200000,0x00000085b1300000)]
  0x000001d55b514000 JavaThread "Signal Dispatcher" daemon [_thread_blocked, id=9044, stack(0x00000085b1300000,0x00000085b1400000)]
  0x000001d55b515000 JavaThread "Attach Listener" daemon [_thread_blocked, id=18352, stack(0x00000085b1400000,0x00000085b1500000)]
  0x000001d55b517000 JavaThread "Service Thread" daemon [_thread_blocked, id=19004, stack(0x00000085b1500000,0x00000085b1600000)]
  0x000001d55b51c000 JavaThread "C2 CompilerThread0" daemon [_thread_in_native, id=10940, stack(0x00000085b1600000,0x00000085b1700000)]
  0x000001d55b52a000 JavaThread "C1 CompilerThread0" daemon [_thread_blocked, id=16940, stack(0x00000085b1700000,0x00000085b1800000)]
  0x000001d55b535000 JavaThread "Sweeper thread" daemon [_thread_blocked, id=1580, stack(0x00000085b1800000,0x00000085b1900000)]
  0x000001d55bfc2000 JavaThread "Common-Cleaner" daemon [_thread_blocked, id=18744, stack(0x00000085b1900000,0x00000085b1a00000)]
  0x000001d55e02f000 JavaThread "Daemon health stats" [_thread_blocked, id=18692, stack(0x00000085b1e00000,0x00000085b1f00000)]
  0x000001d55dd6e800 JavaThread "Incoming local TCP Connector on port 62717" [_thread_in_native, id=19656, stack(0x00000085b1b00000,0x00000085b1c00000)]
  0x000001d55cb8d800 JavaThread "Daemon periodic checks" [_thread_blocked, id=7608, stack(0x00000085b1f00000,0x00000085b2000000)]
  0x000001d55e3c2000 JavaThread "Daemon" [_thread_blocked, id=8776, stack(0x00000085b2000000,0x00000085b2100000)]
  0x000001d55cd10000 JavaThread "Handler for socket connection from /127.0.0.1:62717 to /127.0.0.1:62718" [_thread_in_native, id=6100, stack(0x00000085b2100000,0x00000085b2200000)]
  0x000001d55d87d800 JavaThread "Cancel handler" [_thread_blocked, id=12344, stack(0x00000085b2200000,0x00000085b2300000)]
  0x000001d55cc8b800 JavaThread "Daemon worker" [_thread_blocked, id=9372, stack(0x00000085b2300000,0x00000085b2400000)]
  0x000001d55df39800 JavaThread "Asynchronous log dispatcher for DefaultDaemonConnection: socket connection from /127.0.0.1:62717 to /127.0.0.1:62718" [_thread_blocked, id=19620, stack(0x00000085b2400000,0x00000085b2500000)]
  0x000001d55d352000 JavaThread "Stdin handler" [_thread_blocked, id=13484, stack(0x00000085b2500000,0x00000085b2600000)]
  0x000001d55ea94800 JavaThread "Daemon client event forwarder" [_thread_blocked, id=8880, stack(0x00000085b2600000,0x00000085b2700000)]
  0x000001d55d871800 JavaThread "Cache worker for journal cache (C:\Users\ninja\.gradle\caches\journal-1)" [_thread_blocked, id=12700, stack(0x00000085b2800000,0x00000085b2900000)]
  0x000001d55d872800 JavaThread "File lock request listener" [_thread_in_native, id=12200, stack(0x00000085b2900000,0x00000085b2a00000)]
  0x000001d55d871000 JavaThread "Cache worker for file hash cache (C:\Users\ninja\.gradle\caches\7.5\fileHashes)" [_thread_blocked, id=6320, stack(0x00000085b2a00000,0x00000085b2b00000)]
  0x000001d55d9cf000 JavaThread "C2 CompilerThread1" daemon [_thread_in_native, id=12504, stack(0x00000085b2b00000,0x00000085b2c00000)]
  0x000001d55d870000 JavaThread "File watcher server" daemon [_thread_blocked, id=14096, stack(0x00000085b2c00000,0x00000085b2d00000)]
  0x000001d55d873800 JavaThread "File watcher consumer" daemon [_thread_blocked, id=16116, stack(0x00000085b2d00000,0x00000085b2e00000)]
  0x000001d55d875000 JavaThread "Cache worker for checksums cache (C:\Users\ninja\AndroidStudioProjects\Peliculas\.gradle\7.5\checksums)" [_thread_blocked, id=17764, stack(0x00000085b2e00000,0x00000085b2f00000)]
  0x000001d55d874000 JavaThread "Cache worker for cache directory md-rule (C:\Users\ninja\.gradle\caches\7.5\md-rule)" [_thread_blocked, id=15952, stack(0x00000085b2f00000,0x00000085b3000000)]
  0x000001d55d876000 JavaThread "Cache worker for file content cache (C:\Users\ninja\.gradle\caches\7.5\fileContent)" [_thread_blocked, id=6396, stack(0x00000085b3000000,0x00000085b3100000)]
  0x000001d55d876800 JavaThread "Cache worker for file hash cache (C:\Users\ninja\AndroidStudioProjects\Peliculas\.gradle\7.5\fileHashes)" [_thread_blocked, id=13536, stack(0x00000085b3100000,0x00000085b3200000)]
  0x000001d561f02800 JavaThread "Cache worker for cache directory md-supplier (C:\Users\ninja\.gradle\caches\7.5\md-supplier)" [_thread_blocked, id=10620, stack(0x00000085b3200000,0x00000085b3300000)]
  0x000001d561f06800 JavaThread "Cache worker for execution history cache (C:\Users\ninja\.gradle\caches\7.5\executionHistory)" [_thread_blocked, id=19700, stack(0x00000085b3300000,0x00000085b3400000)]
  0x000001d561f04800 JavaThread "jar transforms" [_thread_blocked, id=16896, stack(0x00000085b3400000,0x00000085b3500000)]
  0x000001d561f03000 JavaThread "jar transforms Thread 2" [_thread_blocked, id=3936, stack(0x00000085b3500000,0x00000085b3600000)]
  0x000001d561f07000 JavaThread "jar transforms Thread 3" [_thread_blocked, id=7108, stack(0x00000085b3600000,0x00000085b3700000)]
  0x000001d561f01800 JavaThread "jar transforms Thread 4" [_thread_blocked, id=7876, stack(0x00000085b3700000,0x00000085b3800000)]
  0x000001d561f09000 JavaThread "Cache worker for dependencies-accessors (C:\Users\ninja\AndroidStudioProjects\Peliculas\.gradle\7.5\dependencies-accessors)" [_thread_blocked, id=18124, stack(0x00000085b3800000,0x00000085b3900000)]
  0x000001d561f08000 JavaThread "Cache worker for Build Output Cleanup Cache (C:\Users\ninja\AndroidStudioProjects\Peliculas\.gradle\buildOutputCleanup)" [_thread_blocked, id=15204, stack(0x00000085b3900000,0x00000085b3a00000)]
  0x000001d561f0d000 JavaThread "Unconstrained build operations" [_thread_blocked, id=1340, stack(0x00000085b3a00000,0x00000085b3b00000)]
  0x000001d561f0c000 JavaThread "Unconstrained build operations Thread 2" [_thread_blocked, id=17188, stack(0x00000085b3b00000,0x00000085b3c00000)]
  0x000001d561f0d800 JavaThread "Unconstrained build operations Thread 3" [_thread_blocked, id=7004, stack(0x00000085b3c00000,0x00000085b3d00000)]
  0x000001d561f0e800 JavaThread "Unconstrained build operations Thread 4" [_thread_blocked, id=15772, stack(0x00000085b3d00000,0x00000085b3e00000)]
  0x000001d561f0f800 JavaThread "Unconstrained build operations Thread 5" [_thread_blocked, id=11996, stack(0x00000085b3e00000,0x00000085b3f00000)]
  0x000001d561f09800 JavaThread "Unconstrained build operations Thread 6" [_thread_blocked, id=3028, stack(0x00000085b3f00000,0x00000085b4000000)]
  0x000001d561f10000 JavaThread "Unconstrained build operations Thread 7" [_thread_blocked, id=1636, stack(0x00000085b4000000,0x00000085b4100000)]
  0x000001d561f0a800 JavaThread "Unconstrained build operations Thread 8" [_thread_blocked, id=9448, stack(0x00000085b4100000,0x00000085b4200000)]
  0x000001d561f0b000 JavaThread "Unconstrained build operations Thread 9" [_thread_blocked, id=14128, stack(0x00000085b4200000,0x00000085b4300000)]
  0x000001d561bd6800 JavaThread "Unconstrained build operations Thread 10" [_thread_blocked, id=8420, stack(0x00000085b4300000,0x00000085b4400000)]
  0x000001d561bd2000 JavaThread "Unconstrained build operations Thread 11" [_thread_blocked, id=11416, stack(0x00000085b4400000,0x00000085b4500000)]
  0x000001d561bd5000 JavaThread "Unconstrained build operations Thread 12" [_thread_blocked, id=3972, stack(0x00000085b4500000,0x00000085b4600000)]
  0x000001d561bd2800 JavaThread "Unconstrained build operations Thread 13" [_thread_blocked, id=3624, stack(0x00000085b4600000,0x00000085b4700000)]
  0x000001d561bd7800 JavaThread "Unconstrained build operations Thread 14" [_thread_blocked, id=1864, stack(0x00000085b4700000,0x00000085b4800000)]
  0x000001d561bd6000 JavaThread "Unconstrained build operations Thread 15" [_thread_blocked, id=10800, stack(0x00000085b4800000,0x00000085b4900000)]
  0x000001d561bd4800 JavaThread "Unconstrained build operations Thread 16" [_thread_blocked, id=13436, stack(0x00000085b4900000,0x00000085b4a00000)]
  0x000001d561bd8800 JavaThread "Unconstrained build operations Thread 17" [_thread_blocked, id=10292, stack(0x00000085b4a00000,0x00000085b4b00000)]
  0x000001d561bd9000 JavaThread "Unconstrained build operations Thread 18" [_thread_blocked, id=10856, stack(0x00000085b4b00000,0x00000085b4c00000)]
  0x000001d561bd3800 JavaThread "Unconstrained build operations Thread 19" [_thread_blocked, id=14580, stack(0x00000085b4c00000,0x00000085b4d00000)]
  0x000001d561bdb000 JavaThread "Unconstrained build operations Thread 20" [_thread_blocked, id=1944, stack(0x00000085b4d00000,0x00000085b4e00000)]
  0x000001d561bde000 JavaThread "Unconstrained build operations Thread 21" [_thread_blocked, id=10312, stack(0x00000085b4e00000,0x00000085b4f00000)]
  0x000001d561bdf800 JavaThread "Unconstrained build operations Thread 22" [_thread_blocked, id=15160, stack(0x00000085b4f00000,0x00000085b5000000)]
  0x000001d561bdf000 JavaThread "Unconstrained build operations Thread 23" [_thread_blocked, id=2728, stack(0x00000085b5000000,0x00000085b5100000)]
  0x000001d561bda000 JavaThread "Unconstrained build operations Thread 24" [_thread_blocked, id=18272, stack(0x00000085b5100000,0x00000085b5200000)]
  0x000001d561bdd000 JavaThread "Unconstrained build operations Thread 25" [_thread_blocked, id=1060, stack(0x00000085b5200000,0x00000085b5300000)]
  0x000001d561be0800 JavaThread "Unconstrained build operations Thread 26" [_thread_blocked, id=16528, stack(0x00000085b5300000,0x00000085b5400000)]
  0x000001d561bdb800 JavaThread "Unconstrained build operations Thread 27" [_thread_blocked, id=2992, stack(0x00000085b5400000,0x00000085b5500000)]
  0x000001d561bdc800 JavaThread "Unconstrained build operations Thread 28" [_thread_blocked, id=4428, stack(0x00000085b5500000,0x00000085b5600000)]
  0x000001d55c83e800 JavaThread "Unconstrained build operations Thread 29" [_thread_blocked, id=4456, stack(0x00000085b5600000,0x00000085b5700000)]
  0x000001d55c83e000 JavaThread "Unconstrained build operations Thread 30" [_thread_blocked, id=3036, stack(0x00000085b5700000,0x00000085b5800000)]
  0x000001d55c841000 JavaThread "Unconstrained build operations Thread 31" [_thread_blocked, id=18584, stack(0x00000085b5800000,0x00000085b5900000)]
  0x000001d55c842000 JavaThread "Unconstrained build operations Thread 32" [_thread_blocked, id=2252, stack(0x00000085b5900000,0x00000085b5a00000)]
  0x000001d55c840800 JavaThread "Unconstrained build operations Thread 33" [_thread_blocked, id=7164, stack(0x00000085b5a00000,0x00000085b5b00000)]
  0x000001d55c83f800 JavaThread "Unconstrained build operations Thread 34" [_thread_blocked, id=15704, stack(0x00000085b5b00000,0x00000085b5c00000)]
  0x000001d55c83c000 JavaThread "Unconstrained build operations Thread 35" [_thread_blocked, id=10124, stack(0x00000085b5c00000,0x00000085b5d00000)]
  0x000001d55c843000 JavaThread "Unconstrained build operations Thread 36" [_thread_blocked, id=8388, stack(0x00000085b5d00000,0x00000085b5e00000)]
  0x000001d55c83d000 JavaThread "Unconstrained build operations Thread 37" [_thread_blocked, id=2352, stack(0x00000085b5e00000,0x00000085b5f00000)]
  0x000001d55c847800 JavaThread "Unconstrained build operations Thread 38" [_thread_blocked, id=13872, stack(0x00000085b5f00000,0x00000085b6000000)]
  0x000001d55c847000 JavaThread "Unconstrained build operations Thread 39" [_thread_blocked, id=8952, stack(0x00000085b6000000,0x00000085b6100000)]
  0x000001d55c846000 JavaThread "Unconstrained build operations Thread 40" [_thread_blocked, id=6652, stack(0x00000085b6100000,0x00000085b6200000)]
  0x000001d55c849800 JavaThread "build event listener" [_thread_blocked, id=11968, stack(0x00000085b6200000,0x00000085b6300000)]
  0x000001d55c84a000 JavaThread "Memory manager" [_thread_blocked, id=9184, stack(0x00000085b6300000,0x00000085b6400000)]
  0x000001d55c84b000 JavaThread "pool-3-thread-1" [_thread_blocked, id=6992, stack(0x00000085b6400000,0x00000085b6500000)]
  0x000001d55c845000 JavaThread "build event listener" [_thread_blocked, id=9620, stack(0x00000085b6500000,0x00000085b6600000)]
  0x000001d562cd9800 JavaThread "included builds" [_thread_blocked, id=1196, stack(0x00000085b6600000,0x00000085b6700000)]
  0x000001d562ce0000 JavaThread "Execution worker" [_thread_blocked, id=3928, stack(0x00000085b6700000,0x00000085b6800000)]
  0x000001d562cdb800 JavaThread "Execution worker Thread 2" [_thread_blocked, id=1592, stack(0x00000085b6800000,0x00000085b6900000)]
  0x000001d562cdb000 JavaThread "Execution worker Thread 3" [_thread_blocked, id=8488, stack(0x00000085b6900000,0x00000085b6a00000)]
  0x000001d562cde000 JavaThread "Cache worker for execution history cache (C:\Users\ninja\AndroidStudioProjects\Peliculas\.gradle\7.5\executionHistory)" [_thread_blocked, id=11820, stack(0x00000085b6a00000,0x00000085b6b00000)]
  0x000001d562cda000 JavaThread "WorkerExecutor Queue" [_thread_blocked, id=16948, stack(0x00000085b6b00000,0x00000085b6c00000)]
  0x000001d562cdf000 JavaThread "WorkerExecutor Queue Thread 2" [_thread_blocked, id=2640, stack(0x00000085b6c00000,0x00000085b6d00000)]
  0x000001d562ce0800 JavaThread "WorkerExecutor Queue Thread 3" [_thread_blocked, id=6444, stack(0x00000085b6d00000,0x00000085b6e00000)]
  0x000001d562ce1800 JavaThread "WorkerExecutor Queue Thread 4" [_thread_blocked, id=12928, stack(0x00000085b6e00000,0x00000085b6f00000)]
  0x000001d562cdc800 JavaThread "pool-4-thread-1" [_thread_blocked, id=19188, stack(0x00000085b6f00000,0x00000085b7000000)]
  0x000001d562ce3000 JavaThread "stderr" [_thread_in_native, id=17360, stack(0x00000085b7000000,0x00000085b7100000)]
  0x000001d562cdd800 JavaThread "stdout" [_thread_in_native, id=16484, stack(0x00000085b7100000,0x00000085b7200000)]
  0x000001d562ce5800 JavaThread "ForkJoinPool-1-worker-3" daemon [_thread_blocked, id=18832, stack(0x00000085b7200000,0x00000085b7300000)]
  0x000001d562ce6800 JavaThread "ForkJoinPool-1-worker-5" daemon [_thread_blocked, id=14860, stack(0x00000085b7300000,0x00000085b7400000)]
  0x000001d562ce7000 JavaThread "ForkJoinPool-1-worker-7" daemon [_thread_blocked, id=17804, stack(0x00000085b7400000,0x00000085b7500000)]
  0x000001d562ce4000 JavaThread "ForkJoinPool-1-worker-1" daemon [_thread_blocked, id=17692, stack(0x00000085b7500000,0x00000085b7600000)]

Other Threads:
=>0x000001d55b4f4800 VMThread "VM Thread" [stack: 0x00000085b1000000,0x00000085b1100000] [id=17464]
  0x000001d55bfc4000 WatcherThread [stack: 0x00000085b1a00000,0x00000085b1b00000] [id=10996]
  0x000001d5418fd000 GCTaskThread "GC Thread#0" [stack: 0x00000085b0b00000,0x00000085b0c00000] [id=17992]
  0x000001d55c1c6800 GCTaskThread "GC Thread#1" [stack: 0x00000085b1c00000,0x00000085b1d00000] [id=10756]
  0x000001d55c6a8000 GCTaskThread "GC Thread#2" [stack: 0x00000085b1d00000,0x00000085b1e00000] [id=9880]
  0x000001d55e597800 GCTaskThread "GC Thread#3" [stack: 0x00000085b2700000,0x00000085b2800000] [id=12500]
  0x000001d54192d800 ConcurrentGCThread "G1 Main Marker" [stack: 0x00000085b0c00000,0x00000085b0d00000] [id=17424]
  0x000001d54192f800 ConcurrentGCThread "G1 Conc#0" [stack: 0x00000085b0d00000,0x00000085b0e00000] [id=2856]
  0x000001d55b340800 ConcurrentGCThread "G1 Refine#0" [stack: 0x00000085b0e00000,0x00000085b0f00000] [id=12368]
  0x000001d561cff000 ConcurrentGCThread "G1 Refine#1" [stack: 0x00000085b7600000,0x00000085b7700000] [id=10956]
  0x000001d563069000 ConcurrentGCThread "G1 Refine#2" [stack: 0x00000085b7700000,0x00000085b7800000] [id=1176]
  0x000001d55f018000 ConcurrentGCThread "G1 Refine#3" [stack: 0x00000085b7800000,0x00000085b7900000] [id=12308]
  0x000001d55b341000 ConcurrentGCThread "G1 Young RemSet Sampling" [stack: 0x00000085b0f00000,0x00000085b1000000] [id=19352]

Threads with active compile tasks:
C2 CompilerThread0    19088 11816       4       com.android.tools.r8.dex.i::a (829 bytes)
C2 CompilerThread1    19088 12103       4       com.android.tools.r8.dex.i::a (1041 bytes)

VM state:at safepoint (normal execution)

VM Mutex/Monitor currently owned by a thread:  ([mutex/lock_event])
[0x000001d5418dfe30] Threads_lock - owner thread: 0x000001d55b4f4800
[0x000001d5418dfda0] Heap_lock - owner thread: 0x000001d562ce7000

Heap address: 0x0000000080000000, size: 2048 MB, Compressed Oops mode: 32-bit
Narrow klass base: 0x0000000000000000, Narrow klass shift: 3
Compressed class space size: 1073741824 Address: 0x0000000100000000

Heap:
 garbage-first heap   total 336896K, used 175104K [0x0000000080000000, 0x0000000100000000)
  region size 1024K, 6 young (6144K), 6 survivors (6144K)
 Metaspace       used 97870K, capacity 100563K, committed 100808K, reserved 1136640K
  class space    used 12773K, capacity 13782K, committed 13848K, reserved 1048576K
Heap Regions: E=young(eden), S=young(survivor), O=old, HS=humongous(starts), HC=humongous(continues), CS=collection set, F=free, A=archive, TAMS=top-at-mark-start (previous, next)
|   0|0x0000000080000000, 0x0000000080100000, 0x0000000080100000|100%|HS|  |TAMS 0x0000000080100000, 0x0000000080100000| Complete 
|   1|0x0000000080100000, 0x0000000080200000, 0x0000000080200000|100%|HC|  |TAMS 0x0000000080200000, 0x0000000080200000| Complete 
|   2|0x0000000080200000, 0x0000000080300000, 0x0000000080300000|100%|HC|  |TAMS 0x0000000080300000, 0x0000000080300000| Complete 
|   3|0x0000000080300000, 0x0000000080400000, 0x0000000080400000|100%| O|  |TAMS 0x0000000080400000, 0x0000000080400000| Untracked 
|   4|0x0000000080400000, 0x0000000080500000, 0x0000000080500000|100%| O|  |TAMS 0x0000000080500000, 0x0000000080500000| Untracked 
|   5|0x0000000080500000, 0x0000000080600000, 0x0000000080600000|100%| O|  |TAMS 0x0000000080600000, 0x0000000080600000| Untracked 
|   6|0x0000000080600000, 0x0000000080700000, 0x0000000080700000|100%| O|  |TAMS 0x0000000080700000, 0x0000000080700000| Untracked 
|   7|0x0000000080700000, 0x0000000080800000, 0x0000000080800000|100%| O|  |TAMS 0x0000000080800000, 0x0000000080800000| Untracked 
|   8|0x0000000080800000, 0x0000000080900000, 0x0000000080900000|100%| O|  |TAMS 0x0000000080900000, 0x0000000080900000| Untracked 
|   9|0x0000000080900000, 0x0000000080a00000, 0x0000000080a00000|100%| O|  |TAMS 0x0000000080a00000, 0x0000000080a00000| Untracked 
|  10|0x0000000080a00000, 0x0000000080b00000, 0x0000000080b00000|100%| O|  |TAMS 0x0000000080b00000, 0x0000000080b00000| Untracked 
|  11|0x0000000080b00000, 0x0000000080c00000, 0x0000000080c00000|100%| O|  |TAMS 0x0000000080c00000, 0x0000000080c00000| Untracked 
|  12|0x0000000080c00000, 0x0000000080d00000, 0x0000000080d00000|100%| O|  |TAMS 0x0000000080d00000, 0x0000000080d00000| Untracked 
|  13|0x0000000080d00000, 0x0000000080e00000, 0x0000000080e00000|100%| O|  |TAMS 0x0000000080e00000, 0x0000000080e00000| Untracked 
|  14|0x0000000080e00000, 0x0000000080f00000, 0x0000000080f00000|100%| O|  |TAMS 0x0000000080f00000, 0x0000000080f00000| Untracked 
|  15|0x0000000080f00000, 0x0000000081000000, 0x0000000081000000|100%| O|  |TAMS 0x0000000081000000, 0x0000000081000000| Untracked 
|  16|0x0000000081000000, 0x0000000081100000, 0x0000000081100000|100%|HS|  |TAMS 0x0000000081100000, 0x0000000081100000| Complete 
|  17|0x0000000081100000, 0x0000000081200000, 0x0000000081200000|100%| O|  |TAMS 0x0000000081200000, 0x0000000081200000| Untracked 
|  18|0x0000000081200000, 0x0000000081300000, 0x0000000081300000|100%| O|  |TAMS 0x0000000081300000, 0x0000000081300000| Untracked 
|  19|0x0000000081300000, 0x0000000081400000, 0x0000000081400000|100%| O|  |TAMS 0x0000000081400000, 0x0000000081400000| Untracked 
|  20|0x0000000081400000, 0x0000000081500000, 0x0000000081500000|100%| O|  |TAMS 0x0000000081500000, 0x0000000081500000| Untracked 
|  21|0x0000000081500000, 0x0000000081600000, 0x0000000081600000|100%| O|  |TAMS 0x0000000081600000, 0x0000000081600000| Untracked 
|  22|0x0000000081600000, 0x0000000081700000, 0x0000000081700000|100%| O|  |TAMS 0x0000000081700000, 0x0000000081700000| Untracked 
|  23|0x0000000081700000, 0x0000000081800000, 0x0000000081800000|100%| O|  |TAMS 0x0000000081800000, 0x0000000081800000| Untracked 
|  24|0x0000000081800000, 0x0000000081900000, 0x0000000081900000|100%|HS|  |TAMS 0x0000000081900000, 0x0000000081900000| Complete 
|  25|0x0000000081900000, 0x0000000081a00000, 0x0000000081a00000|100%| O|  |TAMS 0x0000000081a00000, 0x0000000081a00000| Untracked 
|  26|0x0000000081a00000, 0x0000000081b00000, 0x0000000081b00000|100%| O|  |TAMS 0x0000000081b00000, 0x0000000081b00000| Untracked 
|  27|0x0000000081b00000, 0x0000000081c00000, 0x0000000081c00000|100%| O|  |TAMS 0x0000000081c00000, 0x0000000081c00000| Untracked 
|  28|0x0000000081c00000, 0x0000000081d00000, 0x0000000081d00000|100%| O|  |TAMS 0x0000000081d00000, 0x0000000081d00000| Untracked 
|  29|0x0000000081d00000, 0x0000000081e00000, 0x0000000081e00000|100%| O|  |TAMS 0x0000000081e00000, 0x0000000081e00000| Untracked 
|  30|0x0000000081e00000, 0x0000000081f00000, 0x0000000081f00000|100%| O|  |TAMS 0x0000000081f00000, 0x0000000081f00000| Untracked 
|  31|0x0000000081f00000, 0x0000000082000000, 0x0000000082000000|100%| O|  |TAMS 0x0000000082000000, 0x0000000082000000| Untracked 
|  32|0x0000000082000000, 0x0000000082100000, 0x0000000082100000|100%| O|  |TAMS 0x0000000082100000, 0x0000000082100000| Untracked 
|  33|0x0000000082100000, 0x0000000082200000, 0x0000000082200000|100%| O|  |TAMS 0x0000000082200000, 0x0000000082200000| Untracked 
|  34|0x0000000082200000, 0x0000000082300000, 0x0000000082300000|100%| O|  |TAMS 0x0000000082300000, 0x0000000082300000| Untracked 
|  35|0x0000000082300000, 0x0000000082400000, 0x0000000082400000|100%| O|  |TAMS 0x0000000082400000, 0x0000000082400000| Untracked 
|  36|0x0000000082400000, 0x0000000082500000, 0x0000000082500000|100%| O|  |TAMS 0x0000000082500000, 0x0000000082500000| Untracked 
|  37|0x0000000082500000, 0x0000000082600000, 0x0000000082600000|100%| O|  |TAMS 0x0000000082600000, 0x0000000082600000| Untracked 
|  38|0x0000000082600000, 0x0000000082700000, 0x0000000082700000|100%| O|  |TAMS 0x0000000082700000, 0x0000000082700000| Untracked 
|  39|0x0000000082700000, 0x0000000082800000, 0x0000000082800000|100%| O|  |TAMS 0x0000000082800000, 0x0000000082800000| Untracked 
|  40|0x0000000082800000, 0x0000000082900000, 0x0000000082900000|100%| O|  |TAMS 0x0000000082900000, 0x0000000082900000| Untracked 
|  41|0x0000000082900000, 0x0000000082a00000, 0x0000000082a00000|100%| O|  |TAMS 0x0000000082a00000, 0x0000000082a00000| Untracked 
|  42|0x0000000082a00000, 0x0000000082b00000, 0x0000000082b00000|100%| O|  |TAMS 0x0000000082b00000, 0x0000000082b00000| Untracked 
|  43|0x0000000082b00000, 0x0000000082c00000, 0x0000000082c00000|100%| O|  |TAMS 0x0000000082c00000, 0x0000000082c00000| Untracked 
|  44|0x0000000082c00000, 0x0000000082d00000, 0x0000000082d00000|100%| O|  |TAMS 0x0000000082d00000, 0x0000000082d00000| Untracked 
|  45|0x0000000082d00000, 0x0000000082e00000, 0x0000000082e00000|100%| O|  |TAMS 0x0000000082e00000, 0x0000000082e00000| Untracked 
|  46|0x0000000082e00000, 0x0000000082f00000, 0x0000000082f00000|100%| O|  |TAMS 0x0000000082f00000, 0x0000000082f00000| Untracked 
|  47|0x0000000082f00000, 0x0000000083000000, 0x0000000083000000|100%| O|  |TAMS 0x0000000083000000, 0x0000000083000000| Untracked 
|  48|0x0000000083000000, 0x0000000083100000, 0x0000000083100000|100%| O|  |TAMS 0x0000000083100000, 0x0000000083100000| Untracked 
|  49|0x0000000083100000, 0x0000000083200000, 0x0000000083200000|100%| O|  |TAMS 0x0000000083200000, 0x0000000083200000| Untracked 
|  50|0x0000000083200000, 0x0000000083300000, 0x0000000083300000|100%| O|  |TAMS 0x0000000083300000, 0x0000000083300000| Untracked 
|  51|0x0000000083300000, 0x0000000083400000, 0x0000000083400000|100%| O|  |TAMS 0x0000000083400000, 0x0000000083400000| Untracked 
|  52|0x0000000083400000, 0x0000000083500000, 0x0000000083500000|100%| O|  |TAMS 0x0000000083500000, 0x0000000083500000| Untracked 
|  53|0x0000000083500000, 0x0000000083600000, 0x0000000083600000|100%| O|  |TAMS 0x0000000083600000, 0x0000000083600000| Untracked 
|  54|0x0000000083600000, 0x0000000083700000, 0x0000000083700000|100%| O|  |TAMS 0x0000000083700000, 0x0000000083700000| Untracked 
|  55|0x0000000083700000, 0x0000000083800000, 0x0000000083800000|100%| O|  |TAMS 0x0000000083800000, 0x0000000083800000| Untracked 
|  56|0x0000000083800000, 0x0000000083900000, 0x0000000083900000|100%| O|  |TAMS 0x0000000083900000, 0x0000000083900000| Untracked 
|  57|0x0000000083900000, 0x0000000083a00000, 0x0000000083a00000|100%| O|  |TAMS 0x0000000083a00000, 0x0000000083a00000| Untracked 
|  58|0x0000000083a00000, 0x0000000083b00000, 0x0000000083b00000|100%| O|  |TAMS 0x0000000083b00000, 0x0000000083b00000| Untracked 
|  59|0x0000000083b00000, 0x0000000083c00000, 0x0000000083c00000|100%| O|  |TAMS 0x0000000083c00000, 0x0000000083c00000| Untracked 
|  60|0x0000000083c00000, 0x0000000083d00000, 0x0000000083d00000|100%| O|  |TAMS 0x0000000083d00000, 0x0000000083d00000| Untracked 
|  61|0x0000000083d00000, 0x0000000083e00000, 0x0000000083e00000|100%| O|  |TAMS 0x0000000083e00000, 0x0000000083e00000| Untracked 
|  62|0x0000000083e00000, 0x0000000083f00000, 0x0000000083f00000|100%| O|  |TAMS 0x0000000083f00000, 0x0000000083f00000| Untracked 
|  63|0x0000000083f00000, 0x0000000084000000, 0x0000000084000000|100%| O|  |TAMS 0x0000000084000000, 0x0000000084000000| Untracked 
|  64|0x0000000084000000, 0x0000000084100000, 0x0000000084100000|100%| O|  |TAMS 0x0000000084100000, 0x0000000084100000| Untracked 
|  65|0x0000000084100000, 0x0000000084200000, 0x0000000084200000|100%| O|  |TAMS 0x0000000084200000, 0x0000000084200000| Untracked 
|  66|0x0000000084200000, 0x0000000084300000, 0x0000000084300000|100%| O|  |TAMS 0x0000000084300000, 0x0000000084300000| Untracked 
|  67|0x0000000084300000, 0x0000000084400000, 0x0000000084400000|100%| O|  |TAMS 0x0000000084400000, 0x0000000084400000| Untracked 
|  68|0x0000000084400000, 0x0000000084500000, 0x0000000084500000|100%| O|  |TAMS 0x0000000084500000, 0x0000000084500000| Untracked 
|  69|0x0000000084500000, 0x0000000084600000, 0x0000000084600000|100%| O|  |TAMS 0x0000000084600000, 0x0000000084600000| Untracked 
|  70|0x0000000084600000, 0x0000000084700000, 0x0000000084700000|100%| O|  |TAMS 0x0000000084700000, 0x0000000084700000| Untracked 
|  71|0x0000000084700000, 0x0000000084800000, 0x0000000084800000|100%| O|  |TAMS 0x0000000084800000, 0x0000000084800000| Untracked 
|  72|0x0000000084800000, 0x0000000084900000, 0x0000000084900000|100%| O|  |TAMS 0x0000000084900000, 0x0000000084900000| Untracked 
|  73|0x0000000084900000, 0x0000000084a00000, 0x0000000084a00000|100%| O|  |TAMS 0x0000000084a00000, 0x0000000084a00000| Untracked 
|  74|0x0000000084a00000, 0x0000000084b00000, 0x0000000084b00000|100%| O|  |TAMS 0x0000000084b00000, 0x0000000084b00000| Untracked 
|  75|0x0000000084b00000, 0x0000000084c00000, 0x0000000084c00000|100%| O|  |TAMS 0x0000000084c00000, 0x0000000084c00000| Untracked 
|  76|0x0000000084c00000, 0x0000000084d00000, 0x0000000084d00000|100%|HS|  |TAMS 0x0000000084d00000, 0x0000000084d00000| Complete 
|  77|0x0000000084d00000, 0x0000000084e00000, 0x0000000084e00000|100%|HC|  |TAMS 0x0000000084e00000, 0x0000000084e00000| Complete 
|  78|0x0000000084e00000, 0x0000000084f00000, 0x0000000084f00000|100%|HS|  |TAMS 0x0000000084f00000, 0x0000000084f00000| Complete 
|  79|0x0000000084f00000, 0x0000000085000000, 0x0000000085000000|100%|HS|  |TAMS 0x0000000085000000, 0x0000000085000000| Complete 
|  80|0x0000000085000000, 0x0000000085100000, 0x0000000085100000|100%|HS|  |TAMS 0x0000000085100000, 0x0000000085100000| Complete 
|  81|0x0000000085100000, 0x0000000085200000, 0x0000000085200000|100%|HC|  |TAMS 0x0000000085200000, 0x0000000085200000| Complete 
|  82|0x0000000085200000, 0x0000000085300000, 0x0000000085300000|100%|HS|  |TAMS 0x0000000085300000, 0x0000000085300000| Complete 
|  83|0x0000000085300000, 0x0000000085400000, 0x0000000085400000|100%|HC|  |TAMS 0x0000000085400000, 0x0000000085400000| Complete 
|  84|0x0000000085400000, 0x0000000085500000, 0x0000000085500000|100%|HS|  |TAMS 0x0000000085500000, 0x0000000085500000| Complete 
|  85|0x0000000085500000, 0x0000000085600000, 0x0000000085600000|100%|HC|  |TAMS 0x0000000085600000, 0x0000000085600000| Complete 
|  86|0x0000000085600000, 0x0000000085700000, 0x0000000085700000|100%|HC|  |TAMS 0x0000000085700000, 0x0000000085700000| Complete 
|  87|0x0000000085700000, 0x0000000085800000, 0x0000000085800000|100%|HS|  |TAMS 0x0000000085700000, 0x0000000085800000| Complete 
|  88|0x0000000085800000, 0x0000000085900000, 0x0000000085900000|100%|HS|  |TAMS 0x0000000085800000, 0x0000000085900000| Complete 
|  89|0x0000000085900000, 0x0000000085a00000, 0x0000000085a00000|100%| O|  |TAMS 0x0000000085a00000, 0x0000000085a00000| Untracked 
|  90|0x0000000085a00000, 0x0000000085b00000, 0x0000000085b00000|100%|HS|  |TAMS 0x0000000085b00000, 0x0000000085b00000| Complete 
|  91|0x0000000085b00000, 0x0000000085c00000, 0x0000000085c00000|100%|HC|  |TAMS 0x0000000085c00000, 0x0000000085c00000| Complete 
|  92|0x0000000085c00000, 0x0000000085d00000, 0x0000000085d00000|100%| O|  |TAMS 0x0000000085d00000, 0x0000000085d00000| Untracked 
|  93|0x0000000085d00000, 0x0000000085e00000, 0x0000000085e00000|100%|HS|  |TAMS 0x0000000085e00000, 0x0000000085e00000| Complete 
|  94|0x0000000085e00000, 0x0000000085f00000, 0x0000000085f00000|100%| O|  |TAMS 0x0000000085f00000, 0x0000000085f00000| Untracked 
|  95|0x0000000085f00000, 0x0000000086000000, 0x0000000086000000|100%|HS|  |TAMS 0x0000000086000000, 0x0000000086000000| Complete 
|  96|0x0000000086000000, 0x0000000086100000, 0x0000000086100000|100%| O|  |TAMS 0x0000000086000000, 0x0000000086100000| Untracked 
|  97|0x0000000086100000, 0x0000000086200000, 0x0000000086200000|100%| O|  |TAMS 0x0000000086100000, 0x0000000086200000| Untracked 
|  98|0x0000000086200000, 0x0000000086300000, 0x0000000086300000|100%| O|  |TAMS 0x0000000086200000, 0x0000000086300000| Untracked 
|  99|0x0000000086300000, 0x0000000086400000, 0x0000000086400000|100%|HS|  |TAMS 0x0000000086400000, 0x0000000086400000| Complete 
| 100|0x0000000086400000, 0x0000000086500000, 0x0000000086500000|100%|HC|  |TAMS 0x0000000086500000, 0x0000000086500000| Complete 
| 101|0x0000000086500000, 0x0000000086600000, 0x0000000086600000|100%|HS|  |TAMS 0x0000000086600000, 0x0000000086600000| Complete 
| 102|0x0000000086600000, 0x0000000086700000, 0x0000000086700000|100%|HC|  |TAMS 0x0000000086700000, 0x0000000086700000| Complete 
| 103|0x0000000086700000, 0x0000000086800000, 0x0000000086800000|100%|HC|  |TAMS 0x0000000086800000, 0x0000000086800000| Complete 
| 104|0x0000000086800000, 0x0000000086900000, 0x0000000086900000|100%|HS|  |TAMS 0x0000000086900000, 0x0000000086900000| Complete 
| 105|0x0000000086900000, 0x0000000086a00000, 0x0000000086a00000|100%|HC|  |TAMS 0x0000000086a00000, 0x0000000086a00000| Complete 
| 106|0x0000000086a00000, 0x0000000086b00000, 0x0000000086b00000|100%| O|  |TAMS 0x0000000086a00000, 0x0000000086b00000| Untracked 
| 107|0x0000000086b00000, 0x0000000086c00000, 0x0000000086c00000|100%| O|  |TAMS 0x0000000086c00000, 0x0000000086c00000| Untracked 
| 108|0x0000000086c00000, 0x0000000086d00000, 0x0000000086d00000|100%| O|  |TAMS 0x0000000086d00000, 0x0000000086d00000| Untracked 
| 109|0x0000000086d00000, 0x0000000086e00000, 0x0000000086e00000|100%| O|  |TAMS 0x0000000086e00000, 0x0000000086e00000| Untracked 
| 110|0x0000000086e00000, 0x0000000086f00000, 0x0000000086f00000|100%| O|  |TAMS 0x0000000086f00000, 0x0000000086f00000| Untracked 
| 111|0x0000000086f00000, 0x0000000087000000, 0x0000000087000000|100%| O|  |TAMS 0x0000000087000000, 0x0000000087000000| Untracked 
| 112|0x0000000087000000, 0x0000000087100000, 0x0000000087100000|100%| O|  |TAMS 0x0000000087100000, 0x0000000087100000| Untracked 
| 113|0x0000000087100000, 0x0000000087200000, 0x0000000087200000|100%| O|  |TAMS 0x0000000087200000, 0x0000000087200000| Untracked 
| 114|0x0000000087200000, 0x0000000087300000, 0x0000000087300000|100%| O|  |TAMS 0x0000000087300000, 0x0000000087300000| Untracked 
| 115|0x0000000087300000, 0x0000000087400000, 0x0000000087400000|100%| O|  |TAMS 0x0000000087400000, 0x0000000087400000| Untracked 
| 116|0x0000000087400000, 0x0000000087500000, 0x0000000087500000|100%| O|  |TAMS 0x0000000087500000, 0x0000000087500000| Untracked 
| 117|0x0000000087500000, 0x0000000087600000, 0x0000000087600000|100%| O|  |TAMS 0x0000000087600000, 0x0000000087600000| Untracked 
| 118|0x0000000087600000, 0x0000000087700000, 0x0000000087700000|100%| O|  |TAMS 0x0000000087700000, 0x0000000087700000| Untracked 
| 119|0x0000000087700000, 0x0000000087800000, 0x0000000087800000|100%| O|  |TAMS 0x0000000087800000, 0x0000000087800000| Untracked 
| 120|0x0000000087800000, 0x0000000087900000, 0x0000000087900000|100%| O|  |TAMS 0x0000000087900000, 0x0000000087900000| Untracked 
| 121|0x0000000087900000, 0x0000000087a00000, 0x0000000087a00000|100%| O|  |TAMS 0x0000000087a00000, 0x0000000087a00000| Untracked 
| 122|0x0000000087a00000, 0x0000000087b00000, 0x0000000087b00000|100%| O|  |TAMS 0x0000000087b00000, 0x0000000087b00000| Untracked 
| 123|0x0000000087b00000, 0x0000000087c00000, 0x0000000087c00000|100%| O|  |TAMS 0x0000000087bace00, 0x0000000087c00000| Untracked 
| 124|0x0000000087c00000, 0x0000000087d00000, 0x0000000087d00000|100%| O|  |TAMS 0x0000000087c00000, 0x0000000087d00000| Untracked 
| 125|0x0000000087d00000, 0x0000000087e00000, 0x0000000087e00000|100%| O|  |TAMS 0x0000000087d00000, 0x0000000087e00000| Untracked 
| 126|0x0000000087e00000, 0x0000000087f00000, 0x0000000087f00000|100%| O|  |TAMS 0x0000000087e00000, 0x0000000087f00000| Untracked 
| 127|0x0000000087f00000, 0x0000000088000000, 0x0000000088000000|100%| O|  |TAMS 0x0000000087f00000, 0x0000000088000000| Untracked 
| 128|0x0000000088000000, 0x0000000088100000, 0x0000000088100000|100%| O|  |TAMS 0x0000000088000000, 0x0000000088100000| Untracked 
| 129|0x0000000088100000, 0x0000000088200000, 0x0000000088200000|100%| O|  |TAMS 0x0000000088100000, 0x0000000088200000| Untracked 
| 130|0x0000000088200000, 0x0000000088300000, 0x0000000088300000|100%| O|  |TAMS 0x0000000088200000, 0x0000000088300000| Untracked 
| 131|0x0000000088300000, 0x0000000088400000, 0x0000000088400000|100%| O|  |TAMS 0x0000000088300000, 0x0000000088400000| Untracked 
| 132|0x0000000088400000, 0x0000000088500000, 0x0000000088500000|100%| O|  |TAMS 0x0000000088400000, 0x0000000088500000| Untracked 
| 133|0x0000000088500000, 0x0000000088600000, 0x0000000088600000|100%| O|  |TAMS 0x0000000088500000, 0x0000000088600000| Untracked 
| 134|0x0000000088600000, 0x0000000088700000, 0x0000000088700000|100%| O|  |TAMS 0x0000000088600000, 0x0000000088700000| Untracked 
| 135|0x0000000088700000, 0x0000000088800000, 0x0000000088800000|100%| O|  |TAMS 0x0000000088700000, 0x0000000088800000| Untracked 
| 136|0x0000000088800000, 0x0000000088900000, 0x0000000088900000|100%| O|  |TAMS 0x0000000088800000, 0x0000000088900000| Untracked 
| 137|0x0000000088900000, 0x0000000088a00000, 0x0000000088a00000|100%| O|  |TAMS 0x0000000088900000, 0x0000000088a00000| Untracked 
| 138|0x0000000088a00000, 0x0000000088b00000, 0x0000000088b00000|100%| O|  |TAMS 0x0000000088a00000, 0x0000000088b00000| Untracked 
| 139|0x0000000088b00000, 0x0000000088c00000, 0x0000000088c00000|100%| O|  |TAMS 0x0000000088b00000, 0x0000000088c00000| Untracked 
| 140|0x0000000088c00000, 0x0000000088d00000, 0x0000000088d00000|100%| O|  |TAMS 0x0000000088c00000, 0x0000000088d00000| Untracked 
| 141|0x0000000088d00000, 0x0000000088e00000, 0x0000000088e00000|100%| O|  |TAMS 0x0000000088d00000, 0x0000000088e00000| Untracked 
| 142|0x0000000088e00000, 0x0000000088f00000, 0x0000000088f00000|100%| O|  |TAMS 0x0000000088e00000, 0x0000000088f00000| Untracked 
| 143|0x0000000088f00000, 0x0000000089000000, 0x0000000089000000|100%| O|  |TAMS 0x0000000088f00000, 0x0000000089000000| Untracked 
| 144|0x0000000089000000, 0x0000000089100000, 0x0000000089100000|100%| O|  |TAMS 0x0000000089000000, 0x0000000089100000| Untracked 
| 145|0x0000000089100000, 0x0000000089200000, 0x0000000089200000|100%| O|  |TAMS 0x0000000089100000, 0x0000000089200000| Untracked 
| 146|0x0000000089200000, 0x0000000089300000, 0x0000000089300000|100%| O|  |TAMS 0x0000000089200000, 0x0000000089300000| Untracked 
| 147|0x0000000089300000, 0x0000000089400000, 0x0000000089400000|100%| O|  |TAMS 0x0000000089300000, 0x0000000089400000| Untracked 
| 148|0x0000000089400000, 0x0000000089500000, 0x0000000089500000|100%| O|  |TAMS 0x0000000089400000, 0x0000000089500000| Untracked 
| 149|0x0000000089500000, 0x0000000089600000, 0x0000000089600000|100%| O|  |TAMS 0x0000000089500000, 0x0000000089600000| Untracked 
| 150|0x0000000089600000, 0x0000000089700000, 0x0000000089700000|100%| O|  |TAMS 0x0000000089600000, 0x0000000089700000| Untracked 
| 151|0x0000000089700000, 0x0000000089800000, 0x0000000089800000|100%| O|  |TAMS 0x0000000089700000, 0x0000000089800000| Untracked 
| 152|0x0000000089800000, 0x0000000089900000, 0x0000000089900000|100%| O|  |TAMS 0x0000000089800000, 0x0000000089900000| Untracked 
| 153|0x0000000089900000, 0x0000000089a00000, 0x0000000089a00000|100%| O|  |TAMS 0x0000000089900000, 0x0000000089a00000| Untracked 
| 154|0x0000000089a00000, 0x0000000089b00000, 0x0000000089b00000|100%| O|  |TAMS 0x0000000089a00000, 0x0000000089b00000| Untracked 
| 155|0x0000000089b00000, 0x0000000089c00000, 0x0000000089c00000|100%| O|  |TAMS 0x0000000089b00000, 0x0000000089c00000| Untracked 
| 156|0x0000000089c00000, 0x0000000089d00000, 0x0000000089d00000|100%| O|  |TAMS 0x0000000089c00000, 0x0000000089d00000| Untracked 
| 157|0x0000000089d00000, 0x0000000089e00000, 0x0000000089e00000|100%| O|  |TAMS 0x0000000089d00000, 0x0000000089e00000| Untracked 
| 158|0x0000000089e00000, 0x0000000089f00000, 0x0000000089f00000|100%| O|  |TAMS 0x0000000089e00000, 0x0000000089f00000| Untracked 
| 159|0x0000000089f00000, 0x000000008a000000, 0x000000008a000000|100%| O|  |TAMS 0x0000000089f00000, 0x000000008a000000| Untracked 
| 160|0x000000008a000000, 0x000000008a100000, 0x000000008a100000|100%| O|  |TAMS 0x000000008a000000, 0x000000008a100000| Untracked 
| 161|0x000000008a100000, 0x000000008a200000, 0x000000008a200000|100%| O|  |TAMS 0x000000008a100000, 0x000000008a200000| Untracked 
| 162|0x000000008a200000, 0x000000008a300000, 0x000000008a300000|100%| O|  |TAMS 0x000000008a200000, 0x000000008a300000| Untracked 
| 163|0x000000008a300000, 0x000000008a400000, 0x000000008a400000|100%| O|  |TAMS 0x000000008a300000, 0x000000008a400000| Untracked 
| 164|0x000000008a400000, 0x000000008a400000, 0x000000008a500000|  0%| F|  |TAMS 0x000000008a400000, 0x000000008a400000| Untracked 
| 165|0x000000008a500000, 0x000000008a500000, 0x000000008a600000|  0%| F|  |TAMS 0x000000008a500000, 0x000000008a500000| Untracked 
| 166|0x000000008a600000, 0x000000008a600000, 0x000000008a700000|  0%| F|  |TAMS 0x000000008a600000, 0x000000008a600000| Untracked 
| 167|0x000000008a700000, 0x000000008a700000, 0x000000008a800000|  0%| F|  |TAMS 0x000000008a700000, 0x000000008a700000| Untracked 
| 168|0x000000008a800000, 0x000000008a800000, 0x000000008a900000|  0%| F|  |TAMS 0x000000008a800000, 0x000000008a800000| Untracked 
| 169|0x000000008a900000, 0x000000008a900000, 0x000000008aa00000|  0%| F|  |TAMS 0x000000008a900000, 0x000000008a900000| Untracked 
| 170|0x000000008aa00000, 0x000000008aa00000, 0x000000008ab00000|  0%| F|  |TAMS 0x000000008aa00000, 0x000000008aa00000| Untracked 
| 171|0x000000008ab00000, 0x000000008ab00000, 0x000000008ac00000|  0%| F|  |TAMS 0x000000008ab00000, 0x000000008ab00000| Untracked 
| 172|0x000000008ac00000, 0x000000008ac00000, 0x000000008ad00000|  0%| F|  |TAMS 0x000000008ac00000, 0x000000008ac00000| Untracked 
| 173|0x000000008ad00000, 0x000000008ae00000, 0x000000008ae00000|100%| O|  |TAMS 0x000000008ad00000, 0x000000008ae00000| Untracked 
| 174|0x000000008ae00000, 0x000000008ae00000, 0x000000008af00000|  0%| F|  |TAMS 0x000000008ae00000, 0x000000008ae00000| Untracked 
| 175|0x000000008af00000, 0x000000008af00000, 0x000000008b000000|  0%| F|  |TAMS 0x000000008af00000, 0x000000008af00000| Untracked 
| 176|0x000000008b000000, 0x000000008b000000, 0x000000008b100000|  0%| F|  |TAMS 0x000000008b000000, 0x000000008b000000| Untracked 
| 177|0x000000008b100000, 0x000000008b100000, 0x000000008b200000|  0%| F|  |TAMS 0x000000008b100000, 0x000000008b100000| Untracked 
| 178|0x000000008b200000, 0x000000008b200000, 0x000000008b300000|  0%| F|  |TAMS 0x000000008b200000, 0x000000008b200000| Untracked 
| 179|0x000000008b300000, 0x000000008b300000, 0x000000008b400000|  0%| F|  |TAMS 0x000000008b300000, 0x000000008b300000| Untracked 
| 180|0x000000008b400000, 0x000000008b400000, 0x000000008b500000|  0%| F|  |TAMS 0x000000008b400000, 0x000000008b400000| Untracked 
| 181|0x000000008b500000, 0x000000008b500000, 0x000000008b600000|  0%| F|  |TAMS 0x000000008b500000, 0x000000008b500000| Untracked 
| 182|0x000000008b600000, 0x000000008b600000, 0x000000008b700000|  0%| F|  |TAMS 0x000000008b600000, 0x000000008b600000| Untracked 
| 183|0x000000008b700000, 0x000000008b700000, 0x000000008b800000|  0%| F|  |TAMS 0x000000008b700000, 0x000000008b700000| Untracked 
| 184|0x000000008b800000, 0x000000008b800000, 0x000000008b900000|  0%| F|  |TAMS 0x000000008b800000, 0x000000008b800000| Untracked 
| 185|0x000000008b900000, 0x000000008b900000, 0x000000008ba00000|  0%| F|  |TAMS 0x000000008b900000, 0x000000008b900000| Untracked 
| 186|0x000000008ba00000, 0x000000008ba00000, 0x000000008bb00000|  0%| F|  |TAMS 0x000000008ba00000, 0x000000008ba00000| Untracked 
| 187|0x000000008bb00000, 0x000000008bb00000, 0x000000008bc00000|  0%| F|  |TAMS 0x000000008bb00000, 0x000000008bb00000| Untracked 
| 188|0x000000008bc00000, 0x000000008bc00000, 0x000000008bd00000|  0%| F|  |TAMS 0x000000008bc00000, 0x000000008bc00000| Untracked 
| 189|0x000000008bd00000, 0x000000008bd00000, 0x000000008be00000|  0%| F|  |TAMS 0x000000008bd00000, 0x000000008bd00000| Untracked 
| 190|0x000000008be00000, 0x000000008be00000, 0x000000008bf00000|  0%| F|  |TAMS 0x000000008be00000, 0x000000008be00000| Untracked 
| 191|0x000000008bf00000, 0x000000008bf00000, 0x000000008c000000|  0%| F|  |TAMS 0x000000008bf00000, 0x000000008bf00000| Untracked 
| 192|0x000000008c000000, 0x000000008c000000, 0x000000008c100000|  0%| F|  |TAMS 0x000000008c000000, 0x000000008c000000| Untracked 
| 193|0x000000008c100000, 0x000000008c100000, 0x000000008c200000|  0%| F|  |TAMS 0x000000008c100000, 0x000000008c100000| Untracked 
| 194|0x000000008c200000, 0x000000008c200000, 0x000000008c300000|  0%| F|  |TAMS 0x000000008c200000, 0x000000008c200000| Untracked 
| 195|0x000000008c300000, 0x000000008c300000, 0x000000008c400000|  0%| F|  |TAMS 0x000000008c300000, 0x000000008c300000| Untracked 
| 196|0x000000008c400000, 0x000000008c400000, 0x000000008c500000|  0%| F|  |TAMS 0x000000008c400000, 0x000000008c400000| Untracked 
| 197|0x000000008c500000, 0x000000008c500000, 0x000000008c600000|  0%| F|  |TAMS 0x000000008c500000, 0x000000008c500000| Untracked 
| 198|0x000000008c600000, 0x000000008c600000, 0x000000008c700000|  0%| F|  |TAMS 0x000000008c600000, 0x000000008c600000| Untracked 
| 199|0x000000008c700000, 0x000000008c700000, 0x000000008c800000|  0%| F|  |TAMS 0x000000008c700000, 0x000000008c700000| Untracked 
| 200|0x000000008c800000, 0x000000008c900000, 0x000000008c900000|100%| S|CS|TAMS 0x000000008c800000, 0x000000008c800000| Complete 
| 201|0x000000008c900000, 0x000000008ca00000, 0x000000008ca00000|100%| S|CS|TAMS 0x000000008c900000, 0x000000008c900000| Complete 
| 202|0x000000008ca00000, 0x000000008cb00000, 0x000000008cb00000|100%| S|CS|TAMS 0x000000008ca00000, 0x000000008ca00000| Complete 
| 203|0x000000008cb00000, 0x000000008cc00000, 0x000000008cc00000|100%| S|CS|TAMS 0x000000008cb00000, 0x000000008cb00000| Complete 
| 204|0x000000008cc00000, 0x000000008cd00000, 0x000000008cd00000|100%| S|CS|TAMS 0x000000008cc00000, 0x000000008cc00000| Complete 
| 205|0x000000008cd00000, 0x000000008ce00000, 0x000000008ce00000|100%| S|CS|TAMS 0x000000008cd00000, 0x000000008cd00000| Complete 
| 206|0x000000008ce00000, 0x000000008ce00000, 0x000000008cf00000|  0%| F|  |TAMS 0x000000008ce00000, 0x000000008ce00000| Untracked 
| 207|0x000000008cf00000, 0x000000008cf00000, 0x000000008d000000|  0%| F|  |TAMS 0x000000008cf00000, 0x000000008cf00000| Untracked 
| 208|0x000000008d000000, 0x000000008d000000, 0x000000008d100000|  0%| F|  |TAMS 0x000000008d000000, 0x000000008d000000| Untracked 
| 209|0x000000008d100000, 0x000000008d100000, 0x000000008d200000|  0%| F|  |TAMS 0x000000008d100000, 0x000000008d100000| Untracked 
| 210|0x000000008d200000, 0x000000008d200000, 0x000000008d300000|  0%| F|  |TAMS 0x000000008d200000, 0x000000008d200000| Untracked 
| 211|0x000000008d300000, 0x000000008d300000, 0x000000008d400000|  0%| F|  |TAMS 0x000000008d300000, 0x000000008d300000| Untracked 
| 212|0x000000008d400000, 0x000000008d400000, 0x000000008d500000|  0%| F|  |TAMS 0x000000008d400000, 0x000000008d400000| Untracked 
| 213|0x000000008d500000, 0x000000008d500000, 0x000000008d600000|  0%| F|  |TAMS 0x000000008d500000, 0x000000008d500000| Untracked 
| 214|0x000000008d600000, 0x000000008d600000, 0x000000008d700000|  0%| F|  |TAMS 0x000000008d600000, 0x000000008d600000| Untracked 
| 215|0x000000008d700000, 0x000000008d700000, 0x000000008d800000|  0%| F|  |TAMS 0x000000008d700000, 0x000000008d700000| Untracked 
| 216|0x000000008d800000, 0x000000008d800000, 0x000000008d900000|  0%| F|  |TAMS 0x000000008d800000, 0x000000008d800000| Untracked 
| 217|0x000000008d900000, 0x000000008d900000, 0x000000008da00000|  0%| F|  |TAMS 0x000000008d900000, 0x000000008d900000| Untracked 
| 218|0x000000008da00000, 0x000000008da00000, 0x000000008db00000|  0%| F|  |TAMS 0x000000008da00000, 0x000000008da00000| Untracked 
| 219|0x000000008db00000, 0x000000008db00000, 0x000000008dc00000|  0%| F|  |TAMS 0x000000008db00000, 0x000000008db00000| Untracked 
| 220|0x000000008dc00000, 0x000000008dc00000, 0x000000008dd00000|  0%| F|  |TAMS 0x000000008dc00000, 0x000000008dc00000| Untracked 
| 221|0x000000008dd00000, 0x000000008dd00000, 0x000000008de00000|  0%| F|  |TAMS 0x000000008dd00000, 0x000000008dd00000| Untracked 
| 222|0x000000008de00000, 0x000000008de00000, 0x000000008df00000|  0%| F|  |TAMS 0x000000008de00000, 0x000000008de00000| Untracked 
| 223|0x000000008df00000, 0x000000008df00000, 0x000000008e000000|  0%| F|  |TAMS 0x000000008df00000, 0x000000008df00000| Untracked 
| 224|0x000000008e000000, 0x000000008e000000, 0x000000008e100000|  0%| F|  |TAMS 0x000000008e000000, 0x000000008e000000| Untracked 
| 225|0x000000008e100000, 0x000000008e100000, 0x000000008e200000|  0%| F|  |TAMS 0x000000008e100000, 0x000000008e100000| Untracked 
| 226|0x000000008e200000, 0x000000008e200000, 0x000000008e300000|  0%| F|  |TAMS 0x000000008e200000, 0x000000008e200000| Untracked 
| 227|0x000000008e300000, 0x000000008e300000, 0x000000008e400000|  0%| F|  |TAMS 0x000000008e300000, 0x000000008e300000| Untracked 
| 228|0x000000008e400000, 0x000000008e400000, 0x000000008e500000|  0%| F|  |TAMS 0x000000008e400000, 0x000000008e400000| Untracked 
| 229|0x000000008e500000, 0x000000008e500000, 0x000000008e600000|  0%| F|  |TAMS 0x000000008e500000, 0x000000008e500000| Untracked 
| 230|0x000000008e600000, 0x000000008e600000, 0x000000008e700000|  0%| F|  |TAMS 0x000000008e600000, 0x000000008e600000| Untracked 
| 231|0x000000008e700000, 0x000000008e700000, 0x000000008e800000|  0%| F|  |TAMS 0x000000008e700000, 0x000000008e700000| Untracked 
| 232|0x000000008e800000, 0x000000008e800000, 0x000000008e900000|  0%| F|  |TAMS 0x000000008e800000, 0x000000008e800000| Untracked 
| 233|0x000000008e900000, 0x000000008e900000, 0x000000008ea00000|  0%| F|  |TAMS 0x000000008e900000, 0x000000008e900000| Untracked 
| 234|0x000000008ea00000, 0x000000008ea00000, 0x000000008eb00000|  0%| F|  |TAMS 0x000000008ea00000, 0x000000008ea00000| Untracked 
| 235|0x000000008eb00000, 0x000000008eb00000, 0x000000008ec00000|  0%| F|  |TAMS 0x000000008eb00000, 0x000000008eb00000| Untracked 
| 236|0x000000008ec00000, 0x000000008ec00000, 0x000000008ed00000|  0%| F|  |TAMS 0x000000008ec00000, 0x000000008ec00000| Untracked 
| 237|0x000000008ed00000, 0x000000008ed00000, 0x000000008ee00000|  0%| F|  |TAMS 0x000000008ed00000, 0x000000008ed00000| Untracked 
| 238|0x000000008ee00000, 0x000000008ee00000, 0x000000008ef00000|  0%| F|  |TAMS 0x000000008ee00000, 0x000000008ee00000| Untracked 
| 239|0x000000008ef00000, 0x000000008ef00000, 0x000000008f000000|  0%| F|  |TAMS 0x000000008ef00000, 0x000000008ef00000| Untracked 

Card table byte_map: [0x000001d554810000,0x000001d554c10000] _byte_map_base: 0x000001d554410000

Marking Bits (Prev, Next): (CMBitMap*) 0x000001d541924b48, (CMBitMap*) 0x000001d541924b80
 Prev Bits: [0x000001d555010000, 0x000001d557010000)
 Next Bits: [0x000001d557010000, 0x000001d559010000)

Polling page: 0x000001d53f8f0000

Metaspace:

Usage:
  Non-class:     84.75 MB capacity,    83.10 MB ( 98%) used,     1.34 MB (  2%) free+waste,   311.44 KB ( <1%) overhead. 
      Class:     13.46 MB capacity,    12.47 MB ( 93%) used,   867.76 KB (  6%) free+waste,   140.56 KB (  1%) overhead. 
       Both:     98.21 MB capacity,    95.58 MB ( 97%) used,     2.19 MB (  2%) free+waste,   452.00 KB ( <1%) overhead. 

Virtual space:
  Non-class space:       86.00 MB reserved,      84.92 MB ( 99%) committed 
      Class space:        1.00 GB reserved,      13.52 MB (  1%) committed 
             Both:        1.08 GB reserved,      98.45 MB (  9%) committed 

Chunk freelists:
   Non-Class:  51.00 KB
       Class:  10.00 KB
        Both:  61.00 KB

MaxMetaspaceSize: 17179869184.00 GB
CompressedClassSpaceSize: 1.00 GB
Initial GC threshold: 20.80 MB
Current GC threshold: 162.20 MB
CDS: off

CodeHeap 'non-profiled nmethods': size=120064Kb used=7616Kb max_used=7616Kb free=112447Kb
 bounds [0x000001d54ced0000, 0x000001d54d650000, 0x000001d554410000]
CodeHeap 'profiled nmethods': size=120000Kb used=26606Kb max_used=26606Kb free=93393Kb
 bounds [0x000001d5459a0000, 0x000001d5473a0000, 0x000001d54ced0000]
CodeHeap 'non-nmethods': size=5696Kb used=2417Kb max_used=2458Kb free=3278Kb
 bounds [0x000001d545410000, 0x000001d545680000, 0x000001d5459a0000]
 total_blobs=12988 nmethods=12044 adapters=855
 compilation: enabled
              stopped_count=0, restarted_count=0
 full_count=0

Compilation events (20 events):
Event: 18.908 Thread 0x000001d55b52a000 12126       2       com.android.tools.r8.dex.code.d::<init> (7 bytes)
Event: 18.908 Thread 0x000001d55b52a000 nmethod 12126 0x000001d547398490 code [0x000001d547398660, 0x000001d547398898]
Event: 18.911 Thread 0x000001d55b52a000 12127       2       com.android.tools.r8.dex.code.F3::<init> (85 bytes)
Event: 18.912 Thread 0x000001d55b52a000 nmethod 12127 0x000001d547398a90 code [0x000001d547398cc0, 0x000001d5473993e8]
Event: 18.914 Thread 0x000001d55b52a000 12128       2       com.android.tools.r8.dex.code.i0::<init> (7 bytes)
Event: 18.914 Thread 0x000001d55b52a000 nmethod 12128 0x000001d547399910 code [0x000001d547399ae0, 0x000001d547399d18]
Event: 18.918 Thread 0x000001d55b52a000 12129       2       com.android.tools.r8.dex.code.r::<init> (7 bytes)
Event: 18.919 Thread 0x000001d55b52a000 nmethod 12129 0x000001d547399f10 code [0x000001d54739a0c0, 0x000001d54739a218]
Event: 18.919 Thread 0x000001d55b52a000 12130       2       com.android.tools.r8.dex.code.J0::hashCode (28 bytes)
Event: 18.919 Thread 0x000001d55b52a000 nmethod 12130 0x000001d54739a310 code [0x000001d54739a4c0, 0x000001d54739a608]
Event: 18.927 Thread 0x000001d55b52a000 12131       2       com.android.tools.r8.dex.code.J0::<init> (34 bytes)
Event: 18.927 Thread 0x000001d55b52a000 nmethod 12131 0x000001d54739a690 code [0x000001d54739a860, 0x000001d54739aa28]
Event: 18.935 Thread 0x000001d55b52a000 12134       2       com.android.tools.r8.internal.f1::iterator (5 bytes)
Event: 18.936 Thread 0x000001d55b52a000 nmethod 12134 0x000001d54739ab90 code [0x000001d54739ad40, 0x000001d54739af28]
Event: 18.964 Thread 0x000001d55b52a000 12138       2       com.android.tools.r8.dex.code.d0::hashCode (22 bytes)
Event: 18.965 Thread 0x000001d55b52a000 nmethod 12138 0x000001d54739b010 code [0x000001d54739b1c0, 0x000001d54739b308]
Event: 18.973 Thread 0x000001d55b52a000 12139       2       com.android.tools.r8.dex.code.a::<init> (7 bytes)
Event: 18.974 Thread 0x000001d55b52a000 nmethod 12139 0x000001d54739b390 code [0x000001d54739b540, 0x000001d54739b698]
Event: 18.977 Thread 0x000001d55b52a000 12140       2       com.android.tools.r8.dex.code.p0::<init> (7 bytes)
Event: 18.977 Thread 0x000001d55b52a000 nmethod 12140 0x000001d54739b790 code [0x000001d54739b940, 0x000001d54739ba98]

GC Heap History (20 events):
Event: 9.747 GC heap after
{Heap after GC invocations=14 (full 0):
 garbage-first heap   total 204800K, used 53270K [0x0000000080000000, 0x0000000100000000)
  region size 1024K, 6 young (6144K), 6 survivors (6144K)
 Metaspace       used 66608K, capacity 68280K, committed 68424K, reserved 1107968K
  class space    used 8397K, capacity 9075K, committed 9112K, reserved 1048576K
}
Event: 9.997 GC heap before
{Heap before GC invocations=14 (full 0):
 garbage-first heap   total 204800K, used 68630K [0x0000000080000000, 0x0000000100000000)
  region size 1024K, 22 young (22528K), 6 survivors (6144K)
 Metaspace       used 68474K, capacity 70137K, committed 70216K, reserved 1110016K
  class space    used 8645K, capacity 9331K, committed 9368K, reserved 1048576K
}
Event: 10.008 GC heap after
{Heap after GC invocations=15 (full 0):
 garbage-first heap   total 204800K, used 53894K [0x0000000080000000, 0x0000000100000000)
  region size 1024K, 7 young (7168K), 7 survivors (7168K)
 Metaspace       used 68474K, capacity 70137K, committed 70216K, reserved 1110016K
  class space    used 8645K, capacity 9331K, committed 9368K, reserved 1048576K
}
Event: 11.529 GC heap before
{Heap before GC invocations=16 (full 0):
 garbage-first heap   total 204800K, used 141958K [0x0000000080000000, 0x0000000100000000)
  region size 1024K, 93 young (95232K), 7 survivors (7168K)
 Metaspace       used 77243K, capacity 79091K, committed 79176K, reserved 1118208K
  class space    used 10099K, capacity 10840K, committed 10904K, reserved 1048576K
}
Event: 11.542 GC heap after
{Heap after GC invocations=17 (full 0):
 garbage-first heap   total 204800K, used 58294K [0x0000000080000000, 0x0000000100000000)
  region size 1024K, 11 young (11264K), 11 survivors (11264K)
 Metaspace       used 77243K, capacity 79091K, committed 79176K, reserved 1118208K
  class space    used 10099K, capacity 10840K, committed 10904K, reserved 1048576K
}
Event: 12.515 GC heap before
{Heap before GC invocations=17 (full 0):
 garbage-first heap   total 204800K, used 151478K [0x0000000080000000, 0x0000000100000000)
  region size 1024K, 102 young (104448K), 11 survivors (11264K)
 Metaspace       used 81790K, capacity 83806K, committed 84040K, reserved 1122304K
  class space    used 10636K, capacity 11382K, committed 11416K, reserved 1048576K
}
Event: 12.535 GC heap after
{Heap after GC invocations=18 (full 0):
 garbage-first heap   total 204800K, used 67573K [0x0000000080000000, 0x0000000100000000)
  region size 1024K, 13 young (13312K), 13 survivors (13312K)
 Metaspace       used 81790K, capacity 83806K, committed 84040K, reserved 1122304K
  class space    used 10636K, capacity 11382K, committed 11416K, reserved 1048576K
}
Event: 13.793 GC heap before
{Heap before GC invocations=18 (full 0):
 garbage-first heap   total 204800K, used 154613K [0x0000000080000000, 0x0000000100000000)
  region size 1024K, 98 young (100352K), 13 survivors (13312K)
 Metaspace       used 85995K, capacity 88400K, committed 88520K, reserved 1126400K
  class space    used 11146K, capacity 12042K, committed 12056K, reserved 1048576K
}
Event: 13.820 GC heap after
{Heap after GC invocations=19 (full 0):
 garbage-first heap   total 204800K, used 77058K [0x0000000080000000, 0x0000000100000000)
  region size 1024K, 9 young (9216K), 9 survivors (9216K)
 Metaspace       used 85995K, capacity 88400K, committed 88520K, reserved 1126400K
  class space    used 11146K, capacity 12042K, committed 12056K, reserved 1048576K
}
Event: 15.590 GC heap before
{Heap before GC invocations=19 (full 0):
 garbage-first heap   total 204800K, used 156930K [0x0000000080000000, 0x0000000100000000)
  region size 1024K, 88 young (90112K), 9 survivors (9216K)
 Metaspace       used 87295K, capacity 89787K, committed 90056K, reserved 1126400K
  class space    used 11260K, capacity 12182K, committed 12312K, reserved 1048576K
}
Event: 15.619 GC heap after
{Heap after GC invocations=20 (full 0):
 garbage-first heap   total 245760K, used 83931K [0x0000000080000000, 0x0000000100000000)
  region size 1024K, 7 young (7168K), 7 survivors (7168K)
 Metaspace       used 87295K, capacity 89787K, committed 90056K, reserved 1126400K
  class space    used 11260K, capacity 12182K, committed 12312K, reserved 1048576K
}
Event: 16.843 GC heap before
{Heap before GC invocations=20 (full 0):
 garbage-first heap   total 245760K, used 177115K [0x0000000080000000, 0x0000000100000000)
  region size 1024K, 99 young (101376K), 7 survivors (7168K)
 Metaspace       used 90865K, capacity 93470K, committed 93640K, reserved 1130496K
  class space    used 11727K, capacity 12680K, committed 12824K, reserved 1048576K
}
Event: 16.856 GC heap after
{Heap after GC invocations=21 (full 0):
 garbage-first heap   total 245760K, used 87187K [0x0000000080000000, 0x0000000100000000)
  region size 1024K, 10 young (10240K), 10 survivors (10240K)
 Metaspace       used 90865K, capacity 93470K, committed 93640K, reserved 1130496K
  class space    used 11727K, capacity 12680K, committed 12824K, reserved 1048576K
}
Event: 17.589 GC heap before
{Heap before GC invocations=21 (full 0):
 garbage-first heap   total 245760K, used 167059K [0x0000000080000000, 0x0000000100000000)
  region size 1024K, 59 young (60416K), 10 survivors (10240K)
 Metaspace       used 95240K, capacity 97876K, committed 97992K, reserved 1134592K
  class space    used 12293K, capacity 13274K, committed 13336K, reserved 1048576K
}
Event: 17.618 GC heap after
{Heap after GC invocations=22 (full 0):
 garbage-first heap   total 245760K, used 117702K [0x0000000080000000, 0x0000000100000000)
  region size 1024K, 14 young (14336K), 14 survivors (14336K)
 Metaspace       used 95240K, capacity 97876K, committed 97992K, reserved 1134592K
  class space    used 12293K, capacity 13274K, committed 13336K, reserved 1048576K
}
Event: 18.013 GC heap before
{Heap before GC invocations=23 (full 0):
 garbage-first heap   total 245760K, used 157638K [0x0000000080000000, 0x0000000100000000)
  region size 1024K, 47 young (48128K), 14 survivors (14336K)
 Metaspace       used 95421K, capacity 98036K, committed 98248K, reserved 1134592K
  class space    used 12309K, capacity 13261K, committed 13336K, reserved 1048576K
}
Event: 18.091 GC heap after
{Heap after GC invocations=24 (full 0):
 garbage-first heap   total 245760K, used 131763K [0x0000000080000000, 0x0000000100000000)
  region size 1024K, 11 young (11264K), 11 survivors (11264K)
 Metaspace       used 95421K, capacity 98036K, committed 98248K, reserved 1134592K
  class space    used 12309K, capacity 13261K, committed 13336K, reserved 1048576K
}
Event: 18.702 GC heap before
{Heap before GC invocations=25 (full 0):
 garbage-first heap   total 245760K, used 190131K [0x0000000080000000, 0x0000000100000000)
  region size 1024K, 67 young (68608K), 11 survivors (11264K)
 Metaspace       used 97856K, capacity 100562K, committed 100808K, reserved 1136640K
  class space    used 12773K, capacity 13782K, committed 13848K, reserved 1048576K
}
Event: 18.759 GC heap after
{Heap after GC invocations=26 (full 0):
 garbage-first heap   total 245760K, used 157092K [0x0000000080000000, 0x0000000100000000)
  region size 1024K, 9 young (9216K), 9 survivors (9216K)
 Metaspace       used 97856K, capacity 100562K, committed 100808K, reserved 1136640K
  class space    used 12773K, capacity 13782K, committed 13848K, reserved 1048576K
}
Event: 18.981 GC heap before
{Heap before GC invocations=26 (full 0):
 garbage-first heap   total 245760K, used 191908K [0x0000000080000000, 0x0000000100000000)
  region size 1024K, 43 young (44032K), 9 survivors (9216K)
 Metaspace       used 97870K, capacity 100563K, committed 100808K, reserved 1136640K
  class space    used 12773K, capacity 13782K, committed 13848K, reserved 1048576K
}

Deoptimization events (20 events):
Event: 18.942 Thread 0x000001d562ce7000 DEOPT PACKING pc=0x000001d547284fb4 sp=0x00000085b74fee40
Event: 18.942 Thread 0x000001d562ce7000 DEOPT UNPACKING pc=0x000001d54545a95e sp=0x00000085b74fe480 mode 0
Event: 18.945 Thread 0x000001d562ce5800 DEOPT PACKING pc=0x000001d547284fb4 sp=0x00000085b72fed40
Event: 18.946 Thread 0x000001d562ce5800 DEOPT UNPACKING pc=0x000001d54545a95e sp=0x00000085b72fe380 mode 0
Event: 18.954 Thread 0x000001d562ce5800 DEOPT PACKING pc=0x000001d547284fb4 sp=0x00000085b72fed60
Event: 18.954 Thread 0x000001d562ce5800 DEOPT UNPACKING pc=0x000001d54545a95e sp=0x00000085b72fe3a0 mode 0
Event: 18.961 Thread 0x000001d562ce7000 DEOPT PACKING pc=0x000001d547284fb4 sp=0x00000085b74fee60
Event: 18.961 Thread 0x000001d562ce7000 DEOPT UNPACKING pc=0x000001d54545a95e sp=0x00000085b74fe4a0 mode 0
Event: 18.966 Thread 0x000001d562ce7000 DEOPT PACKING pc=0x000001d547284fb4 sp=0x00000085b74fee40
Event: 18.966 Thread 0x000001d562ce7000 DEOPT UNPACKING pc=0x000001d54545a95e sp=0x00000085b74fe480 mode 0
Event: 18.967 Thread 0x000001d562ce7000 DEOPT PACKING pc=0x000001d547284fb4 sp=0x00000085b74fee40
Event: 18.967 Thread 0x000001d562ce7000 DEOPT UNPACKING pc=0x000001d54545a95e sp=0x00000085b74fe480 mode 0
Event: 18.970 Thread 0x000001d562ce7000 DEOPT PACKING pc=0x000001d547284fb4 sp=0x00000085b74fee60
Event: 18.970 Thread 0x000001d562ce7000 DEOPT UNPACKING pc=0x000001d54545a95e sp=0x00000085b74fe4a0 mode 0
Event: 18.973 Thread 0x000001d562ce7000 DEOPT PACKING pc=0x000001d547284fb4 sp=0x00000085b74fee60
Event: 18.973 Thread 0x000001d562ce7000 DEOPT UNPACKING pc=0x000001d54545a95e sp=0x00000085b74fe4a0 mode 0
Event: 18.977 Thread 0x000001d562ce7000 DEOPT PACKING pc=0x000001d547284fb4 sp=0x00000085b74fee60
Event: 18.977 Thread 0x000001d562ce7000 DEOPT UNPACKING pc=0x000001d54545a95e sp=0x00000085b74fe4a0 mode 0
Event: 18.979 Thread 0x000001d562ce7000 DEOPT PACKING pc=0x000001d547284fb4 sp=0x00000085b74fee60
Event: 18.980 Thread 0x000001d562ce7000 DEOPT UNPACKING pc=0x000001d54545a95e sp=0x00000085b74fe4a0 mode 0

Classes redefined (0 events):
No events

Internal exceptions (20 events):
Event: 15.579 Thread 0x000001d562cd9800 Exception <a 'sun/nio/fs/WindowsException'{0x0000000087916830}> (0x0000000087916830) thrown at [src/hotspot/share/prims/jni.cpp, line 617]
Event: 15.579 Thread 0x000001d562cd9800 Exception <a 'sun/nio/fs/WindowsException'{0x0000000087917990}> (0x0000000087917990) thrown at [src/hotspot/share/prims/jni.cpp, line 617]
Event: 15.579 Thread 0x000001d562cd9800 Exception <a 'sun/nio/fs/WindowsException'{0x0000000087917c78}> (0x0000000087917c78) thrown at [src/hotspot/share/prims/jni.cpp, line 617]
Event: 15.579 Thread 0x000001d562cd9800 Exception <a 'sun/nio/fs/WindowsException'{0x0000000087918da8}> (0x0000000087918da8) thrown at [src/hotspot/share/prims/jni.cpp, line 617]
Event: 15.579 Thread 0x000001d562cd9800 Exception <a 'sun/nio/fs/WindowsException'{0x00000000879190a0}> (0x00000000879190a0) thrown at [src/hotspot/share/prims/jni.cpp, line 617]
Event: 15.655 Thread 0x000001d562cd9800 Exception <a 'java/lang/NoSuchMethodError'{0x000000008ee5d770}: <clinit>> (0x000000008ee5d770) thrown at [src/hotspot/share/prims/jni.cpp, line 1367]
Event: 15.660 Thread 0x000001d562cd9800 Exception <a 'java/lang/NoSuchMethodError'{0x000000008ee963b8}: <clinit>> (0x000000008ee963b8) thrown at [src/hotspot/share/prims/jni.cpp, line 1367]
Event: 15.664 Thread 0x000001d562cd9800 Exception <a 'java/lang/NoSuchMethodError'{0x000000008eec73a8}: <clinit>> (0x000000008eec73a8) thrown at [src/hotspot/share/prims/jni.cpp, line 1367]
Event: 15.666 Thread 0x000001d562cd9800 Exception <a 'java/lang/NoSuchMethodError'{0x000000008eedb5c0}: <clinit>> (0x000000008eedb5c0) thrown at [src/hotspot/share/prims/jni.cpp, line 1367]
Event: 17.162 Thread 0x000001d562ce0800 Exception <a 'sun/nio/fs/WindowsException'{0x000000008d649888}> (0x000000008d649888) thrown at [src/hotspot/share/prims/jni.cpp, line 617]
Event: 17.277 Thread 0x000001d562ce0800 Exception <a 'java/lang/NoSuchMethodError'{0x000000008d1bf5e8}: 'java.lang.Object java.lang.invoke.DirectMethodHandle$Holder.newInvokeSpecial(java.lang.Object, int)'> (0x000000008d1bf5e8) thrown at [src/hotspot/share/interpreter/linkResolver.cpp, line 773]
Event: 17.282 Thread 0x000001d562cda000 Exception <a 'java/lang/NoSuchMethodError'{0x000000008d14c8e0}: 'void java.lang.invoke.DirectMethodHandle$Holder.invokeStatic(java.lang.Object, long)'> (0x000000008d14c8e0) thrown at [src/hotspot/share/interpreter/linkResolver.cpp, line 773]
Event: 17.282 Thread 0x000001d562cda000 Exception <a 'java/lang/NoSuchMethodError'{0x000000008d151da0}: 'java.lang.Object java.lang.invoke.DirectMethodHandle$Holder.invokeStatic(java.lang.Object, long)'> (0x000000008d151da0) thrown at [src/hotspot/share/interpreter/linkResolver.cpp, line 773]
Event: 17.283 Thread 0x000001d562cda000 Exception <a 'java/lang/NoSuchMethodError'{0x000000008d155370}: 'java.lang.Object java.lang.invoke.DirectMethodHandle$Holder.invokeSpecial(java.lang.Object, java.lang.Object, long)'> (0x000000008d155370) thrown at [src/hotspot/share/interpreter/linkResolver.cpp, line 773]
Event: 17.286 Thread 0x000001d562cda000 Exception <a 'java/lang/NoSuchMethodError'{0x000000008d160218}: 'java.lang.Object java.lang.invoke.DirectMethodHandle$Holder.invokeStaticInit(java.lang.Object, java.lang.Object, long, java.lang.Object)'> (0x000000008d160218) thrown at [src/hotspot/share/interpreter/linkResolver.cpp, line 773]
Event: 17.558 Thread 0x000001d562ce0800 Exception <a 'java/lang/NoSuchMethodError'{0x000000008c968110}: 'java.lang.Object java.lang.invoke.DirectMethodHandle$Holder.invokeStaticInit(java.lang.Object, java.lang.Object, java.lang.Object, java.lang.Object, java.lang.Object, java.lang.Object, java.lang.Object, java.lang.Object, java.lang.Object, java.lang.Object, java.lang.Object, java.lang.Object, java.lang.Object, java.lang.Object, java.lang.Object, java.lang.Object, java.lang.Object, java.lang.Object, java.lang.Object, int, java.lang.Object, java
Event: 17.570 Thread 0x000001d562cda000 Exception <a 'java/lang/NoSuchMethodError'{0x000000008c9d9158}: 'int java.lang.invoke.DirectMethodHandle$Holder.invokeSpecialIFC(java.lang.Object, java.lang.Object, java.lang.Object)'> (0x000000008c9d9158) thrown at [src/hotspot/share/interpreter/linkResolver.cpp, line 773]
Event: 18.183 Thread 0x000001d562ce6800 Exception <a 'java/lang/IncompatibleClassChangeError'{0x000000008e214cd8}: Found class java.lang.Object, but interface was expected> (0x000000008e214cd8) thrown at [src/hotspot/share/interpreter/linkResolver.cpp, line 839]
Event: 18.222 Thread 0x000001d562ce6800 Exception <a 'java/lang/IncompatibleClassChangeError'{0x000000008e00b048}: Found class java.lang.Object, but interface was expected> (0x000000008e00b048) thrown at [src/hotspot/share/interpreter/linkResolver.cpp, line 839]
Event: 18.222 Thread 0x000001d562ce6800 Exception <a 'java/lang/IncompatibleClassChangeError'{0x000000008e01ad60}: Found class java.lang.Object, but interface was expected> (0x000000008e01ad60) thrown at [src/hotspot/share/interpreter/linkResolver.cpp, line 839]

Events (20 events):
Event: 18.339 loading class com/android/tools/r8/graph/R2 done
Event: 18.339 loading class com/android/tools/r8/internal/PL
Event: 18.339 loading class com/android/tools/r8/internal/PL done
Event: 18.339 loading class com/android/tools/r8/internal/UL
Event: 18.339 loading class com/android/tools/r8/internal/UL done
Event: 18.369 loading class com/android/tools/r8/internal/EH
Event: 18.369 loading class com/android/tools/r8/internal/EH done
Event: 18.386 Executing VM operation: CGC_Operation
Event: 18.386 Executing VM operation: CGC_Operation done
Event: 18.580 loading class com/android/tools/r8/internal/Mf
Event: 18.580 loading class com/android/tools/r8/internal/Mf done
Event: 18.581 loading class com/android/tools/r8/graph/c0$a
Event: 18.581 loading class com/android/tools/r8/graph/c0$a done
Event: 18.581 loading class com/android/tools/r8/graph/c0$a
Event: 18.581 loading class com/android/tools/r8/graph/c0$a done
Event: 18.581 loading class com/android/tools/r8/dex/i
Event: 18.581 loading class com/android/tools/r8/dex/i done
Event: 18.701 Executing VM operation: G1CollectForAllocation
Event: 18.759 Executing VM operation: G1CollectForAllocation done
Event: 18.980 Executing VM operation: G1CollectForAllocation


Dynamic libraries:
0x00007ff71c570000 - 0x00007ff71c57a000 	C:\Program Files\Android\Android Studio\jbr\bin\java.exe
0x00007ffef1bd0000 - 0x00007ffef1dc8000 	C:\WINDOWS\SYSTEM32\ntdll.dll
0x00007ffef0c50000 - 0x00007ffef0d0f000 	C:\WINDOWS\System32\KERNEL32.DLL
0x00007ffeef2d0000 - 0x00007ffeef5a2000 	C:\WINDOWS\System32\KERNELBASE.dll
0x00007ffeef700000 - 0x00007ffeef800000 	C:\WINDOWS\System32\ucrtbase.dll
0x00007ffee49b0000 - 0x00007ffee49cb000 	C:\Program Files\Android\Android Studio\jbr\bin\VCRUNTIME140.dll
0x00007ffee34f0000 - 0x00007ffee3507000 	C:\Program Files\Android\Android Studio\jbr\bin\jli.dll
0x00007ffef1970000 - 0x00007ffef1b11000 	C:\WINDOWS\System32\USER32.dll
0x00007ffedaa50000 - 0x00007ffedacea000 	C:\WINDOWS\WinSxS\amd64_microsoft.windows.common-controls_6595b64144ccf1df_6.0.19041.1110_none_60b5254171f9507e\COMCTL32.dll
0x00007ffeefa00000 - 0x00007ffeefa22000 	C:\WINDOWS\System32\win32u.dll
0x00007ffef07f0000 - 0x00007ffef088e000 	C:\WINDOWS\System32\msvcrt.dll
0x00007ffef1510000 - 0x00007ffef153b000 	C:\WINDOWS\System32\GDI32.dll
0x00007ffeef800000 - 0x00007ffeef90f000 	C:\WINDOWS\System32\gdi32full.dll
0x00007ffeef910000 - 0x00007ffeef9ad000 	C:\WINDOWS\System32\msvcp_win.dll
0x00007ffef1540000 - 0x00007ffef1570000 	C:\WINDOWS\System32\IMM32.DLL
0x00007ffee82c0000 - 0x00007ffee82cc000 	C:\Program Files\Android\Android Studio\jbr\bin\vcruntime140_1.dll
0x00007ffecacf0000 - 0x00007ffecad7d000 	C:\Program Files\Android\Android Studio\jbr\bin\msvcp140.dll
0x00007ffea45e0000 - 0x00007ffea519c000 	C:\Program Files\Android\Android Studio\jbr\bin\server\jvm.dll
0x00007ffef1800000 - 0x00007ffef18ae000 	C:\WINDOWS\System32\ADVAPI32.dll
0x00007ffeefc90000 - 0x00007ffeefd2c000 	C:\WINDOWS\System32\sechost.dll
0x00007ffef0890000 - 0x00007ffef09b4000 	C:\WINDOWS\System32\RPCRT4.dll
0x00007ffeefc20000 - 0x00007ffeefc28000 	C:\WINDOWS\System32\PSAPI.DLL
0x00007ffeebff0000 - 0x00007ffeebff9000 	C:\WINDOWS\SYSTEM32\WSOCK32.dll
0x00007ffedbae0000 - 0x00007ffedbb07000 	C:\WINDOWS\SYSTEM32\WINMM.dll
0x00007ffef1b20000 - 0x00007ffef1b8b000 	C:\WINDOWS\System32\WS2_32.dll
0x00007ffee94c0000 - 0x00007ffee94ca000 	C:\WINDOWS\SYSTEM32\VERSION.dll
0x00007ffeed0d0000 - 0x00007ffeed0e2000 	C:\WINDOWS\SYSTEM32\kernel.appcore.dll
0x00007ffeeadb0000 - 0x00007ffeeadc0000 	C:\Program Files\Android\Android Studio\jbr\bin\verify.dll
0x00007ffed9080000 - 0x00007ffed9264000 	C:\WINDOWS\SYSTEM32\DBGHELP.DLL
0x00007ffeda4e0000 - 0x00007ffeda515000 	C:\WINDOWS\SYSTEM32\dbgcore.DLL
0x00007ffeefb90000 - 0x00007ffeefc12000 	C:\WINDOWS\System32\bcryptPrimitives.dll
0x00007ffee4a10000 - 0x00007ffee4a38000 	C:\Program Files\Android\Android Studio\jbr\bin\java.dll
0x00007ffeea820000 - 0x00007ffeea82a000 	C:\Program Files\Android\Android Studio\jbr\bin\jimage.dll
0x00007ffeea040000 - 0x00007ffeea058000 	C:\Program Files\Android\Android Studio\jbr\bin\zip.dll
0x00007ffeefd40000 - 0x00007ffef0485000 	C:\WINDOWS\System32\SHELL32.dll
0x00007ffeed3b0000 - 0x00007ffeedb42000 	C:\WINDOWS\SYSTEM32\windows.storage.dll
0x00007ffef0490000 - 0x00007ffef07e5000 	C:\WINDOWS\System32\combase.dll
0x00007ffeeec50000 - 0x00007ffeeec80000 	C:\WINDOWS\SYSTEM32\Wldp.dll
0x00007ffef1750000 - 0x00007ffef17fd000 	C:\WINDOWS\System32\SHCORE.dll
0x00007ffef1910000 - 0x00007ffef1965000 	C:\WINDOWS\System32\shlwapi.dll
0x00007ffeef210000 - 0x00007ffeef22f000 	C:\WINDOWS\SYSTEM32\profapi.dll
0x00007ffee4ad0000 - 0x00007ffee4ae9000 	C:\Program Files\Android\Android Studio\jbr\bin\net.dll
0x00007ffee8080000 - 0x00007ffee818a000 	C:\WINDOWS\SYSTEM32\WINHTTP.dll
0x00007ffeee9b0000 - 0x00007ffeeea1a000 	C:\WINDOWS\system32\mswsock.dll
0x00007ffee49f0000 - 0x00007ffee4a03000 	C:\Program Files\Android\Android Studio\jbr\bin\nio.dll
0x00007ffee82d0000 - 0x00007ffee82f7000 	C:\Users\ninja\.gradle\native\e1d6ef7f7dcc3fd88c89a11ec53ec762bb8ba0a96d01ffa2cd45eb1d1d8dd5c5\windows-amd64\native-platform.dll
0x00007ffec21f0000 - 0x00007ffec2334000 	C:\Users\ninja\.gradle\native\0d407fdbe67a94daf76414ababcb853783967236a71b16ec16e742cd7a986fd3\windows-amd64\native-platform-file-events.dll
0x00007ffeea150000 - 0x00007ffeea15a000 	C:\Program Files\Android\Android Studio\jbr\bin\management.dll
0x00007ffee92c0000 - 0x00007ffee92cb000 	C:\Program Files\Android\Android Studio\jbr\bin\management_ext.dll
0x00007ffeeebb0000 - 0x00007ffeeebc8000 	C:\WINDOWS\SYSTEM32\CRYPTSP.dll
0x00007ffeee2d0000 - 0x00007ffeee304000 	C:\WINDOWS\system32\rsaenh.dll
0x00007ffeef6d0000 - 0x00007ffeef6f7000 	C:\WINDOWS\System32\bcrypt.dll
0x00007ffeef1d0000 - 0x00007ffeef1fe000 	C:\WINDOWS\SYSTEM32\USERENV.dll
0x00007ffeeeba0000 - 0x00007ffeeebac000 	C:\WINDOWS\SYSTEM32\CRYPTBASE.dll
0x00007ffeee6a0000 - 0x00007ffeee6db000 	C:\WINDOWS\SYSTEM32\IPHLPAPI.DLL
0x00007ffeefd30000 - 0x00007ffeefd38000 	C:\WINDOWS\System32\NSI.dll
0x00007ffee8b90000 - 0x00007ffee8ba7000 	C:\WINDOWS\SYSTEM32\dhcpcsvc6.DLL
0x00007ffee94d0000 - 0x00007ffee94ed000 	C:\WINDOWS\SYSTEM32\dhcpcsvc.DLL
0x00007ffeee6e0000 - 0x00007ffeee7ab000 	C:\WINDOWS\SYSTEM32\DNSAPI.dll

dbghelp: loaded successfully - version: 4.0.5 - missing functions: none
symbol engine: initialized successfully - sym options: 0x614 - pdb path: .;C:\Program Files\Android\Android Studio\jbr\bin;C:\WINDOWS\SYSTEM32;C:\WINDOWS\WinSxS\amd64_microsoft.windows.common-controls_6595b64144ccf1df_6.0.19041.1110_none_60b5254171f9507e;C:\Program Files\Android\Android Studio\jbr\bin\server;C:\Users\ninja\.gradle\native\e1d6ef7f7dcc3fd88c89a11ec53ec762bb8ba0a96d01ffa2cd45eb1d1d8dd5c5\windows-amd64;C:\Users\ninja\.gradle\native\0d407fdbe67a94daf76414ababcb853783967236a71b16ec16e742cd7a986fd3\windows-amd64

VM Arguments:
jvm_args: --add-opens=java.base/java.util=ALL-UNNAMED --add-opens=java.base/java.lang=ALL-UNNAMED --add-opens=java.base/java.lang.invoke=ALL-UNNAMED --add-opens=java.base/java.util=ALL-UNNAMED --add-opens=java.prefs/java.util.prefs=ALL-UNNAMED --add-opens=java.prefs/java.util.prefs=ALL-UNNAMED --add-opens=java.base/java.nio.charset=ALL-UNNAMED --add-opens=java.base/java.net=ALL-UNNAMED --add-opens=java.base/java.util.concurrent.atomic=ALL-UNNAMED -Xmx2048m -Dfile.encoding=UTF-8 -Duser.country=US -Duser.language=en -Duser.variant 
java_command: org.gradle.launcher.daemon.bootstrap.GradleDaemon 7.5
java_class_path (initial): C:\Users\ninja\.gradle\wrapper\dists\gradle-7.5-bin\f1w0cc9nuo0eivz97x2xlu9sv\gradle-7.5\lib\gradle-launcher-7.5.jar
Launcher Type: SUN_STANDARD

[Global flags]
     intx CICompilerCount                          = 3                                         {product} {ergonomic}
     uint ConcGCThreads                            = 1                                         {product} {ergonomic}
     uint G1ConcRefinementThreads                  = 4                                         {product} {ergonomic}
   size_t G1HeapRegionSize                         = 1048576                                   {product} {ergonomic}
    uintx GCDrainStackTargetSize                   = 64                                        {product} {ergonomic}
   size_t InitialHeapSize                          = 134217728                                 {product} {ergonomic}
   size_t MarkStackSize                            = 4194304                                   {product} {ergonomic}
   size_t MaxHeapSize                              = 2147483648                                {product} {command line}
   size_t MaxNewSize                               = 1287651328                                {product} {ergonomic}
   size_t MinHeapDeltaBytes                        = 1048576                                   {product} {ergonomic}
    uintx NonNMethodCodeHeapSize                   = 5830732                                {pd product} {ergonomic}
    uintx NonProfiledCodeHeapSize                  = 122913754                              {pd product} {ergonomic}
    uintx ProfiledCodeHeapSize                     = 122913754                              {pd product} {ergonomic}
    uintx ReservedCodeCacheSize                    = 251658240                              {pd product} {ergonomic}
     bool SegmentedCodeCache                       = true                                      {product} {ergonomic}
     bool UseCompressedClassPointers               = true                                 {lp64_product} {ergonomic}
     bool UseCompressedOops                        = true                                 {lp64_product} {ergonomic}
     bool UseG1GC                                  = true                                      {product} {ergonomic}
     bool UseLargePagesIndividualAllocation        = false                                  {pd product} {ergonomic}

Logging:
Log output configuration:
 #0: stdout all=warning uptime,level,tags
 #1: stderr all=off uptime,level,tags

Environment Variables:
JAVA_HOME=C:\Program Files\Java\jdk-17.0.2
PATH=C:\Program Files\Common Files\Oracle\Java\javapath;C:\Program Files (x86)\Common Files\Oracle\Java\javapath;C:\Program Files\Eclipse Adoptium\jdk-11.0.13.8-hotspot\bin;C:\Program Files (x86)\Common Files\Intel\Shared Libraries\redist\intel64\compiler;C:\WINDOWS\system32;C:\WINDOWS;C:\WINDOWS\System32\Wbem;C:\WINDOWS\System32\WindowsPowerShell\v1.0\;C:\Program Files\dotnet\;C:\WINDOWS\System32\OpenSSH\;C:\MinGW\bin;C:\Program Files\nodejs\;C:\Program Files (x86)\NVIDIA Corporation\PhysX\Common;C:\Program Files\Java\jdk-17.0.2\bin;C:\Program Files\Git\cmd;C:\Program Files (x86)\dotnet\;C:\Users\ninja\AppData\Local\Programs\Python\Python310\Scripts\;C:\Users\ninja\AppData\Local\Programs\Python\Python310\;C:\Users\ninja\AppData\Local\Microsoft\WindowsApps;C:\Users\ninja\AppData\Local\Programs\Microsoft VS Code\bin;C:\Users\ninja\AppData\Roaming\npm;C:\Users\ninja\AppData\Local\GitHubDesktop\bin;C:\Users\ninja\spicetify-cli;C:\Users\ninja\AppData\Local\spicetify;C:\Users\ninja\.dotnet\tools
USERNAME=ninja
OS=Windows_NT
PROCESSOR_IDENTIFIER=Intel64 Family 6 Model 42 Stepping 7, GenuineIntel



---------------  S Y S T E M  ---------------

OS: Windows 10 , 64 bit Build 19041 (10.0.19041.2546)
OS uptime: 21 days 21:49 hours

CPU:total 4 (initial active 4) (4 cores per cpu, 1 threads per core) family 6 model 42 stepping 7 microcode 0x2f, cmov, cx8, fxsr, mmx, sse, sse2, sse3, ssse3, sse4.1, sse4.2, popcnt, avx, aes, clmul, tsc, tscinvbit

Memory: 4k page, system-wide physical 8145M (622M free)
TotalPageFile size 32721M (AvailPageFile size 67M)
current process WorkingSet (physical memory assigned to process): 533M, peak: 534M
current process commit charge ("private bytes"): 560M, peak: 647M

vm_info: OpenJDK 64-Bit Server VM (11.0.15+0-b2043.56-9505619) for windows-amd64 JRE (11.0.15+0-b2043.56-9505619), built on Jan 19 2023 02:48:00 by "builduser" with unknown MS VC++:1929

END.
