#
# There is insufficient memory for the Java Runtime Environment to continue.
# Native memory allocation (mmap) failed to map 100663296 bytes for Failed to commit area from 0x0000000090b00000 to 0x0000000096b00000 of length 100663296.
# Possible reasons:
#   The system is out of physical RAM or swap space
#   The process is running with CompressedOops enabled, and the Java Heap may be blocking the growth of the native heap
# Possible solutions:
#   Reduce memory load on the system
#   Increase physical memory or swap space
#   Check if swap backing store is full
#   Decrease Java heap size (-Xmx/-Xms)
#   Decrease number of Java threads
#   Decrease Java thread stack sizes (-Xss)
#   Set larger code cache with -XX:ReservedCodeCacheSize=
#   JVM is running with Unscaled Compressed Oops mode in which the Java heap is
#     placed in the first 4GB address space. The Java Heap base address is the
#     maximum limit for the native heap growth. Please use -XX:HeapBaseMinAddress
#     to set the Java Heap base and to place the Java Heap above 4GB virtual address.
# This output file may be truncated or incomplete.
#
#  Out of Memory Error (src/hotspot/os/windows/os_windows.cpp:3627), pid=11948, tid=2112
#
# JRE version: OpenJDK Runtime Environment (11.0.15) (build 11.0.15+0-b2043.56-9505619)
# Java VM: OpenJDK 64-Bit Server VM (11.0.15+0-b2043.56-9505619, mixed mode, tiered, compressed oops, g1 gc, windows-amd64)
# No core dump will be written. Minidumps are not enabled by default on client versions of Windows
#

---------------  S U M M A R Y ------------

Command Line: --add-opens=java.base/java.util=ALL-UNNAMED --add-opens=java.base/java.lang=ALL-UNNAMED --add-opens=java.base/java.lang.invoke=ALL-UNNAMED --add-opens=java.base/java.util=ALL-UNNAMED --add-opens=java.prefs/java.util.prefs=ALL-UNNAMED --add-opens=java.prefs/java.util.prefs=ALL-UNNAMED --add-opens=java.base/java.nio.charset=ALL-UNNAMED --add-opens=java.base/java.net=ALL-UNNAMED --add-opens=java.base/java.util.concurrent.atomic=ALL-UNNAMED -Xmx2048m -Dfile.encoding=UTF-8 -Duser.country=US -Duser.language=en -Duser.variant org.gradle.launcher.daemon.bootstrap.GradleDaemon 7.5

Host: Intel(R) Core(TM) i5-2400 CPU @ 3.10GHz, 4 cores, 7G,  Windows 10 , 64 bit Build 19041 (10.0.19041.2546)
Time: Fri Apr  7 15:35:07 2023 Argentina Standard Time elapsed time: 29.788858 seconds (0d 0h 0m 29s)

---------------  T H R E A D  ---------------

Current thread (0x00000200ff0b6800):  VMThread "VM Thread" [stack: 0x00000099b0e00000,0x00000099b0f00000] [id=2112]

Stack: [0x00000099b0e00000,0x00000099b0f00000]
[error occurred during error reporting (printing stack bounds), id 0xc0000005, EXCEPTION_ACCESS_VIOLATION (0xc0000005) at pc=0x00000200ea78112d]

Native frames: (J=compiled Java code, j=interpreted, Vv=VM code, C=native code)
V  [jvm.dll+0x64135a]
V  [jvm.dll+0x7d39f9]
V  [jvm.dll+0x7d51b9]
V  [jvm.dll+0x7d5805]
V  [jvm.dll+0x7d57bb]
V  [jvm.dll+0x640655]
V  [jvm.dll+0x640d68]
C  [ntdll.dll+0xa241f]
C  [ntdll.dll+0x514a4]
C  [ntdll.dll+0xa0f4e]
C  0x00000200ea78112d

VM_Operation (0x00000099b6bfa790): G1CollectForAllocation, mode: safepoint, requested by thread 0x00000200837a9800


---------------  P R O C E S S  ---------------

Threads class SMR info:
_java_thread_list=0x000002008b4f4370, length=98, elements={
0x00000200e6c55000, 0x00000200fe8a7800, 0x00000200fe89d800, 0x00000200ff105800,
0x00000200ff106800, 0x00000200ff109000, 0x00000200ff116000, 0x00000200ff13b800,
0x00000200ff13c800, 0x00000200ff285800, 0x0000020083835000, 0x00000200ff3da000,
0x0000020082553000, 0x0000020082cfc800, 0x0000020083ef6800, 0x0000020084522000,
0x000002008490d000, 0x0000020083b6b000, 0x00000200823c9800, 0x00000200823ca000,
0x000002008338e000, 0x0000020083390800, 0x000002008338b000, 0x000002008338f800,
0x0000020083391800, 0x000002008338b800, 0x000002008338d000, 0x000002008338c800,
0x000002008338f000, 0x00000200853d8800, 0x00000200853db000, 0x00000200853dc000,
0x00000200853d9800, 0x00000200853d8000, 0x00000200853da800, 0x0000020086dce800,
0x0000020086dcc800, 0x0000020086dcf000, 0x0000020086dcd800, 0x0000020086dcc000,
0x0000020086dc9800, 0x0000020086dcb000, 0x0000020086dd0000, 0x0000020086dca000,
0x0000020086dd1800, 0x0000020086dd5800, 0x0000020086dd2800, 0x0000020086dd6800,
0x0000020086dd0800, 0x0000020086dd7800, 0x0000020086dd8000, 0x0000020086dd3000,
0x0000020086dd4000, 0x0000020086dd5000, 0x0000020086f61800, 0x0000020086f5d000,
0x0000020086f5f000, 0x0000020086f5e000, 0x0000020086f60800, 0x0000020086f5f800,
0x0000020086f5b800, 0x0000020086f62000, 0x0000020086f5c800, 0x0000020084efe000,
0x0000020084f00800, 0x0000020084eff000, 0x0000020084eff800, 0x0000020084f01800,
0x0000020084f02000, 0x0000020084f03000, 0x0000020084efd000, 0x0000020084f06000,
0x0000020084f03800, 0x0000020084f08000, 0x0000020084f08800, 0x0000020084f09800,
0x0000020084f07000, 0x0000020084f04800, 0x0000020084f0b000, 0x0000020084f05800,
0x0000020084f0c000, 0x00000200837a8800, 0x00000200837a7000, 0x00000200837a5800,
0x00000200837a8000, 0x00000200837a6800, 0x000002008b6fd800, 0x00000200837a9800,
0x00000200837aa800, 0x00000200837a4800, 0x00000200837ab000, 0x00000200837ac000,
0x00000200837b2800, 0x00000200837b3800, 0x00000200837ad800, 0x00000200837ae800,
0x00000200837af000, 0x00000200837b0000
}

Java Threads: ( => current thread )
  0x00000200e6c55000 JavaThread "main" [_thread_blocked, id=6936, stack(0x00000099b0800000,0x00000099b0900000)]
  0x00000200fe8a7800 JavaThread "Reference Handler" daemon [_thread_blocked, id=17864, stack(0x00000099b0f00000,0x00000099b1000000)]
  0x00000200fe89d800 JavaThread "Finalizer" daemon [_thread_blocked, id=16684, stack(0x00000099b1000000,0x00000099b1100000)]
  0x00000200ff105800 JavaThread "Signal Dispatcher" daemon [_thread_blocked, id=8108, stack(0x00000099b1100000,0x00000099b1200000)]
  0x00000200ff106800 JavaThread "Attach Listener" daemon [_thread_blocked, id=15144, stack(0x00000099b1200000,0x00000099b1300000)]
  0x00000200ff109000 JavaThread "Service Thread" daemon [_thread_blocked, id=11216, stack(0x00000099b1300000,0x00000099b1400000)]
  0x00000200ff116000 JavaThread "C2 CompilerThread0" daemon [_thread_blocked, id=18924, stack(0x00000099b1400000,0x00000099b1500000)]
  0x00000200ff13b800 JavaThread "C1 CompilerThread0" daemon [_thread_blocked, id=13384, stack(0x00000099b1500000,0x00000099b1600000)]
  0x00000200ff13c800 JavaThread "Sweeper thread" daemon [_thread_blocked, id=10268, stack(0x00000099b1600000,0x00000099b1700000)]
  0x00000200ff285800 JavaThread "Common-Cleaner" daemon [_thread_blocked, id=5432, stack(0x00000099b1700000,0x00000099b1800000)]
  0x0000020083835000 JavaThread "Daemon health stats" [_thread_blocked, id=10404, stack(0x00000099b1c00000,0x00000099b1d00000)]
  0x00000200ff3da000 JavaThread "Incoming local TCP Connector on port 62791" [_thread_in_native, id=18276, stack(0x00000099b1900000,0x00000099b1a00000)]
  0x0000020082553000 JavaThread "Daemon periodic checks" [_thread_blocked, id=5700, stack(0x00000099b1d00000,0x00000099b1e00000)]
  0x0000020082cfc800 JavaThread "Daemon" [_thread_blocked, id=12836, stack(0x00000099b1e00000,0x00000099b1f00000)]
  0x0000020083ef6800 JavaThread "Handler for socket connection from /127.0.0.1:62791 to /127.0.0.1:62792" [_thread_in_native, id=9528, stack(0x00000099b1f00000,0x00000099b2000000)]
  0x0000020084522000 JavaThread "Cancel handler" [_thread_blocked, id=19040, stack(0x00000099b2000000,0x00000099b2100000)]
  0x000002008490d000 JavaThread "Daemon worker" [_thread_blocked, id=14612, stack(0x00000099b2100000,0x00000099b2200000)]
  0x0000020083b6b000 JavaThread "Asynchronous log dispatcher for DefaultDaemonConnection: socket connection from /127.0.0.1:62791 to /127.0.0.1:62792" [_thread_blocked, id=10416, stack(0x00000099b2200000,0x00000099b2300000)]
  0x00000200823c9800 JavaThread "Stdin handler" [_thread_blocked, id=15880, stack(0x00000099b2300000,0x00000099b2400000)]
  0x00000200823ca000 JavaThread "Daemon client event forwarder" [_thread_blocked, id=16936, stack(0x00000099b2400000,0x00000099b2500000)]
  0x000002008338e000 JavaThread "Cache worker for journal cache (C:\Users\ninja\.gradle\caches\journal-1)" [_thread_blocked, id=12152, stack(0x00000099b2500000,0x00000099b2600000)]
  0x0000020083390800 JavaThread "File lock request listener" [_thread_in_native, id=11724, stack(0x00000099b2600000,0x00000099b2700000)]
  0x000002008338b000 JavaThread "Cache worker for file hash cache (C:\Users\ninja\.gradle\caches\7.5\fileHashes)" [_thread_blocked, id=15824, stack(0x00000099b2800000,0x00000099b2900000)]
  0x000002008338f800 JavaThread "File watcher server" daemon [_thread_blocked, id=10336, stack(0x00000099b2a00000,0x00000099b2b00000)]
  0x0000020083391800 JavaThread "File watcher consumer" daemon [_thread_blocked, id=14152, stack(0x00000099b2b00000,0x00000099b2c00000)]
  0x000002008338b800 JavaThread "Cache worker for checksums cache (C:\Users\ninja\AndroidStudioProjects\Peliculas\.gradle\7.5\checksums)" [_thread_blocked, id=17696, stack(0x00000099b2c00000,0x00000099b2d00000)]
  0x000002008338d000 JavaThread "Cache worker for cache directory md-rule (C:\Users\ninja\.gradle\caches\7.5\md-rule)" [_thread_blocked, id=18880, stack(0x00000099b2d00000,0x00000099b2e00000)]
  0x000002008338c800 JavaThread "Cache worker for file content cache (C:\Users\ninja\.gradle\caches\7.5\fileContent)" [_thread_blocked, id=3632, stack(0x00000099b2e00000,0x00000099b2f00000)]
  0x000002008338f000 JavaThread "Cache worker for file hash cache (C:\Users\ninja\AndroidStudioProjects\Peliculas\.gradle\7.5\fileHashes)" [_thread_blocked, id=19180, stack(0x00000099b2f00000,0x00000099b3000000)]
  0x00000200853d8800 JavaThread "Cache worker for cache directory md-supplier (C:\Users\ninja\.gradle\caches\7.5\md-supplier)" [_thread_blocked, id=9488, stack(0x00000099b3000000,0x00000099b3100000)]
  0x00000200853db000 JavaThread "Cache worker for execution history cache (C:\Users\ninja\.gradle\caches\7.5\executionHistory)" [_thread_blocked, id=16608, stack(0x00000099b3100000,0x00000099b3200000)]
  0x00000200853dc000 JavaThread "jar transforms" [_thread_blocked, id=14456, stack(0x00000099b3200000,0x00000099b3300000)]
  0x00000200853d9800 JavaThread "jar transforms Thread 2" [_thread_blocked, id=4720, stack(0x00000099b3300000,0x00000099b3400000)]
  0x00000200853d8000 JavaThread "jar transforms Thread 3" [_thread_blocked, id=18892, stack(0x00000099b3400000,0x00000099b3500000)]
  0x00000200853da800 JavaThread "jar transforms Thread 4" [_thread_blocked, id=15616, stack(0x00000099b3500000,0x00000099b3600000)]
  0x0000020086dce800 JavaThread "Cache worker for dependencies-accessors (C:\Users\ninja\AndroidStudioProjects\Peliculas\.gradle\7.5\dependencies-accessors)" [_thread_blocked, id=3976, stack(0x00000099b3600000,0x00000099b3700000)]
  0x0000020086dcc800 JavaThread "Cache worker for Build Output Cleanup Cache (C:\Users\ninja\AndroidStudioProjects\Peliculas\.gradle\buildOutputCleanup)" [_thread_blocked, id=15888, stack(0x00000099b2900000,0x00000099b2a00000)]
  0x0000020086dcf000 JavaThread "Unconstrained build operations" [_thread_blocked, id=3252, stack(0x00000099b3800000,0x00000099b3900000)]
  0x0000020086dcd800 JavaThread "Unconstrained build operations Thread 2" [_thread_blocked, id=6728, stack(0x00000099b3900000,0x00000099b3a00000)]
  0x0000020086dcc000 JavaThread "Unconstrained build operations Thread 3" [_thread_blocked, id=1000, stack(0x00000099b3a00000,0x00000099b3b00000)]
  0x0000020086dc9800 JavaThread "Unconstrained build operations Thread 4" [_thread_blocked, id=11932, stack(0x00000099b3b00000,0x00000099b3c00000)]
  0x0000020086dcb000 JavaThread "Unconstrained build operations Thread 5" [_thread_blocked, id=15476, stack(0x00000099b3c00000,0x00000099b3d00000)]
  0x0000020086dd0000 JavaThread "Unconstrained build operations Thread 6" [_thread_blocked, id=6600, stack(0x00000099b3d00000,0x00000099b3e00000)]
  0x0000020086dca000 JavaThread "Unconstrained build operations Thread 7" [_thread_blocked, id=11352, stack(0x00000099b3e00000,0x00000099b3f00000)]
  0x0000020086dd1800 JavaThread "Unconstrained build operations Thread 8" [_thread_blocked, id=19964, stack(0x00000099b3f00000,0x00000099b4000000)]
  0x0000020086dd5800 JavaThread "Unconstrained build operations Thread 9" [_thread_blocked, id=11564, stack(0x00000099b4000000,0x00000099b4100000)]
  0x0000020086dd2800 JavaThread "Unconstrained build operations Thread 10" [_thread_blocked, id=16860, stack(0x00000099b4100000,0x00000099b4200000)]
  0x0000020086dd6800 JavaThread "Unconstrained build operations Thread 11" [_thread_blocked, id=19376, stack(0x00000099b4200000,0x00000099b4300000)]
  0x0000020086dd0800 JavaThread "Unconstrained build operations Thread 12" [_thread_blocked, id=7688, stack(0x00000099b4300000,0x00000099b4400000)]
  0x0000020086dd7800 JavaThread "Unconstrained build operations Thread 13" [_thread_blocked, id=3440, stack(0x00000099b4400000,0x00000099b4500000)]
  0x0000020086dd8000 JavaThread "Unconstrained build operations Thread 14" [_thread_blocked, id=20452, stack(0x00000099b4500000,0x00000099b4600000)]
  0x0000020086dd3000 JavaThread "Unconstrained build operations Thread 15" [_thread_blocked, id=1424, stack(0x00000099b4600000,0x00000099b4700000)]
  0x0000020086dd4000 JavaThread "Unconstrained build operations Thread 16" [_thread_blocked, id=19992, stack(0x00000099b4700000,0x00000099b4800000)]
  0x0000020086dd5000 JavaThread "Unconstrained build operations Thread 17" [_thread_blocked, id=18848, stack(0x00000099b4800000,0x00000099b4900000)]
  0x0000020086f61800 JavaThread "Unconstrained build operations Thread 18" [_thread_blocked, id=7488, stack(0x00000099b4900000,0x00000099b4a00000)]
  0x0000020086f5d000 JavaThread "Unconstrained build operations Thread 19" [_thread_blocked, id=11800, stack(0x00000099b4a00000,0x00000099b4b00000)]
  0x0000020086f5f000 JavaThread "Unconstrained build operations Thread 20" [_thread_blocked, id=15480, stack(0x00000099b4b00000,0x00000099b4c00000)]
  0x0000020086f5e000 JavaThread "Unconstrained build operations Thread 21" [_thread_blocked, id=12476, stack(0x00000099b4c00000,0x00000099b4d00000)]
  0x0000020086f60800 JavaThread "Unconstrained build operations Thread 22" [_thread_blocked, id=5292, stack(0x00000099b4d00000,0x00000099b4e00000)]
  0x0000020086f5f800 JavaThread "Unconstrained build operations Thread 23" [_thread_blocked, id=16188, stack(0x00000099b4e00000,0x00000099b4f00000)]
  0x0000020086f5b800 JavaThread "Unconstrained build operations Thread 24" [_thread_blocked, id=8888, stack(0x00000099b4f00000,0x00000099b5000000)]
  0x0000020086f62000 JavaThread "Unconstrained build operations Thread 25" [_thread_blocked, id=524, stack(0x00000099b5000000,0x00000099b5100000)]
  0x0000020086f5c800 JavaThread "Unconstrained build operations Thread 26" [_thread_blocked, id=5896, stack(0x00000099b5100000,0x00000099b5200000)]
  0x0000020084efe000 JavaThread "Unconstrained build operations Thread 27" [_thread_blocked, id=2256, stack(0x00000099b5200000,0x00000099b5300000)]
  0x0000020084f00800 JavaThread "Unconstrained build operations Thread 28" [_thread_blocked, id=800, stack(0x00000099b5300000,0x00000099b5400000)]
  0x0000020084eff000 JavaThread "Unconstrained build operations Thread 29" [_thread_blocked, id=10168, stack(0x00000099b5400000,0x00000099b5500000)]
  0x0000020084eff800 JavaThread "Unconstrained build operations Thread 30" [_thread_blocked, id=8140, stack(0x00000099b5500000,0x00000099b5600000)]
  0x0000020084f01800 JavaThread "Unconstrained build operations Thread 31" [_thread_blocked, id=17940, stack(0x00000099b5600000,0x00000099b5700000)]
  0x0000020084f02000 JavaThread "Unconstrained build operations Thread 32" [_thread_blocked, id=15624, stack(0x00000099b5700000,0x00000099b5800000)]
  0x0000020084f03000 JavaThread "Unconstrained build operations Thread 33" [_thread_blocked, id=19056, stack(0x00000099b5800000,0x00000099b5900000)]
  0x0000020084efd000 JavaThread "Unconstrained build operations Thread 34" [_thread_blocked, id=19844, stack(0x00000099b5900000,0x00000099b5a00000)]
  0x0000020084f06000 JavaThread "Unconstrained build operations Thread 35" [_thread_blocked, id=7916, stack(0x00000099b5a00000,0x00000099b5b00000)]
  0x0000020084f03800 JavaThread "Unconstrained build operations Thread 36" [_thread_blocked, id=15540, stack(0x00000099b5b00000,0x00000099b5c00000)]
  0x0000020084f08000 JavaThread "Unconstrained build operations Thread 37" [_thread_blocked, id=18136, stack(0x00000099b5c00000,0x00000099b5d00000)]
  0x0000020084f08800 JavaThread "Unconstrained build operations Thread 38" [_thread_blocked, id=10520, stack(0x00000099b5d00000,0x00000099b5e00000)]
  0x0000020084f09800 JavaThread "Unconstrained build operations Thread 39" [_thread_blocked, id=8936, stack(0x00000099b5e00000,0x00000099b5f00000)]
  0x0000020084f07000 JavaThread "Unconstrained build operations Thread 40" [_thread_blocked, id=20288, stack(0x00000099b5f00000,0x00000099b6000000)]
  0x0000020084f04800 JavaThread "build event listener" [_thread_blocked, id=16312, stack(0x00000099b6000000,0x00000099b6100000)]
  0x0000020084f0b000 JavaThread "Memory manager" [_thread_blocked, id=14292, stack(0x00000099b6100000,0x00000099b6200000)]
  0x0000020084f05800 JavaThread "pool-3-thread-1" [_thread_blocked, id=4380, stack(0x00000099b6200000,0x00000099b6300000)]
  0x0000020084f0c000 JavaThread "build event listener" [_thread_blocked, id=18452, stack(0x00000099b6300000,0x00000099b6400000)]
  0x00000200837a8800 JavaThread "included builds" [_thread_blocked, id=14144, stack(0x00000099b6400000,0x00000099b6500000)]
  0x00000200837a7000 JavaThread "Execution worker" [_thread_blocked, id=540, stack(0x00000099b6500000,0x00000099b6600000)]
  0x00000200837a5800 JavaThread "Execution worker Thread 2" [_thread_blocked, id=19444, stack(0x00000099b6600000,0x00000099b6700000)]
  0x00000200837a8000 JavaThread "Execution worker Thread 3" [_thread_blocked, id=5408, stack(0x00000099b6700000,0x00000099b6800000)]
  0x00000200837a6800 JavaThread "Cache worker for execution history cache (C:\Users\ninja\AndroidStudioProjects\Peliculas\.gradle\7.5\executionHistory)" [_thread_blocked, id=19568, stack(0x00000099b6800000,0x00000099b6900000)]
  0x000002008b6fd800 JavaThread "C2 CompilerThread1" daemon [_thread_blocked, id=18512, stack(0x00000099b3700000,0x00000099b3800000)]
  0x00000200837a9800 JavaThread "WorkerExecutor Queue" [_thread_blocked, id=12488, stack(0x00000099b6b00000,0x00000099b6c00000)]
  0x00000200837aa800 JavaThread "WorkerExecutor Queue Thread 2" [_thread_blocked, id=19760, stack(0x00000099b6c00000,0x00000099b6d00000)]
  0x00000200837a4800 JavaThread "WorkerExecutor Queue Thread 3" [_thread_blocked, id=9672, stack(0x00000099b6d00000,0x00000099b6e00000)]
  0x00000200837ab000 JavaThread "WorkerExecutor Queue Thread 5" [_thread_blocked, id=12408, stack(0x00000099b6f00000,0x00000099b7000000)]
  0x00000200837ac000 JavaThread "pool-4-thread-1" [_thread_blocked, id=13704, stack(0x00000099b7000000,0x00000099b7100000)]
  0x00000200837b2800 JavaThread "stderr" [_thread_in_native, id=13588, stack(0x00000099b7100000,0x00000099b7200000)]
  0x00000200837b3800 JavaThread "stdout" [_thread_in_native, id=12552, stack(0x00000099b7200000,0x00000099b7300000)]
  0x00000200837ad800 JavaThread "ForkJoinPool-1-worker-3" daemon [_thread_blocked, id=912, stack(0x00000099b7300000,0x00000099b7400000)]
  0x00000200837ae800 JavaThread "ForkJoinPool-1-worker-5" daemon [_thread_blocked, id=11408, stack(0x00000099b7400000,0x00000099b7500000)]
  0x00000200837af000 JavaThread "ForkJoinPool-1-worker-7" daemon [_thread_blocked, id=20228, stack(0x00000099b7500000,0x00000099b7600000)]
  0x00000200837b0000 JavaThread "ForkJoinPool-1-worker-1" daemon [_thread_blocked, id=13424, stack(0x00000099b7600000,0x00000099b7700000)]

Other Threads:
=>0x00000200ff0b6800 VMThread "VM Thread" [stack: 0x00000099b0e00000,0x00000099b0f00000] [id=2112]
  0x00000200ff294800 WatcherThread [stack: 0x00000099b1800000,0x00000099b1900000] [id=17112]
  0x00000200e6c6e000 GCTaskThread "GC Thread#0" [stack: 0x00000099b0900000,0x00000099b0a00000] [id=19632]
  0x00000200ff9bf800 GCTaskThread "GC Thread#1" [stack: 0x00000099b1a00000,0x00000099b1b00000] [id=16904]
  0x00000200ffa4e800 GCTaskThread "GC Thread#2" [stack: 0x00000099b1b00000,0x00000099b1c00000] [id=17200]
  0x0000020083620800 GCTaskThread "GC Thread#3" [stack: 0x00000099b2700000,0x00000099b2800000] [id=13272]
  0x00000200e6c9e000 ConcurrentGCThread "G1 Main Marker" [stack: 0x00000099b0a00000,0x00000099b0b00000] [id=10480]
  0x00000200e6c9f800 ConcurrentGCThread "G1 Conc#0" [stack: 0x00000099b0b00000,0x00000099b0c00000] [id=8008]
  0x00000200e6d2d800 ConcurrentGCThread "G1 Refine#0" [stack: 0x00000099b0c00000,0x00000099b0d00000] [id=8516]
  0x0000020083c6b000 ConcurrentGCThread "G1 Refine#1" [stack: 0x00000099b6900000,0x00000099b6a00000] [id=9252]
  0x00000200839ae800 ConcurrentGCThread "G1 Refine#2" [stack: 0x00000099b6a00000,0x00000099b6b00000] [id=13452]
  0x00000200e6d2e800 ConcurrentGCThread "G1 Young RemSet Sampling" [stack: 0x00000099b0d00000,0x00000099b0e00000] [id=16644]

Threads with active compile tasks:
C2 CompilerThread0    29807 15011       4       java.util.IdentityHashMap::<init> (11 bytes)
C2 CompilerThread1    29807 15010       4       java.util.ArrayDeque::add (7 bytes)

VM state:at safepoint (normal execution)

VM Mutex/Monitor currently owned by a thread:  ([mutex/lock_event])
[0x00000200e6c50940] Threads_lock - owner thread: 0x00000200ff0b6800
[0x00000200e6c513f0] Heap_lock - owner thread: 0x00000200837a9800

Heap address: 0x0000000080000000, size: 2048 MB, Compressed Oops mode: 32-bit
Narrow klass base: 0x0000000000000000, Narrow klass shift: 3
Compressed class space size: 1073741824 Address: 0x0000000100000000

Heap:
 garbage-first heap   total 371712K, used 202744K [0x0000000080000000, 0x0000000100000000)
  region size 1024K, 1 young (1024K), 1 survivors (1024K)
 Metaspace       used 112331K, capacity 115234K, committed 115536K, reserved 1148928K
  class space    used 14370K, capacity 15505K, committed 15564K, reserved 1048576K
Heap Regions: E=young(eden), S=young(survivor), O=old, HS=humongous(starts), HC=humongous(continues), CS=collection set, F=free, A=archive, TAMS=top-at-mark-start (previous, next)
|   0|0x0000000080000000, 0x0000000080100000, 0x0000000080100000|100%|HS|  |TAMS 0x0000000080100000, 0x0000000080000000| Complete 
|   1|0x0000000080100000, 0x0000000080200000, 0x0000000080200000|100%|HC|  |TAMS 0x0000000080200000, 0x0000000080100000| Complete 
|   2|0x0000000080200000, 0x0000000080300000, 0x0000000080300000|100%|HC|  |TAMS 0x0000000080300000, 0x0000000080200000| Complete 
|   3|0x0000000080300000, 0x0000000080400000, 0x0000000080400000|100%| O|  |TAMS 0x0000000080400000, 0x0000000080300000| Untracked 
|   4|0x0000000080400000, 0x0000000080500000, 0x0000000080500000|100%| O|  |TAMS 0x0000000080500000, 0x0000000080400000| Untracked 
|   5|0x0000000080500000, 0x0000000080600000, 0x0000000080600000|100%| O|  |TAMS 0x0000000080600000, 0x0000000080500000| Untracked 
|   6|0x0000000080600000, 0x0000000080700000, 0x0000000080700000|100%| O|  |TAMS 0x0000000080700000, 0x0000000080600000| Untracked 
|   7|0x0000000080700000, 0x0000000080800000, 0x0000000080800000|100%| O|  |TAMS 0x0000000080800000, 0x0000000080700000| Complete 
|   8|0x0000000080800000, 0x0000000080900000, 0x0000000080900000|100%| O|  |TAMS 0x0000000080900000, 0x0000000080800000| Untracked 
|   9|0x0000000080900000, 0x0000000080a00000, 0x0000000080a00000|100%| O|  |TAMS 0x0000000080a00000, 0x0000000080900000| Untracked 
|  10|0x0000000080a00000, 0x0000000080b00000, 0x0000000080b00000|100%| O|  |TAMS 0x0000000080b00000, 0x0000000080a00000| Untracked 
|  11|0x0000000080b00000, 0x0000000080c00000, 0x0000000080c00000|100%| O|  |TAMS 0x0000000080c00000, 0x0000000080b00000| Untracked 
|  12|0x0000000080c00000, 0x0000000080d00000, 0x0000000080d00000|100%| O|  |TAMS 0x0000000080d00000, 0x0000000080c00000| Complete 
|  13|0x0000000080d00000, 0x0000000080e00000, 0x0000000080e00000|100%| O|  |TAMS 0x0000000080e00000, 0x0000000080d00000| Untracked 
|  14|0x0000000080e00000, 0x0000000080f00000, 0x0000000080f00000|100%| O|  |TAMS 0x0000000080f00000, 0x0000000080e00000| Untracked 
|  15|0x0000000080f00000, 0x0000000081000000, 0x0000000081000000|100%| O|  |TAMS 0x0000000081000000, 0x0000000080f00000| Untracked 
|  16|0x0000000081000000, 0x0000000081100000, 0x0000000081100000|100%| O|  |TAMS 0x0000000081100000, 0x0000000081000000| Untracked 
|  17|0x0000000081100000, 0x0000000081200000, 0x0000000081200000|100%|HS|  |TAMS 0x0000000081200000, 0x0000000081100000| Complete 
|  18|0x0000000081200000, 0x0000000081300000, 0x0000000081300000|100%| O|  |TAMS 0x0000000081300000, 0x0000000081200000| Untracked 
|  19|0x0000000081300000, 0x0000000081400000, 0x0000000081400000|100%| O|  |TAMS 0x0000000081400000, 0x0000000081300000| Untracked 
|  20|0x0000000081400000, 0x0000000081500000, 0x0000000081500000|100%| O|  |TAMS 0x0000000081500000, 0x0000000081400000| Untracked 
|  21|0x0000000081500000, 0x0000000081600000, 0x0000000081600000|100%| O|  |TAMS 0x0000000081600000, 0x0000000081500000| Complete 
|  22|0x0000000081600000, 0x0000000081700000, 0x0000000081700000|100%| O|  |TAMS 0x0000000081700000, 0x0000000081600000| Untracked 
|  23|0x0000000081700000, 0x0000000081800000, 0x0000000081800000|100%| O|  |TAMS 0x0000000081800000, 0x0000000081700000| Untracked 
|  24|0x0000000081800000, 0x0000000081900000, 0x0000000081900000|100%| O|  |TAMS 0x0000000081900000, 0x0000000081800000| Untracked 
|  25|0x0000000081900000, 0x0000000081a00000, 0x0000000081a00000|100%| O|  |TAMS 0x0000000081a00000, 0x0000000081900000| Untracked 
|  26|0x0000000081a00000, 0x0000000081b00000, 0x0000000081b00000|100%| O|  |TAMS 0x0000000081b00000, 0x0000000081a00000| Untracked 
|  27|0x0000000081b00000, 0x0000000081c00000, 0x0000000081c00000|100%| O|  |TAMS 0x0000000081c00000, 0x0000000081b00000| Untracked 
|  28|0x0000000081c00000, 0x0000000081d00000, 0x0000000081d00000|100%| O|  |TAMS 0x0000000081d00000, 0x0000000081c00000| Complete 
|  29|0x0000000081d00000, 0x0000000081e00000, 0x0000000081e00000|100%|HS|  |TAMS 0x0000000081e00000, 0x0000000081d00000| Complete 
|  30|0x0000000081e00000, 0x0000000081f00000, 0x0000000081f00000|100%| O|  |TAMS 0x0000000081f00000, 0x0000000081e00000| Untracked 
|  31|0x0000000081f00000, 0x0000000082000000, 0x0000000082000000|100%| O|  |TAMS 0x0000000082000000, 0x0000000081f00000| Untracked 
|  32|0x0000000082000000, 0x0000000082100000, 0x0000000082100000|100%| O|  |TAMS 0x0000000082100000, 0x0000000082000000| Untracked 
|  33|0x0000000082100000, 0x0000000082200000, 0x0000000082200000|100%| O|  |TAMS 0x0000000082200000, 0x0000000082100000| Untracked 
|  34|0x0000000082200000, 0x0000000082300000, 0x0000000082300000|100%| O|  |TAMS 0x0000000082300000, 0x0000000082200000| Untracked 
|  35|0x0000000082300000, 0x0000000082400000, 0x0000000082400000|100%| O|  |TAMS 0x0000000082400000, 0x0000000082300000| Untracked 
|  36|0x0000000082400000, 0x0000000082500000, 0x0000000082500000|100%| O|  |TAMS 0x0000000082500000, 0x0000000082400000| Untracked 
|  37|0x0000000082500000, 0x0000000082600000, 0x0000000082600000|100%| O|  |TAMS 0x0000000082600000, 0x0000000082500000| Untracked 
|  38|0x0000000082600000, 0x0000000082700000, 0x0000000082700000|100%| O|  |TAMS 0x0000000082700000, 0x0000000082600000| Untracked 
|  39|0x0000000082700000, 0x0000000082800000, 0x0000000082800000|100%| O|  |TAMS 0x0000000082800000, 0x0000000082700000| Untracked 
|  40|0x0000000082800000, 0x0000000082900000, 0x0000000082900000|100%| O|  |TAMS 0x0000000082900000, 0x0000000082800000| Untracked 
|  41|0x0000000082900000, 0x0000000082a00000, 0x0000000082a00000|100%| O|  |TAMS 0x0000000082a00000, 0x0000000082900000| Untracked 
|  42|0x0000000082a00000, 0x0000000082b00000, 0x0000000082b00000|100%| O|  |TAMS 0x0000000082b00000, 0x0000000082a00000| Untracked 
|  43|0x0000000082b00000, 0x0000000082c00000, 0x0000000082c00000|100%| O|  |TAMS 0x0000000082c00000, 0x0000000082b00000| Untracked 
|  44|0x0000000082c00000, 0x0000000082d00000, 0x0000000082d00000|100%| O|  |TAMS 0x0000000082d00000, 0x0000000082c00000| Untracked 
|  45|0x0000000082d00000, 0x0000000082e00000, 0x0000000082e00000|100%| O|  |TAMS 0x0000000082e00000, 0x0000000082d00000| Untracked 
|  46|0x0000000082e00000, 0x0000000082f00000, 0x0000000082f00000|100%| O|  |TAMS 0x0000000082f00000, 0x0000000082e00000| Complete 
|  47|0x0000000082f00000, 0x0000000083000000, 0x0000000083000000|100%| O|  |TAMS 0x0000000083000000, 0x0000000082f00000| Untracked 
|  48|0x0000000083000000, 0x0000000083100000, 0x0000000083100000|100%| O|  |TAMS 0x0000000083100000, 0x0000000083000000| Untracked 
|  49|0x0000000083100000, 0x0000000083200000, 0x0000000083200000|100%| O|  |TAMS 0x0000000083200000, 0x0000000083100000| Untracked 
|  50|0x0000000083200000, 0x0000000083300000, 0x0000000083300000|100%| O|  |TAMS 0x0000000083300000, 0x0000000083200000| Untracked 
|  51|0x0000000083300000, 0x0000000083400000, 0x0000000083400000|100%| O|  |TAMS 0x0000000083400000, 0x0000000083300000| Untracked 
|  52|0x0000000083400000, 0x0000000083500000, 0x0000000083500000|100%| O|  |TAMS 0x0000000083500000, 0x0000000083400000| Complete 
|  53|0x0000000083500000, 0x0000000083600000, 0x0000000083600000|100%| O|  |TAMS 0x0000000083600000, 0x0000000083500000| Complete 
|  54|0x0000000083600000, 0x0000000083700000, 0x0000000083700000|100%| O|  |TAMS 0x0000000083700000, 0x0000000083600000| Untracked 
|  55|0x0000000083700000, 0x0000000083800000, 0x0000000083800000|100%| O|  |TAMS 0x0000000083800000, 0x0000000083700000| Untracked 
|  56|0x0000000083800000, 0x0000000083900000, 0x0000000083900000|100%| O|  |TAMS 0x0000000083900000, 0x0000000083800000| Untracked 
|  57|0x0000000083900000, 0x0000000083a00000, 0x0000000083a00000|100%| O|  |TAMS 0x0000000083a00000, 0x0000000083900000| Untracked 
|  58|0x0000000083a00000, 0x0000000083b00000, 0x0000000083b00000|100%| O|  |TAMS 0x0000000083b00000, 0x0000000083a00000| Untracked 
|  59|0x0000000083b00000, 0x0000000083c00000, 0x0000000083c00000|100%| O|  |TAMS 0x0000000083c00000, 0x0000000083b00000| Untracked 
|  60|0x0000000083c00000, 0x0000000083d00000, 0x0000000083d00000|100%| O|  |TAMS 0x0000000083d00000, 0x0000000083c00000| Untracked 
|  61|0x0000000083d00000, 0x0000000083e00000, 0x0000000083e00000|100%| O|  |TAMS 0x0000000083e00000, 0x0000000083d00000| Untracked 
|  62|0x0000000083e00000, 0x0000000083f00000, 0x0000000083f00000|100%| O|  |TAMS 0x0000000083f00000, 0x0000000083e00000| Untracked 
|  63|0x0000000083f00000, 0x0000000084000000, 0x0000000084000000|100%| O|  |TAMS 0x0000000084000000, 0x0000000083f00000| Complete 
|  64|0x0000000084000000, 0x0000000084100000, 0x0000000084100000|100%| O|  |TAMS 0x0000000084100000, 0x0000000084000000| Untracked 
|  65|0x0000000084100000, 0x0000000084200000, 0x0000000084200000|100%| O|  |TAMS 0x0000000084200000, 0x0000000084100000| Complete 
|  66|0x0000000084200000, 0x0000000084300000, 0x0000000084300000|100%| O|  |TAMS 0x0000000084300000, 0x0000000084200000| Untracked 
|  67|0x0000000084300000, 0x0000000084400000, 0x0000000084400000|100%| O|  |TAMS 0x0000000084400000, 0x0000000084300000| Untracked 
|  68|0x0000000084400000, 0x0000000084500000, 0x0000000084500000|100%| O|  |TAMS 0x0000000084500000, 0x0000000084400000| Untracked 
|  69|0x0000000084500000, 0x0000000084600000, 0x0000000084600000|100%| O|  |TAMS 0x0000000084600000, 0x0000000084500000| Untracked 
|  70|0x0000000084600000, 0x0000000084700000, 0x0000000084700000|100%| O|  |TAMS 0x0000000084700000, 0x0000000084600000| Untracked 
|  71|0x0000000084700000, 0x0000000084800000, 0x0000000084800000|100%| O|  |TAMS 0x0000000084800000, 0x0000000084700000| Untracked 
|  72|0x0000000084800000, 0x0000000084900000, 0x0000000084900000|100%| O|  |TAMS 0x0000000084900000, 0x0000000084800000| Untracked 
|  73|0x0000000084900000, 0x0000000084a00000, 0x0000000084a00000|100%| O|  |TAMS 0x0000000084a00000, 0x0000000084900000| Complete 
|  74|0x0000000084a00000, 0x0000000084b00000, 0x0000000084b00000|100%| O|  |TAMS 0x0000000084b00000, 0x0000000084a00000| Untracked 
|  75|0x0000000084b00000, 0x0000000084c00000, 0x0000000084c00000|100%| O|  |TAMS 0x0000000084c00000, 0x0000000084b00000| Complete 
|  76|0x0000000084c00000, 0x0000000084d00000, 0x0000000084d00000|100%| O|  |TAMS 0x0000000084d00000, 0x0000000084c00000| Untracked 
|  77|0x0000000084d00000, 0x0000000084e00000, 0x0000000084e00000|100%| O|  |TAMS 0x0000000084e00000, 0x0000000084d00000| Untracked 
|  78|0x0000000084e00000, 0x0000000084f00000, 0x0000000084f00000|100%| O|  |TAMS 0x0000000084f00000, 0x0000000084e00000| Complete 
|  79|0x0000000084f00000, 0x0000000085000000, 0x0000000085000000|100%| O|  |TAMS 0x0000000085000000, 0x0000000084f00000| Complete 
|  80|0x0000000085000000, 0x0000000085100000, 0x0000000085100000|100%| O|  |TAMS 0x0000000085100000, 0x0000000085000000| Untracked 
|  81|0x0000000085100000, 0x0000000085200000, 0x0000000085200000|100%| O|  |TAMS 0x0000000085200000, 0x0000000085100000| Complete 
|  82|0x0000000085200000, 0x0000000085300000, 0x0000000085300000|100%| O|  |TAMS 0x0000000085300000, 0x0000000085200000| Complete 
|  83|0x0000000085300000, 0x0000000085400000, 0x0000000085400000|100%| O|  |TAMS 0x0000000085400000, 0x0000000085300000| Complete 
|  84|0x0000000085400000, 0x0000000085500000, 0x0000000085500000|100%| O|  |TAMS 0x0000000085500000, 0x0000000085400000| Complete 
|  85|0x0000000085500000, 0x0000000085600000, 0x0000000085600000|100%| O|  |TAMS 0x0000000085600000, 0x0000000085500000| Untracked 
|  86|0x0000000085600000, 0x0000000085700000, 0x0000000085700000|100%| O|  |TAMS 0x0000000085700000, 0x0000000085600000| Complete 
|  87|0x0000000085700000, 0x0000000085800000, 0x0000000085800000|100%|HS|  |TAMS 0x0000000085800000, 0x0000000085700000| Complete 
|  88|0x0000000085800000, 0x0000000085900000, 0x0000000085900000|100%|HC|  |TAMS 0x0000000085900000, 0x0000000085800000| Complete 
|  89|0x0000000085900000, 0x0000000085a00000, 0x0000000085a00000|100%|HS|  |TAMS 0x0000000085a00000, 0x0000000085900000| Complete 
|  90|0x0000000085a00000, 0x0000000085b00000, 0x0000000085b00000|100%| O|  |TAMS 0x0000000085b00000, 0x0000000085a00000| Untracked 
|  91|0x0000000085b00000, 0x0000000085c00000, 0x0000000085c00000|100%| O|  |TAMS 0x0000000085c00000, 0x0000000085b00000| Untracked 
|  92|0x0000000085c00000, 0x0000000085d00000, 0x0000000085d00000|100%| O|  |TAMS 0x0000000085d00000, 0x0000000085c00000| Untracked 
|  93|0x0000000085d00000, 0x0000000085e00000, 0x0000000085e00000|100%| O|  |TAMS 0x0000000085e00000, 0x0000000085d00000| Untracked 
|  94|0x0000000085e00000, 0x0000000085f00000, 0x0000000085f00000|100%| O|  |TAMS 0x0000000085f00000, 0x0000000085e00000| Untracked 
|  95|0x0000000085f00000, 0x0000000086000000, 0x0000000086000000|100%| O|  |TAMS 0x0000000086000000, 0x0000000085f00000| Complete 
|  96|0x0000000086000000, 0x0000000086100000, 0x0000000086100000|100%|HS|  |TAMS 0x0000000086100000, 0x0000000086000000| Complete 
|  97|0x0000000086100000, 0x0000000086200000, 0x0000000086200000|100%|HS|  |TAMS 0x0000000086200000, 0x0000000086100000| Complete 
|  98|0x0000000086200000, 0x0000000086300000, 0x0000000086300000|100%|HC|  |TAMS 0x0000000086300000, 0x0000000086200000| Complete 
|  99|0x0000000086300000, 0x0000000086400000, 0x0000000086400000|100%| O|  |TAMS 0x0000000086400000, 0x0000000086300000| Complete 
| 100|0x0000000086400000, 0x0000000086500000, 0x0000000086500000|100%| O|  |TAMS 0x0000000086500000, 0x0000000086400000| Untracked 
| 101|0x0000000086500000, 0x0000000086600000, 0x0000000086600000|100%| O|  |TAMS 0x0000000086600000, 0x0000000086500000| Complete 
| 102|0x0000000086600000, 0x0000000086700000, 0x0000000086700000|100%|HS|  |TAMS 0x0000000086700000, 0x0000000086600000| Complete 
| 103|0x0000000086700000, 0x0000000086800000, 0x0000000086800000|100%| O|  |TAMS 0x0000000086800000, 0x0000000086700000| Complete 
| 104|0x0000000086800000, 0x0000000086900000, 0x0000000086900000|100%| O|  |TAMS 0x0000000086900000, 0x0000000086800000| Complete 
| 105|0x0000000086900000, 0x0000000086a00000, 0x0000000086a00000|100%| O|  |TAMS 0x0000000086a00000, 0x0000000086900000| Untracked 
| 106|0x0000000086a00000, 0x0000000086b00000, 0x0000000086b00000|100%| O|  |TAMS 0x0000000086b00000, 0x0000000086a00000| Untracked 
| 107|0x0000000086b00000, 0x0000000086c00000, 0x0000000086c00000|100%| O|  |TAMS 0x0000000086c00000, 0x0000000086b00000| Complete 
| 108|0x0000000086c00000, 0x0000000086d00000, 0x0000000086d00000|100%| O|  |TAMS 0x0000000086d00000, 0x0000000086c00000| Complete 
| 109|0x0000000086d00000, 0x0000000086e00000, 0x0000000086e00000|100%|HS|  |TAMS 0x0000000086e00000, 0x0000000086d00000| Complete 
| 110|0x0000000086e00000, 0x0000000086f00000, 0x0000000086f00000|100%|HC|  |TAMS 0x0000000086f00000, 0x0000000086e00000| Complete 
| 111|0x0000000086f00000, 0x0000000087000000, 0x0000000087000000|100%|HS|  |TAMS 0x0000000087000000, 0x0000000086f00000| Complete 
| 112|0x0000000087000000, 0x0000000087100000, 0x0000000087100000|100%|HC|  |TAMS 0x0000000087100000, 0x0000000087000000| Complete 
| 113|0x0000000087100000, 0x0000000087200000, 0x0000000087200000|100%|HC|  |TAMS 0x0000000087200000, 0x0000000087100000| Complete 
| 114|0x0000000087200000, 0x0000000087300000, 0x0000000087300000|100%| O|  |TAMS 0x0000000087300000, 0x0000000087200000| Untracked 
| 115|0x0000000087300000, 0x0000000087400000, 0x0000000087400000|100%| O|  |TAMS 0x0000000087400000, 0x0000000087300000| Untracked 
| 116|0x0000000087400000, 0x0000000087500000, 0x0000000087500000|100%| O|  |TAMS 0x0000000087500000, 0x0000000087400000| Untracked 
| 117|0x0000000087500000, 0x0000000087600000, 0x0000000087600000|100%|HS|  |TAMS 0x0000000087600000, 0x0000000087500000| Complete 
| 118|0x0000000087600000, 0x0000000087700000, 0x0000000087700000|100%|HC|  |TAMS 0x0000000087700000, 0x0000000087600000| Complete 
| 119|0x0000000087700000, 0x0000000087800000, 0x0000000087800000|100%| O|  |TAMS 0x0000000087800000, 0x0000000087700000| Untracked 
| 120|0x0000000087800000, 0x0000000087900000, 0x0000000087900000|100%|HS|  |TAMS 0x0000000087900000, 0x0000000087800000| Complete 
| 121|0x0000000087900000, 0x0000000087a00000, 0x0000000087a00000|100%| O|  |TAMS 0x0000000087a00000, 0x0000000087900000| Untracked 
| 122|0x0000000087a00000, 0x0000000087b00000, 0x0000000087b00000|100%|HS|  |TAMS 0x0000000087b00000, 0x0000000087a00000| Complete 
| 123|0x0000000087b00000, 0x0000000087c00000, 0x0000000087c00000|100%| O|  |TAMS 0x0000000087c00000, 0x0000000087b00000| Untracked 
| 124|0x0000000087c00000, 0x0000000087d00000, 0x0000000087d00000|100%| O|  |TAMS 0x0000000087d00000, 0x0000000087c00000| Untracked 
| 125|0x0000000087d00000, 0x0000000087e00000, 0x0000000087e00000|100%| O|  |TAMS 0x0000000087e00000, 0x0000000087d00000| Untracked 
| 126|0x0000000087e00000, 0x0000000087f00000, 0x0000000087f00000|100%|HS|  |TAMS 0x0000000087f00000, 0x0000000087e00000| Complete 
| 127|0x0000000087f00000, 0x0000000088000000, 0x0000000088000000|100%|HC|  |TAMS 0x0000000088000000, 0x0000000087f00000| Complete 
| 128|0x0000000088000000, 0x0000000088100000, 0x0000000088100000|100%| O|  |TAMS 0x0000000088100000, 0x0000000088000000| Complete 
| 129|0x0000000088100000, 0x0000000088200000, 0x0000000088200000|100%|HS|  |TAMS 0x0000000088200000, 0x0000000088100000| Complete 
| 130|0x0000000088200000, 0x0000000088300000, 0x0000000088300000|100%| O|  |TAMS 0x0000000088300000, 0x0000000088200000| Untracked 
| 131|0x0000000088300000, 0x0000000088400000, 0x0000000088400000|100%|HS|  |TAMS 0x0000000088400000, 0x0000000088300000| Complete 
| 132|0x0000000088400000, 0x0000000088500000, 0x0000000088500000|100%|HC|  |TAMS 0x0000000088500000, 0x0000000088400000| Complete 
| 133|0x0000000088500000, 0x0000000088600000, 0x0000000088600000|100%| O|  |TAMS 0x0000000088600000, 0x0000000088500000| Untracked 
| 134|0x0000000088600000, 0x0000000088700000, 0x0000000088700000|100%| O|  |TAMS 0x0000000088700000, 0x0000000088600000| Untracked 
| 135|0x0000000088700000, 0x0000000088800000, 0x0000000088800000|100%| O|  |TAMS 0x0000000088800000, 0x0000000088700000| Untracked 
| 136|0x0000000088800000, 0x0000000088900000, 0x0000000088900000|100%| O|  |TAMS 0x0000000088900000, 0x0000000088800000| Untracked 
| 137|0x0000000088900000, 0x0000000088a00000, 0x0000000088a00000|100%| O|  |TAMS 0x0000000088a00000, 0x0000000088900000| Untracked 
| 138|0x0000000088a00000, 0x0000000088b00000, 0x0000000088b00000|100%| O|  |TAMS 0x0000000088b00000, 0x0000000088a00000| Untracked 
| 139|0x0000000088b00000, 0x0000000088c00000, 0x0000000088c00000|100%|HS|  |TAMS 0x0000000088c00000, 0x0000000088b00000| Complete 
| 140|0x0000000088c00000, 0x0000000088d00000, 0x0000000088d00000|100%|HC|  |TAMS 0x0000000088d00000, 0x0000000088c00000| Complete 
| 141|0x0000000088d00000, 0x0000000088e00000, 0x0000000088e00000|100%|HC|  |TAMS 0x0000000088e00000, 0x0000000088d00000| Complete 
| 142|0x0000000088e00000, 0x0000000088f00000, 0x0000000088f00000|100%| O|  |TAMS 0x0000000088f00000, 0x0000000088e00000| Untracked 
| 143|0x0000000088f00000, 0x0000000089000000, 0x0000000089000000|100%| O|  |TAMS 0x0000000089000000, 0x0000000088f00000| Complete 
| 144|0x0000000089000000, 0x0000000089100000, 0x0000000089100000|100%| O|  |TAMS 0x0000000089100000, 0x0000000089000000| Untracked 
| 145|0x0000000089100000, 0x0000000089200000, 0x0000000089200000|100%| O|  |TAMS 0x0000000089200000, 0x0000000089100000| Untracked 
| 146|0x0000000089200000, 0x0000000089300000, 0x0000000089300000|100%| O|  |TAMS 0x0000000089300000, 0x0000000089200000| Untracked 
| 147|0x0000000089300000, 0x0000000089400000, 0x0000000089400000|100%| O|  |TAMS 0x0000000089400000, 0x0000000089300000| Untracked 
| 148|0x0000000089400000, 0x0000000089500000, 0x0000000089500000|100%| O|  |TAMS 0x0000000089500000, 0x0000000089400000| Untracked 
| 149|0x0000000089500000, 0x0000000089600000, 0x0000000089600000|100%| O|  |TAMS 0x0000000089600000, 0x0000000089500000| Complete 
| 150|0x0000000089600000, 0x0000000089700000, 0x0000000089700000|100%| O|  |TAMS 0x0000000089700000, 0x0000000089600000| Untracked 
| 151|0x0000000089700000, 0x0000000089800000, 0x0000000089800000|100%| O|  |TAMS 0x0000000089800000, 0x0000000089700000| Untracked 
| 152|0x0000000089800000, 0x0000000089900000, 0x0000000089900000|100%| O|  |TAMS 0x0000000089900000, 0x0000000089800000| Untracked 
| 153|0x0000000089900000, 0x0000000089a00000, 0x0000000089a00000|100%| O|  |TAMS 0x0000000089a00000, 0x0000000089900000| Untracked 
| 154|0x0000000089a00000, 0x0000000089b00000, 0x0000000089b00000|100%| O|  |TAMS 0x0000000089b00000, 0x0000000089a00000| Untracked 
| 155|0x0000000089b00000, 0x0000000089c00000, 0x0000000089c00000|100%| O|  |TAMS 0x0000000089c00000, 0x0000000089b00000| Untracked 
| 156|0x0000000089c00000, 0x0000000089d00000, 0x0000000089d00000|100%| O|  |TAMS 0x0000000089d00000, 0x0000000089c00000| Complete 
| 157|0x0000000089d00000, 0x0000000089e00000, 0x0000000089e00000|100%| O|  |TAMS 0x0000000089e00000, 0x0000000089d00000| Complete 
| 158|0x0000000089e00000, 0x0000000089f00000, 0x0000000089f00000|100%| O|  |TAMS 0x0000000089f00000, 0x0000000089e00000| Untracked 
| 159|0x0000000089f00000, 0x000000008a000000, 0x000000008a000000|100%| O|  |TAMS 0x000000008a000000, 0x0000000089f00000| Untracked 
| 160|0x000000008a000000, 0x000000008a100000, 0x000000008a100000|100%| O|  |TAMS 0x000000008a100000, 0x000000008a000000| Untracked 
| 161|0x000000008a100000, 0x000000008a200000, 0x000000008a200000|100%| O|  |TAMS 0x000000008a200000, 0x000000008a100000| Untracked 
| 162|0x000000008a200000, 0x000000008a300000, 0x000000008a300000|100%| O|  |TAMS 0x000000008a300000, 0x000000008a200000| Untracked 
| 163|0x000000008a300000, 0x000000008a400000, 0x000000008a400000|100%| O|  |TAMS 0x000000008a400000, 0x000000008a300000| Untracked 
| 164|0x000000008a400000, 0x000000008a500000, 0x000000008a500000|100%| O|  |TAMS 0x000000008a500000, 0x000000008a400000| Untracked 
| 165|0x000000008a500000, 0x000000008a600000, 0x000000008a600000|100%| O|  |TAMS 0x000000008a600000, 0x000000008a500000| Untracked 
| 166|0x000000008a600000, 0x000000008a700000, 0x000000008a700000|100%| O|  |TAMS 0x000000008a700000, 0x000000008a600000| Untracked 
| 167|0x000000008a700000, 0x000000008a800000, 0x000000008a800000|100%| O|  |TAMS 0x000000008a800000, 0x000000008a700000| Untracked 
| 168|0x000000008a800000, 0x000000008a900000, 0x000000008a900000|100%| O|  |TAMS 0x000000008a900000, 0x000000008a800000| Untracked 
| 169|0x000000008a900000, 0x000000008aa00000, 0x000000008aa00000|100%| O|  |TAMS 0x000000008aa00000, 0x000000008a900000| Untracked 
| 170|0x000000008aa00000, 0x000000008ab00000, 0x000000008ab00000|100%| O|  |TAMS 0x000000008ab00000, 0x000000008aa00000| Untracked 
| 171|0x000000008ab00000, 0x000000008ac00000, 0x000000008ac00000|100%| O|  |TAMS 0x000000008ac00000, 0x000000008ab00000| Untracked 
| 172|0x000000008ac00000, 0x000000008ad00000, 0x000000008ad00000|100%| O|  |TAMS 0x000000008ad00000, 0x000000008ac00000| Untracked 
| 173|0x000000008ad00000, 0x000000008ae00000, 0x000000008ae00000|100%| O|  |TAMS 0x000000008ae00000, 0x000000008ad00000| Complete 
| 174|0x000000008ae00000, 0x000000008af00000, 0x000000008af00000|100%| O|  |TAMS 0x000000008ae65800, 0x000000008ae00000| Complete 
| 175|0x000000008af00000, 0x000000008b000000, 0x000000008b000000|100%| O|  |TAMS 0x000000008af00000, 0x000000008af00000| Untracked 
| 176|0x000000008b000000, 0x000000008b100000, 0x000000008b100000|100%| O|  |TAMS 0x000000008b000000, 0x000000008b000000| Untracked 
| 177|0x000000008b100000, 0x000000008b200000, 0x000000008b200000|100%| O|  |TAMS 0x000000008b100000, 0x000000008b100000| Untracked 
| 178|0x000000008b200000, 0x000000008b300000, 0x000000008b300000|100%| O|  |TAMS 0x000000008b200000, 0x000000008b200000| Untracked 
| 179|0x000000008b300000, 0x000000008b400000, 0x000000008b400000|100%| O|  |TAMS 0x000000008b300000, 0x000000008b300000| Untracked 
| 180|0x000000008b400000, 0x000000008b500000, 0x000000008b500000|100%| O|  |TAMS 0x000000008b400000, 0x000000008b400000| Untracked 
| 181|0x000000008b500000, 0x000000008b600000, 0x000000008b600000|100%| O|  |TAMS 0x000000008b500000, 0x000000008b500000| Untracked 
| 182|0x000000008b600000, 0x000000008b700000, 0x000000008b700000|100%| O|  |TAMS 0x000000008b600000, 0x000000008b600000| Untracked 
| 183|0x000000008b700000, 0x000000008b800000, 0x000000008b800000|100%| O|  |TAMS 0x000000008b700000, 0x000000008b700000| Untracked 
| 184|0x000000008b800000, 0x000000008b900000, 0x000000008b900000|100%| O|  |TAMS 0x000000008b800000, 0x000000008b800000| Untracked 
| 185|0x000000008b900000, 0x000000008ba00000, 0x000000008ba00000|100%| O|  |TAMS 0x000000008b900000, 0x000000008b900000| Untracked 
| 186|0x000000008ba00000, 0x000000008bb00000, 0x000000008bb00000|100%| O|  |TAMS 0x000000008ba00000, 0x000000008ba00000| Untracked 
| 187|0x000000008bb00000, 0x000000008bc00000, 0x000000008bc00000|100%| O|  |TAMS 0x000000008bb00000, 0x000000008bb00000| Untracked 
| 188|0x000000008bc00000, 0x000000008bd00000, 0x000000008bd00000|100%| O|  |TAMS 0x000000008bc00000, 0x000000008bc00000| Untracked 
| 189|0x000000008bd00000, 0x000000008be00000, 0x000000008be00000|100%| O|  |TAMS 0x000000008bd00000, 0x000000008bd00000| Untracked 
| 190|0x000000008be00000, 0x000000008bf00000, 0x000000008bf00000|100%| O|  |TAMS 0x000000008be00000, 0x000000008be00000| Untracked 
| 191|0x000000008bf00000, 0x000000008c000000, 0x000000008c000000|100%| O|  |TAMS 0x000000008bf00000, 0x000000008bf00000| Untracked 
| 192|0x000000008c000000, 0x000000008c100000, 0x000000008c100000|100%| O|  |TAMS 0x000000008c000000, 0x000000008c000000| Untracked 
| 193|0x000000008c100000, 0x000000008c200000, 0x000000008c200000|100%| O|  |TAMS 0x000000008c100000, 0x000000008c100000| Untracked 
| 194|0x000000008c200000, 0x000000008c300000, 0x000000008c300000|100%| O|  |TAMS 0x000000008c200000, 0x000000008c200000| Untracked 
| 195|0x000000008c300000, 0x000000008c400000, 0x000000008c400000|100%| O|  |TAMS 0x000000008c300000, 0x000000008c300000| Untracked 
| 196|0x000000008c400000, 0x000000008c500000, 0x000000008c500000|100%| O|  |TAMS 0x000000008c400000, 0x000000008c400000| Untracked 
| 197|0x000000008c500000, 0x000000008c500000, 0x000000008c600000|  0%| F|  |TAMS 0x000000008c500000, 0x000000008c500000| Untracked 
| 198|0x000000008c600000, 0x000000008c600000, 0x000000008c700000|  0%| F|  |TAMS 0x000000008c600000, 0x000000008c600000| Untracked 
| 199|0x000000008c700000, 0x000000008c700000, 0x000000008c800000|  0%| F|  |TAMS 0x000000008c700000, 0x000000008c700000| Untracked 
| 200|0x000000008c800000, 0x000000008c800000, 0x000000008c900000|  0%| F|  |TAMS 0x000000008c800000, 0x000000008c800000| Untracked 
| 201|0x000000008c900000, 0x000000008c900000, 0x000000008ca00000|  0%| F|  |TAMS 0x000000008c900000, 0x000000008c900000| Untracked 
| 202|0x000000008ca00000, 0x000000008ca00000, 0x000000008cb00000|  0%| F|  |TAMS 0x000000008ca00000, 0x000000008ca00000| Untracked 
| 203|0x000000008cb00000, 0x000000008cb00000, 0x000000008cc00000|  0%| F|  |TAMS 0x000000008cb00000, 0x000000008cb00000| Untracked 
| 204|0x000000008cc00000, 0x000000008cc00000, 0x000000008cd00000|  0%| F|  |TAMS 0x000000008cc00000, 0x000000008cc00000| Untracked 
| 205|0x000000008cd00000, 0x000000008cd00000, 0x000000008ce00000|  0%| F|  |TAMS 0x000000008cd00000, 0x000000008cd00000| Untracked 
| 206|0x000000008ce00000, 0x000000008ce00000, 0x000000008cf00000|  0%| F|  |TAMS 0x000000008ce00000, 0x000000008ce00000| Untracked 
| 207|0x000000008cf00000, 0x000000008cf00000, 0x000000008d000000|  0%| F|  |TAMS 0x000000008cf00000, 0x000000008cf00000| Untracked 
| 208|0x000000008d000000, 0x000000008d000000, 0x000000008d100000|  0%| F|  |TAMS 0x000000008d000000, 0x000000008d000000| Untracked 
| 209|0x000000008d100000, 0x000000008d100000, 0x000000008d200000|  0%| F|  |TAMS 0x000000008d100000, 0x000000008d100000| Untracked 
| 210|0x000000008d200000, 0x000000008d200000, 0x000000008d300000|  0%| F|  |TAMS 0x000000008d200000, 0x000000008d200000| Untracked 
| 211|0x000000008d300000, 0x000000008d300000, 0x000000008d400000|  0%| F|  |TAMS 0x000000008d300000, 0x000000008d300000| Untracked 
| 212|0x000000008d400000, 0x000000008d400000, 0x000000008d500000|  0%| F|  |TAMS 0x000000008d400000, 0x000000008d400000| Untracked 
| 213|0x000000008d500000, 0x000000008d500000, 0x000000008d600000|  0%| F|  |TAMS 0x000000008d500000, 0x000000008d500000| Untracked 
| 214|0x000000008d600000, 0x000000008d600000, 0x000000008d700000|  0%| F|  |TAMS 0x000000008d600000, 0x000000008d600000| Untracked 
| 215|0x000000008d700000, 0x000000008d700000, 0x000000008d800000|  0%| F|  |TAMS 0x000000008d700000, 0x000000008d700000| Untracked 
| 216|0x000000008d800000, 0x000000008d800000, 0x000000008d900000|  0%| F|  |TAMS 0x000000008d800000, 0x000000008d800000| Untracked 
| 217|0x000000008d900000, 0x000000008d900000, 0x000000008da00000|  0%| F|  |TAMS 0x000000008d900000, 0x000000008d900000| Untracked 
| 218|0x000000008da00000, 0x000000008da00000, 0x000000008db00000|  0%| F|  |TAMS 0x000000008da00000, 0x000000008da00000| Untracked 
| 219|0x000000008db00000, 0x000000008db00000, 0x000000008dc00000|  0%| F|  |TAMS 0x000000008db00000, 0x000000008db00000| Untracked 
| 220|0x000000008dc00000, 0x000000008dc00000, 0x000000008dd00000|  0%| F|  |TAMS 0x000000008dc00000, 0x000000008dc00000| Untracked 
| 221|0x000000008dd00000, 0x000000008dd00000, 0x000000008de00000|  0%| F|  |TAMS 0x000000008dd00000, 0x000000008dd00000| Untracked 
| 222|0x000000008de00000, 0x000000008de00000, 0x000000008df00000|  0%| F|  |TAMS 0x000000008de00000, 0x000000008de00000| Untracked 
| 223|0x000000008df00000, 0x000000008df00000, 0x000000008e000000|  0%| F|  |TAMS 0x000000008df00000, 0x000000008df00000| Untracked 
| 224|0x000000008e000000, 0x000000008e000000, 0x000000008e100000|  0%| F|  |TAMS 0x000000008e000000, 0x000000008e000000| Untracked 
| 225|0x000000008e100000, 0x000000008e100000, 0x000000008e200000|  0%| F|  |TAMS 0x000000008e100000, 0x000000008e100000| Untracked 
| 226|0x000000008e200000, 0x000000008e200000, 0x000000008e300000|  0%| F|  |TAMS 0x000000008e200000, 0x000000008e200000| Untracked 
| 227|0x000000008e300000, 0x000000008e300000, 0x000000008e400000|  0%| F|  |TAMS 0x000000008e300000, 0x000000008e300000| Untracked 
| 228|0x000000008e400000, 0x000000008e400000, 0x000000008e500000|  0%| F|  |TAMS 0x000000008e400000, 0x000000008e400000| Untracked 
| 229|0x000000008e500000, 0x000000008e500000, 0x000000008e600000|  0%| F|  |TAMS 0x000000008e500000, 0x000000008e500000| Untracked 
| 230|0x000000008e600000, 0x000000008e600000, 0x000000008e700000|  0%| F|  |TAMS 0x000000008e600000, 0x000000008e600000| Untracked 
| 231|0x000000008e700000, 0x000000008e700000, 0x000000008e800000|  0%| F|  |TAMS 0x000000008e700000, 0x000000008e700000| Untracked 
| 232|0x000000008e800000, 0x000000008e800000, 0x000000008e900000|  0%| F|  |TAMS 0x000000008e800000, 0x000000008e800000| Untracked 
| 233|0x000000008e900000, 0x000000008e900000, 0x000000008ea00000|  0%| F|  |TAMS 0x000000008e900000, 0x000000008e900000| Untracked 
| 234|0x000000008ea00000, 0x000000008ea00000, 0x000000008eb00000|  0%| F|  |TAMS 0x000000008ea00000, 0x000000008ea00000| Untracked 
| 235|0x000000008eb00000, 0x000000008eb00000, 0x000000008ec00000|  0%| F|  |TAMS 0x000000008eb00000, 0x000000008eb00000| Untracked 
| 236|0x000000008ec00000, 0x000000008ec00000, 0x000000008ed00000|  0%| F|  |TAMS 0x000000008ec00000, 0x000000008ec00000| Untracked 
| 237|0x000000008ed00000, 0x000000008ed00000, 0x000000008ee00000|  0%| F|  |TAMS 0x000000008ed00000, 0x000000008ed00000| Untracked 
| 238|0x000000008ee00000, 0x000000008ee00000, 0x000000008ef00000|  0%| F|  |TAMS 0x000000008ee00000, 0x000000008ee00000| Untracked 
| 239|0x000000008ef00000, 0x000000008ef00000, 0x000000008f000000|  0%| F|  |TAMS 0x000000008ef00000, 0x000000008ef00000| Untracked 
| 240|0x000000008f000000, 0x000000008f000000, 0x000000008f100000|  0%| F|  |TAMS 0x000000008f000000, 0x000000008f000000| Untracked 
| 241|0x000000008f100000, 0x000000008f100000, 0x000000008f200000|  0%| F|  |TAMS 0x000000008f100000, 0x000000008f100000| Untracked 
| 242|0x000000008f200000, 0x000000008f200000, 0x000000008f300000|  0%| F|  |TAMS 0x000000008f200000, 0x000000008f200000| Untracked 
| 243|0x000000008f300000, 0x000000008f300000, 0x000000008f400000|  0%| F|  |TAMS 0x000000008f300000, 0x000000008f300000| Untracked 
| 244|0x000000008f400000, 0x000000008f400000, 0x000000008f500000|  0%| F|  |TAMS 0x000000008f400000, 0x000000008f400000| Untracked 
| 245|0x000000008f500000, 0x000000008f5fe0c0, 0x000000008f600000| 99%| S|CS|TAMS 0x000000008f500000, 0x000000008f500000| Complete 
| 246|0x000000008f600000, 0x000000008f600000, 0x000000008f700000|  0%| F|  |TAMS 0x000000008f600000, 0x000000008f600000| Untracked 
| 247|0x000000008f700000, 0x000000008f700000, 0x000000008f800000|  0%| F|  |TAMS 0x000000008f700000, 0x000000008f700000| Untracked 
| 248|0x000000008f800000, 0x000000008f800000, 0x000000008f900000|  0%| F|  |TAMS 0x000000008f800000, 0x000000008f800000| Untracked 
| 249|0x000000008f900000, 0x000000008f900000, 0x000000008fa00000|  0%| F|  |TAMS 0x000000008f900000, 0x000000008f900000| Untracked 
| 250|0x000000008fa00000, 0x000000008fa00000, 0x000000008fb00000|  0%| F|  |TAMS 0x000000008fa00000, 0x000000008fa00000| Untracked 
| 251|0x000000008fb00000, 0x000000008fb00000, 0x000000008fc00000|  0%| F|  |TAMS 0x000000008fb00000, 0x000000008fb00000| Untracked 
| 252|0x000000008fc00000, 0x000000008fc00000, 0x000000008fd00000|  0%| F|  |TAMS 0x000000008fc00000, 0x000000008fc00000| Untracked 
| 253|0x000000008fd00000, 0x000000008fd00000, 0x000000008fe00000|  0%| F|  |TAMS 0x000000008fd00000, 0x000000008fd00000| Untracked 
| 254|0x000000008fe00000, 0x000000008fe00000, 0x000000008ff00000|  0%| F|  |TAMS 0x000000008fe00000, 0x000000008fe00000| Untracked 
| 255|0x000000008ff00000, 0x000000008ff00000, 0x0000000090000000|  0%| F|  |TAMS 0x000000008ff00000, 0x000000008ff00000| Untracked 
| 256|0x0000000090000000, 0x0000000090000000, 0x0000000090100000|  0%| F|  |TAMS 0x0000000090000000, 0x0000000090000000| Untracked 
| 257|0x0000000090100000, 0x0000000090100000, 0x0000000090200000|  0%| F|  |TAMS 0x0000000090100000, 0x0000000090100000| Untracked 
| 258|0x0000000090200000, 0x0000000090200000, 0x0000000090300000|  0%| F|  |TAMS 0x0000000090200000, 0x0000000090200000| Untracked 
| 259|0x0000000090300000, 0x0000000090300000, 0x0000000090400000|  0%| F|  |TAMS 0x0000000090300000, 0x0000000090300000| Untracked 
| 260|0x0000000090400000, 0x0000000090400000, 0x0000000090500000|  0%| F|  |TAMS 0x0000000090400000, 0x0000000090400000| Untracked 
| 261|0x0000000090500000, 0x0000000090500000, 0x0000000090600000|  0%| F|  |TAMS 0x0000000090500000, 0x0000000090500000| Untracked 
| 262|0x0000000090600000, 0x0000000090600000, 0x0000000090700000|  0%| F|  |TAMS 0x0000000090600000, 0x0000000090600000| Untracked 
| 263|0x0000000090700000, 0x0000000090700000, 0x0000000090800000|  0%| F|  |TAMS 0x0000000090700000, 0x0000000090700000| Untracked 
| 264|0x0000000090800000, 0x0000000090800000, 0x0000000090900000|  0%| F|  |TAMS 0x0000000090800000, 0x0000000090800000| Untracked 
| 265|0x0000000090900000, 0x0000000090900000, 0x0000000090a00000|  0%| F|  |TAMS 0x0000000090900000, 0x0000000090900000| Untracked 
| 266|0x0000000090a00000, 0x0000000090a00000, 0x0000000090b00000|  0%| F|  |TAMS 0x0000000090a00000, 0x0000000090a00000| Untracked 

Card table byte_map: [0x00000200f9b80000,0x00000200f9f80000] _byte_map_base: 0x00000200f9780000

Marking Bits (Prev, Next): (CMBitMap*) 0x00000200e6c95180, (CMBitMap*) 0x00000200e6c95148
 Prev Bits: [0x00000200fc380000, 0x00000200fe380000)
 Next Bits: [0x00000200fa380000, 0x00000200fc380000)

Polling page: 0x00000200e4c60000

Metaspace:

Usage:
  Non-class:     97.39 MB capacity,    95.66 MB ( 98%) used,     1.38 MB (  1%) free+waste,   355.94 KB ( <1%) overhead. 
      Class:     15.14 MB capacity,    14.03 MB ( 93%) used,   975.02 KB (  6%) free+waste,   159.12 KB (  1%) overhead. 
       Both:    112.53 MB capacity,   109.70 MB ( 97%) used,     2.33 MB (  2%) free+waste,   515.06 KB ( <1%) overhead. 

Virtual space:
  Non-class space:       98.00 MB reserved,      97.63 MB (>99%) committed 
      Class space:        1.00 GB reserved,      15.20 MB (  1%) committed 
             Both:        1.10 GB reserved,     112.83 MB ( 10%) committed 

Chunk freelists:
   Non-Class:  51.00 KB
       Class:  15.00 KB
        Both:  66.00 KB

MaxMetaspaceSize: 17179869184.00 GB
CompressedClassSpaceSize: 1.00 GB
Initial GC threshold: 20.80 MB
Current GC threshold: 183.67 MB
CDS: off

CodeHeap 'non-profiled nmethods': size=120064Kb used=10464Kb max_used=10464Kb free=109599Kb
 bounds [0x00000200f2240000, 0x00000200f2c80000, 0x00000200f9780000]
CodeHeap 'profiled nmethods': size=120000Kb used=33435Kb max_used=33435Kb free=86564Kb
 bounds [0x00000200ead10000, 0x00000200ecdc0000, 0x00000200f2240000]
CodeHeap 'non-nmethods': size=5696Kb used=2444Kb max_used=2507Kb free=3251Kb
 bounds [0x00000200ea780000, 0x00000200eaa10000, 0x00000200ead10000]
 total_blobs=15854 nmethods=14881 adapters=884
 compilation: enabled
              stopped_count=0, restarted_count=0
 full_count=0

Compilation events (20 events):
Event: 29.710 Thread 0x00000200ff116000 14996       4       com.android.tools.r8.graph.N2::O (30 bytes)
Event: 29.711 Thread 0x00000200ff116000 nmethod 14996 0x00000200f2c75d10 code [0x00000200f2c75ea0, 0x00000200f2c75f38]
Event: 29.711 Thread 0x00000200ff116000 14995       4       com.android.tools.r8.graph.Q2$$Lambda$1323/0x0000000100f1ac40::test (12 bytes)
Event: 29.711 Thread 0x000002008b6fd800 nmethod 15000 0x00000200f2c76010 code [0x00000200f2c761c0, 0x00000200f2c76418]
Event: 29.711 Thread 0x00000200ff13b800 nmethod 15003 0x00000200ecdad310 code [0x00000200ecdad5c0, 0x00000200ecdae3d8]
Event: 29.711 Thread 0x00000200ff13b800 15004   !   3       com.android.tools.r8.internal.PF::a (213 bytes)
Event: 29.712 Thread 0x00000200ff116000 nmethod 14995 0x00000200f2c76710 code [0x00000200f2c768a0, 0x00000200f2c76978]
Event: 29.713 Thread 0x00000200ff13b800 nmethod 15004 0x00000200ecdae890 code [0x00000200ecdaec60, 0x00000200ecdb04b8]
Event: 29.713 Thread 0x000002008b6fd800 15005       4       java.util.concurrent.ConcurrentHashMap$KeyIterator::next (34 bytes)
Event: 29.715 Thread 0x00000200ff116000 15006   !   4       com.android.tools.r8.internal.PF::a (213 bytes)
Event: 29.719 Thread 0x000002008b6fd800 nmethod 15005 0x00000200f2c76b10 code [0x00000200f2c76cc0, 0x00000200f2c770d8]
Event: 29.728 Thread 0x00000200ff116000 nmethod 15006 0x00000200f2c77310 code [0x00000200f2c775e0, 0x00000200f2c77ca8]
Event: 29.760 Thread 0x00000200ff13b800 15007 %s    3       com.android.tools.r8.graph.v0::h @ 21 (58 bytes)
Event: 29.761 Thread 0x00000200ff13b800 nmethod 15007% 0x00000200ecdb0e10 code [0x00000200ecdb1100, 0x00000200ecdb23f8]
Event: 29.762 Thread 0x00000200ff13b800 15008       3       com.android.tools.r8.internal.R30::b (193 bytes)
Event: 29.764 Thread 0x00000200ff13b800 nmethod 15008 0x00000200ecdb2a10 code [0x00000200ecdb2e40, 0x00000200ecdb48c8]
Event: 29.764 Thread 0x00000200ff13b800 15009  s    3       com.android.tools.r8.graph.v0::h (58 bytes)
Event: 29.765 Thread 0x00000200ff13b800 nmethod 15009 0x00000200ecdb5210 code [0x00000200ecdb5500, 0x00000200ecdb6758]
Event: 29.772 Thread 0x000002008b6fd800 15010       4       java.util.ArrayDeque::add (7 bytes)
Event: 29.773 Thread 0x00000200ff116000 15011       4       java.util.IdentityHashMap::<init> (11 bytes)

GC Heap History (20 events):
Event: 24.263 GC heap after
{Heap after GC invocations=30 (full 0):
 garbage-first heap   total 227328K, used 100285K [0x0000000080000000, 0x0000000100000000)
  region size 1024K, 1 young (1024K), 1 survivors (1024K)
 Metaspace       used 98209K, capacity 100856K, committed 101200K, reserved 1136640K
  class space    used 12393K, capacity 13395K, committed 13516K, reserved 1048576K
}
Event: 25.558 GC heap before
{Heap before GC invocations=30 (full 0):
 garbage-first heap   total 227328K, used 157629K [0x0000000080000000, 0x0000000100000000)
  region size 1024K, 58 young (59392K), 1 survivors (1024K)
 Metaspace       used 100311K, capacity 103017K, committed 103248K, reserved 1138688K
  class space    used 12654K, capacity 13666K, committed 13772K, reserved 1048576K
}
Event: 25.567 GC heap after
{Heap after GC invocations=31 (full 0):
 garbage-first heap   total 227328K, used 105107K [0x0000000080000000, 0x0000000100000000)
  region size 1024K, 6 young (6144K), 6 survivors (6144K)
 Metaspace       used 100311K, capacity 103017K, committed 103248K, reserved 1138688K
  class space    used 12654K, capacity 13666K, committed 13772K, reserved 1048576K
}
Event: 25.928 GC heap before
{Heap before GC invocations=31 (full 0):
 garbage-first heap   total 227328K, used 139923K [0x0000000080000000, 0x0000000100000000)
  region size 1024K, 39 young (39936K), 6 survivors (6144K)
 Metaspace       used 101814K, capacity 104549K, committed 104784K, reserved 1140736K
  class space    used 12859K, capacity 13912K, committed 14028K, reserved 1048576K
}
Event: 25.938 GC heap after
{Heap after GC invocations=32 (full 0):
 garbage-first heap   total 227328K, used 109775K [0x0000000080000000, 0x0000000100000000)
  region size 1024K, 2 young (2048K), 2 survivors (2048K)
 Metaspace       used 101814K, capacity 104549K, committed 104784K, reserved 1140736K
  class space    used 12859K, capacity 13912K, committed 14028K, reserved 1048576K
}
Event: 26.859 GC heap before
{Heap before GC invocations=33 (full 0):
 garbage-first heap   total 227328K, used 201935K [0x0000000080000000, 0x0000000100000000)
  region size 1024K, 57 young (58368K), 2 survivors (2048K)
 Metaspace       used 106578K, capacity 109352K, committed 109392K, reserved 1144832K
  class space    used 13477K, capacity 14515K, committed 14540K, reserved 1048576K
}
Event: 26.868 GC heap after
{Heap after GC invocations=34 (full 0):
 garbage-first heap   total 227328K, used 137848K [0x0000000080000000, 0x0000000100000000)
  region size 1024K, 8 young (8192K), 8 survivors (8192K)
 Metaspace       used 106578K, capacity 109352K, committed 109392K, reserved 1144832K
  class space    used 13477K, capacity 14515K, committed 14540K, reserved 1048576K
}
Event: 26.941 GC heap before
{Heap before GC invocations=34 (full 0):
 garbage-first heap   total 227328K, used 140920K [0x0000000080000000, 0x0000000100000000)
  region size 1024K, 11 young (11264K), 8 survivors (8192K)
 Metaspace       used 106885K, capacity 109589K, committed 109776K, reserved 1144832K
  class space    used 13519K, capacity 14549K, committed 14668K, reserved 1048576K
}
Event: 26.957 GC heap after
{Heap after GC invocations=35 (full 0):
 garbage-first heap   total 227328K, used 131529K [0x0000000080000000, 0x0000000100000000)
  region size 1024K, 1 young (1024K), 1 survivors (1024K)
 Metaspace       used 106885K, capacity 109589K, committed 109776K, reserved 1144832K
  class space    used 13519K, capacity 14549K, committed 14668K, reserved 1048576K
}
Event: 27.276 GC heap before
{Heap before GC invocations=35 (full 0):
 garbage-first heap   total 227328K, used 161225K [0x0000000080000000, 0x0000000100000000)
  region size 1024K, 32 young (32768K), 1 survivors (1024K)
 Metaspace       used 107280K, capacity 109972K, committed 110288K, reserved 1144832K
  class space    used 13559K, capacity 14592K, committed 14668K, reserved 1048576K
}
Event: 27.301 GC heap after
{Heap after GC invocations=36 (full 0):
 garbage-first heap   total 227328K, used 143534K [0x0000000080000000, 0x0000000100000000)
  region size 1024K, 6 young (6144K), 6 survivors (6144K)
 Metaspace       used 107280K, capacity 109972K, committed 110288K, reserved 1144832K
  class space    used 13559K, capacity 14592K, committed 14668K, reserved 1048576K
}
Event: 27.990 GC heap before
{Heap before GC invocations=37 (full 0):
 garbage-first heap   total 227328K, used 179374K [0x0000000080000000, 0x0000000100000000)
  region size 1024K, 40 young (40960K), 6 survivors (6144K)
 Metaspace       used 109692K, capacity 112503K, committed 112592K, reserved 1146880K
  class space    used 14036K, capacity 15116K, committed 15180K, reserved 1048576K
}
Event: 28.022 GC heap after
{Heap after GC invocations=38 (full 0):
 garbage-first heap   total 273408K, used 158720K [0x0000000080000000, 0x0000000100000000)
  region size 1024K, 5 young (5120K), 5 survivors (5120K)
 Metaspace       used 109692K, capacity 112503K, committed 112592K, reserved 1146880K
  class space    used 14036K, capacity 15116K, committed 15180K, reserved 1048576K
}
Event: 28.071 GC heap before
{Heap before GC invocations=38 (full 0):
 garbage-first heap   total 273408K, used 166912K [0x0000000080000000, 0x0000000100000000)
  region size 1024K, 13 young (13312K), 5 survivors (5120K)
 Metaspace       used 109703K, capacity 112503K, committed 112592K, reserved 1146880K
  class space    used 14036K, capacity 15116K, committed 15180K, reserved 1048576K
}
Event: 28.090 GC heap after
{Heap after GC invocations=39 (full 0):
 garbage-first heap   total 273408K, used 163840K [0x0000000080000000, 0x0000000100000000)
  region size 1024K, 2 young (2048K), 2 survivors (2048K)
 Metaspace       used 109703K, capacity 112503K, committed 112592K, reserved 1146880K
  class space    used 14036K, capacity 15116K, committed 15180K, reserved 1048576K
}
Event: 28.449 GC heap before
{Heap before GC invocations=39 (full 0):
 garbage-first heap   total 273408K, used 203776K [0x0000000080000000, 0x0000000100000000)
  region size 1024K, 42 young (43008K), 2 survivors (2048K)
 Metaspace       used 109781K, capacity 112574K, committed 112848K, reserved 1146880K
  class space    used 14037K, capacity 15117K, committed 15180K, reserved 1048576K
}
Event: 28.479 GC heap after
{Heap after GC invocations=40 (full 0):
 garbage-first heap   total 273408K, used 184726K [0x0000000080000000, 0x0000000100000000)
  region size 1024K, 6 young (6144K), 6 survivors (6144K)
 Metaspace       used 109781K, capacity 112574K, committed 112848K, reserved 1146880K
  class space    used 14037K, capacity 15117K, committed 15180K, reserved 1048576K
}
Event: 28.969 GC heap before
{Heap before GC invocations=40 (full 0):
 garbage-first heap   total 273408K, used 214422K [0x0000000080000000, 0x0000000100000000)
  region size 1024K, 36 young (36864K), 6 survivors (6144K)
 Metaspace       used 109929K, capacity 112695K, committed 112848K, reserved 1146880K
  class space    used 14049K, capacity 15133K, committed 15180K, reserved 1048576K
}
Event: 28.997 GC heap after
{Heap after GC invocations=41 (full 0):
 garbage-first heap   total 273408K, used 200704K [0x0000000080000000, 0x0000000100000000)
  region size 1024K, 5 young (5120K), 5 survivors (5120K)
 Metaspace       used 109929K, capacity 112695K, committed 112848K, reserved 1146880K
  class space    used 14049K, capacity 15133K, committed 15180K, reserved 1048576K
}
Event: 29.774 GC heap before
{Heap before GC invocations=42 (full 0):
 garbage-first heap   total 273408K, used 221184K [0x0000000080000000, 0x0000000100000000)
  region size 1024K, 26 young (26624K), 5 survivors (5120K)
 Metaspace       used 112331K, capacity 115234K, committed 115536K, reserved 1148928K
  class space    used 14370K, capacity 15505K, committed 15564K, reserved 1048576K
}

Deoptimization events (20 events):
Event: 29.661 Thread 0x00000200837a9800 Uncommon trap: trap_request=0xffffffde fr.pc=0x00000200f2c629bc relative=0x000000000000055c
Event: 29.661 Thread 0x00000200837a9800 Uncommon trap: reason=class_check action=maybe_recompile pc=0x00000200f2c629bc method=com.android.tools.r8.graph.Q2.a(Ljava/util/function/Predicate;Ljava/util/function/Consumer;Lcom/android/tools/r8/graph/p0;)Lcom/android/tools/r8/internal/d30; @ 2 c2
Event: 29.661 Thread 0x00000200837a9800 DEOPT PACKING pc=0x00000200f2c629bc sp=0x00000099b6bfd690
Event: 29.661 Thread 0x00000200837a9800 DEOPT UNPACKING pc=0x00000200ea7ca1af sp=0x00000099b6bfd560 mode 2
Event: 29.710 Thread 0x00000200837a9800 Uncommon trap: trap_request=0xffffff4d fr.pc=0x00000200f2bb4f10 relative=0x0000000000000e10
Event: 29.710 Thread 0x00000200837a9800 Uncommon trap: reason=unstable_if action=reinterpret pc=0x00000200f2bb4f10 method=com.android.tools.r8.internal.UD.a(Ljava/lang/Object;Z)Lcom/android/tools/r8/internal/TD; @ 92 c2
Event: 29.710 Thread 0x00000200837a9800 DEOPT PACKING pc=0x00000200f2bb4f10 sp=0x00000099b6bfd860
Event: 29.710 Thread 0x00000200837a9800 DEOPT UNPACKING pc=0x00000200ea7ca1af sp=0x00000099b6bfd810 mode 2
Event: 29.761 Thread 0x00000200837a9800 Uncommon trap: trap_request=0xffffff4d fr.pc=0x00000200f2bb302c relative=0x00000000000007ec
Event: 29.761 Thread 0x00000200837a9800 Uncommon trap: reason=unstable_if action=reinterpret pc=0x00000200f2bb302c method=com.android.tools.r8.internal.ny.f()I @ 611 c2
Event: 29.761 Thread 0x00000200837a9800 DEOPT PACKING pc=0x00000200f2bb302c sp=0x00000099b6bfd750
Event: 29.761 Thread 0x00000200837a9800 DEOPT UNPACKING pc=0x00000200ea7ca1af sp=0x00000099b6bfd6d0 mode 2
Event: 29.761 Thread 0x00000200837a9800 Uncommon trap: trap_request=0xffffff4d fr.pc=0x00000200f2bc5388 relative=0x00000000000015e8
Event: 29.761 Thread 0x00000200837a9800 Uncommon trap: reason=unstable_if action=reinterpret pc=0x00000200f2bc5388 method=com.android.tools.r8.internal.ny.t()I @ 15 c2
Event: 29.761 Thread 0x00000200837a9800 DEOPT PACKING pc=0x00000200f2bc5388 sp=0x00000099b6bfd7c0
Event: 29.761 Thread 0x00000200837a9800 DEOPT UNPACKING pc=0x00000200ea7ca1af sp=0x00000099b6bfd6f0 mode 2
Event: 29.761 Thread 0x00000200837a9800 Uncommon trap: trap_request=0xffffff4d fr.pc=0x00000200f2bc3938 relative=0x0000000000000078
Event: 29.761 Thread 0x00000200837a9800 Uncommon trap: reason=unstable_if action=reinterpret pc=0x00000200f2bc3938 method=com.android.tools.r8.internal.ny.t()I @ 15 c2
Event: 29.761 Thread 0x00000200837a9800 DEOPT PACKING pc=0x00000200f2bc3938 sp=0x00000099b6bfd760
Event: 29.762 Thread 0x00000200837a9800 DEOPT UNPACKING pc=0x00000200ea7ca1af sp=0x00000099b6bfd6e8 mode 2

Classes redefined (0 events):
No events

Internal exceptions (20 events):
Event: 25.344 Thread 0x00000200837a8000 Exception <a 'sun/nio/fs/WindowsException'{0x000000008b338c90}> (0x000000008b338c90) thrown at [src/hotspot/share/prims/jni.cpp, line 617]
Event: 25.344 Thread 0x00000200837a8000 Exception <a 'sun/nio/fs/WindowsException'{0x000000008b339b18}> (0x000000008b339b18) thrown at [src/hotspot/share/prims/jni.cpp, line 617]
Event: 25.344 Thread 0x00000200837a8000 Exception <a 'sun/nio/fs/WindowsException'{0x000000008b339e10}> (0x000000008b339e10) thrown at [src/hotspot/share/prims/jni.cpp, line 617]
Event: 25.360 Thread 0x00000200837a8000 Exception <a 'java/lang/NoSuchMethodError'{0x000000008b222638}: <clinit>> (0x000000008b222638) thrown at [src/hotspot/share/prims/jni.cpp, line 1367]
Event: 25.365 Thread 0x00000200837a8000 Exception <a 'java/lang/NoSuchMethodError'{0x000000008b252e40}: <clinit>> (0x000000008b252e40) thrown at [src/hotspot/share/prims/jni.cpp, line 1367]
Event: 25.367 Thread 0x00000200837a8000 Exception <a 'java/lang/NoSuchMethodError'{0x000000008b265808}: <clinit>> (0x000000008b265808) thrown at [src/hotspot/share/prims/jni.cpp, line 1367]
Event: 26.444 Thread 0x00000200837a9800 Exception <a 'sun/nio/fs/WindowsException'{0x000000008cd097d0}> (0x000000008cd097d0) thrown at [src/hotspot/share/prims/jni.cpp, line 617]
Event: 26.512 Thread 0x00000200837a9800 Exception <a 'java/lang/NoSuchMethodError'{0x000000008c7ce308}: 'java.lang.Object java.lang.invoke.DirectMethodHandle$Holder.newInvokeSpecial(java.lang.Object, int)'> (0x000000008c7ce308) thrown at [src/hotspot/share/interpreter/linkResolver.cpp, line 773]
Event: 26.788 Thread 0x00000200837a9800 Exception <a 'java/lang/NoSuchMethodError'{0x000000008b2e25e0}: 'java.lang.Object java.lang.invoke.DirectMethodHandle$Holder.invokeStaticInit(java.lang.Object, java.lang.Object, java.lang.Object, java.lang.Object, java.lang.Object, java.lang.Object, java.lang.Object, java.lang.Object, java.lang.Object, java.lang.Object, java.lang.Object, java.lang.Object, java.lang.Object, java.lang.Object, java.lang.Object, java.lang.Object, java.lang.Object, java.lang.Object, java.lang.Object, int, java.lang.Object, java
Event: 27.090 Thread 0x00000200837a4800 Exception <a 'java/lang/NoSuchMethodError'{0x000000008d3de080}: 'void java.lang.invoke.DirectMethodHandle$Holder.invokeStatic(java.lang.Object, long)'> (0x000000008d3de080) thrown at [src/hotspot/share/interpreter/linkResolver.cpp, line 773]
Event: 27.090 Thread 0x00000200837a4800 Exception <a 'java/lang/NoSuchMethodError'{0x000000008d3e3540}: 'java.lang.Object java.lang.invoke.DirectMethodHandle$Holder.invokeStatic(java.lang.Object, long)'> (0x000000008d3e3540) thrown at [src/hotspot/share/interpreter/linkResolver.cpp, line 773]
Event: 27.090 Thread 0x00000200837a4800 Exception <a 'java/lang/NoSuchMethodError'{0x000000008d3e6b10}: 'java.lang.Object java.lang.invoke.DirectMethodHandle$Holder.invokeSpecial(java.lang.Object, java.lang.Object, long)'> (0x000000008d3e6b10) thrown at [src/hotspot/share/interpreter/linkResolver.cpp, line 773]
Event: 27.090 Thread 0x00000200837a4800 Exception <a 'java/lang/NoSuchMethodError'{0x000000008d3e9b20}: 'java.lang.Object java.lang.invoke.Invokers$Holder.linkToTargetMethod(long, java.lang.Object)'> (0x000000008d3e9b20) thrown at [src/hotspot/share/interpreter/linkResolver.cpp, line 773]
Event: 27.092 Thread 0x00000200837a4800 Exception <a 'java/lang/NoSuchMethodError'{0x000000008d3f1fb8}: 'java.lang.Object java.lang.invoke.DirectMethodHandle$Holder.invokeStaticInit(java.lang.Object, java.lang.Object, long, java.lang.Object)'> (0x000000008d3f1fb8) thrown at [src/hotspot/share/interpreter/linkResolver.cpp, line 773]
Event: 27.507 Thread 0x00000200837ae800 Exception <a 'java/lang/IncompatibleClassChangeError'{0x000000008d0231e0}: Found class java.lang.Object, but interface was expected> (0x000000008d0231e0) thrown at [src/hotspot/share/interpreter/linkResolver.cpp, line 839]
Event: 27.526 Thread 0x00000200837a4800 Exception <a 'java/lang/NoSuchMethodError'{0x000000008cf3b5e0}: 'int java.lang.invoke.DirectMethodHandle$Holder.invokeSpecialIFC(java.lang.Object, java.lang.Object, java.lang.Object)'> (0x000000008cf3b5e0) thrown at [src/hotspot/share/interpreter/linkResolver.cpp, line 773]
Event: 27.677 Thread 0x00000200837ae800 Exception <a 'java/lang/IncompatibleClassChangeError'{0x000000008ce91268}: Found class java.lang.Object, but interface was expected> (0x000000008ce91268) thrown at [src/hotspot/share/interpreter/linkResolver.cpp, line 839]
Event: 27.679 Thread 0x00000200837ae800 Exception <a 'java/lang/IncompatibleClassChangeError'{0x000000008cea64d0}: Found class java.lang.Object, but interface was expected> (0x000000008cea64d0) thrown at [src/hotspot/share/interpreter/linkResolver.cpp, line 839]
Event: 29.225 Thread 0x00000200837a9800 Exception <a 'java/lang/NoSuchMethodError'{0x0000000090765130}: 'void java.lang.invoke.DirectMethodHandle$Holder.invokeStatic(java.lang.Object, java.lang.Object, java.lang.Object, int)'> (0x0000000090765130) thrown at [src/hotspot/share/interpreter/linkResolver.cpp, line 773]
Event: 29.226 Thread 0x00000200837a9800 Exception <a 'java/lang/IncompatibleClassChangeError'{0x000000009076cf80}: Found class java.lang.Object, but interface was expected> (0x000000009076cf80) thrown at [src/hotspot/share/interpreter/linkResolver.cpp, line 839]

Events (20 events):
Event: 29.770 loading class com/android/tools/r8/graph/A3 done
Event: 29.771 loading class com/android/tools/r8/synthesis/l
Event: 29.771 loading class com/android/tools/r8/synthesis/l done
Event: 29.771 loading class com/android/tools/r8/synthesis/m
Event: 29.771 loading class com/android/tools/r8/synthesis/m done
Event: 29.772 loading class com/android/tools/r8/internal/c5
Event: 29.772 loading class com/android/tools/r8/internal/c5 done
Event: 29.772 loading class com/android/tools/r8/internal/qI
Event: 29.772 loading class com/android/tools/r8/internal/qI done
Event: 29.772 loading class com/android/tools/r8/internal/e5
Event: 29.772 loading class com/android/tools/r8/internal/e5 done
Event: 29.772 loading class com/android/tools/r8/internal/rI
Event: 29.772 loading class com/android/tools/r8/internal/rI done
Event: 29.773 loading class com/android/tools/r8/graph/g
Event: 29.773 loading class com/android/tools/r8/graph/g done
Event: 29.773 loading class com/android/tools/r8/synthesis/p
Event: 29.773 loading class com/android/tools/r8/synthesis/p done
Event: 29.774 loading class com/android/tools/r8/internal/sx
Event: 29.774 loading class com/android/tools/r8/internal/sx done
Event: 29.774 Executing VM operation: G1CollectForAllocation


Dynamic libraries:
0x00007ff71c570000 - 0x00007ff71c57a000 	C:\Program Files\Android\Android Studio\jbr\bin\java.exe
0x00007ffef1bd0000 - 0x00007ffef1dc8000 	C:\WINDOWS\SYSTEM32\ntdll.dll
0x00007ffef0c50000 - 0x00007ffef0d0f000 	C:\WINDOWS\System32\KERNEL32.DLL
0x00007ffeef2d0000 - 0x00007ffeef5a2000 	C:\WINDOWS\System32\KERNELBASE.dll
0x00007ffeef700000 - 0x00007ffeef800000 	C:\WINDOWS\System32\ucrtbase.dll
0x00007ffee3530000 - 0x00007ffee354b000 	C:\Program Files\Android\Android Studio\jbr\bin\VCRUNTIME140.dll
0x00007ffee49b0000 - 0x00007ffee49c7000 	C:\Program Files\Android\Android Studio\jbr\bin\jli.dll
0x00007ffef1970000 - 0x00007ffef1b11000 	C:\WINDOWS\System32\USER32.dll
0x00007ffedaa50000 - 0x00007ffedacea000 	C:\WINDOWS\WinSxS\amd64_microsoft.windows.common-controls_6595b64144ccf1df_6.0.19041.1110_none_60b5254171f9507e\COMCTL32.dll
0x00007ffeefa00000 - 0x00007ffeefa22000 	C:\WINDOWS\System32\win32u.dll
0x00007ffef07f0000 - 0x00007ffef088e000 	C:\WINDOWS\System32\msvcrt.dll
0x00007ffef1510000 - 0x00007ffef153b000 	C:\WINDOWS\System32\GDI32.dll
0x00007ffeef800000 - 0x00007ffeef90f000 	C:\WINDOWS\System32\gdi32full.dll
0x00007ffeef910000 - 0x00007ffeef9ad000 	C:\WINDOWS\System32\msvcp_win.dll
0x00007ffef1540000 - 0x00007ffef1570000 	C:\WINDOWS\System32\IMM32.DLL
0x00007ffee82c0000 - 0x00007ffee82cc000 	C:\Program Files\Android\Android Studio\jbr\bin\vcruntime140_1.dll
0x00007ffece580000 - 0x00007ffece60d000 	C:\Program Files\Android\Android Studio\jbr\bin\msvcp140.dll
0x00007ffea45e0000 - 0x00007ffea519c000 	C:\Program Files\Android\Android Studio\jbr\bin\server\jvm.dll
0x00007ffef1800000 - 0x00007ffef18ae000 	C:\WINDOWS\System32\ADVAPI32.dll
0x00007ffeefc90000 - 0x00007ffeefd2c000 	C:\WINDOWS\System32\sechost.dll
0x00007ffef0890000 - 0x00007ffef09b4000 	C:\WINDOWS\System32\RPCRT4.dll
0x00007ffeefc20000 - 0x00007ffeefc28000 	C:\WINDOWS\System32\PSAPI.DLL
0x00007ffeebff0000 - 0x00007ffeebff9000 	C:\WINDOWS\SYSTEM32\WSOCK32.dll
0x00007ffedbae0000 - 0x00007ffedbb07000 	C:\WINDOWS\SYSTEM32\WINMM.dll
0x00007ffee94c0000 - 0x00007ffee94ca000 	C:\WINDOWS\SYSTEM32\VERSION.dll
0x00007ffef1b20000 - 0x00007ffef1b8b000 	C:\WINDOWS\System32\WS2_32.dll
0x00007ffeed0d0000 - 0x00007ffeed0e2000 	C:\WINDOWS\SYSTEM32\kernel.appcore.dll
0x00007ffeeadb0000 - 0x00007ffeeadc0000 	C:\Program Files\Android\Android Studio\jbr\bin\verify.dll
0x00007ffed9080000 - 0x00007ffed9264000 	C:\WINDOWS\SYSTEM32\DBGHELP.DLL
0x00007ffeda4e0000 - 0x00007ffeda515000 	C:\WINDOWS\SYSTEM32\dbgcore.DLL
0x00007ffeefb90000 - 0x00007ffeefc12000 	C:\WINDOWS\System32\bcryptPrimitives.dll
0x00007ffee4a10000 - 0x00007ffee4a38000 	C:\Program Files\Android\Android Studio\jbr\bin\java.dll
0x00007ffeea820000 - 0x00007ffeea82a000 	C:\Program Files\Android\Android Studio\jbr\bin\jimage.dll
0x00007ffeea040000 - 0x00007ffeea058000 	C:\Program Files\Android\Android Studio\jbr\bin\zip.dll
0x00007ffeefd40000 - 0x00007ffef0485000 	C:\WINDOWS\System32\SHELL32.dll
0x00007ffeed3b0000 - 0x00007ffeedb42000 	C:\WINDOWS\SYSTEM32\windows.storage.dll
0x00007ffef0490000 - 0x00007ffef07e5000 	C:\WINDOWS\System32\combase.dll
0x00007ffeeec50000 - 0x00007ffeeec80000 	C:\WINDOWS\SYSTEM32\Wldp.dll
0x00007ffef1750000 - 0x00007ffef17fd000 	C:\WINDOWS\System32\SHCORE.dll
0x00007ffef1910000 - 0x00007ffef1965000 	C:\WINDOWS\System32\shlwapi.dll
0x00007ffeef210000 - 0x00007ffeef22f000 	C:\WINDOWS\SYSTEM32\profapi.dll
0x00007ffee4ad0000 - 0x00007ffee4ae9000 	C:\Program Files\Android\Android Studio\jbr\bin\net.dll
0x00007ffee8080000 - 0x00007ffee818a000 	C:\WINDOWS\SYSTEM32\WINHTTP.dll
0x00007ffeee9b0000 - 0x00007ffeeea1a000 	C:\WINDOWS\system32\mswsock.dll
0x00007ffee49f0000 - 0x00007ffee4a03000 	C:\Program Files\Android\Android Studio\jbr\bin\nio.dll
0x00007ffee82d0000 - 0x00007ffee82f7000 	C:\Users\ninja\.gradle\native\e1d6ef7f7dcc3fd88c89a11ec53ec762bb8ba0a96d01ffa2cd45eb1d1d8dd5c5\windows-amd64\native-platform.dll
0x00007ffec6eb0000 - 0x00007ffec6ff4000 	C:\Users\ninja\.gradle\native\0d407fdbe67a94daf76414ababcb853783967236a71b16ec16e742cd7a986fd3\windows-amd64\native-platform-file-events.dll
0x00007ffeea150000 - 0x00007ffeea15a000 	C:\Program Files\Android\Android Studio\jbr\bin\management.dll
0x00007ffee92c0000 - 0x00007ffee92cb000 	C:\Program Files\Android\Android Studio\jbr\bin\management_ext.dll
0x00007ffeeebb0000 - 0x00007ffeeebc8000 	C:\WINDOWS\SYSTEM32\CRYPTSP.dll
0x00007ffeee2d0000 - 0x00007ffeee304000 	C:\WINDOWS\system32\rsaenh.dll
0x00007ffeef6d0000 - 0x00007ffeef6f7000 	C:\WINDOWS\System32\bcrypt.dll
0x00007ffeef1d0000 - 0x00007ffeef1fe000 	C:\WINDOWS\SYSTEM32\USERENV.dll
0x00007ffeeeba0000 - 0x00007ffeeebac000 	C:\WINDOWS\SYSTEM32\CRYPTBASE.dll
0x00007ffeee6a0000 - 0x00007ffeee6db000 	C:\WINDOWS\SYSTEM32\IPHLPAPI.DLL
0x00007ffeefd30000 - 0x00007ffeefd38000 	C:\WINDOWS\System32\NSI.dll
0x00007ffee8b90000 - 0x00007ffee8ba7000 	C:\WINDOWS\SYSTEM32\dhcpcsvc6.DLL
0x00007ffee94d0000 - 0x00007ffee94ed000 	C:\WINDOWS\SYSTEM32\dhcpcsvc.DLL
0x00007ffeee6e0000 - 0x00007ffeee7ab000 	C:\WINDOWS\SYSTEM32\DNSAPI.dll
0x00007ffeee410000 - 0x00007ffeee443000 	C:\WINDOWS\SYSTEM32\ntmarta.dll

dbghelp: loaded successfully - version: 4.0.5 - missing functions: none
symbol engine: initialized successfully - sym options: 0x614 - pdb path: .;C:\Program Files\Android\Android Studio\jbr\bin;C:\WINDOWS\SYSTEM32;C:\WINDOWS\WinSxS\amd64_microsoft.windows.common-controls_6595b64144ccf1df_6.0.19041.1110_none_60b5254171f9507e;C:\Program Files\Android\Android Studio\jbr\bin\server;C:\Users\ninja\.gradle\native\e1d6ef7f7dcc3fd88c89a11ec53ec762bb8ba0a96d01ffa2cd45eb1d1d8dd5c5\windows-amd64;C:\Users\ninja\.gradle\native\0d407fdbe67a94daf76414ababcb853783967236a71b16ec16e742cd7a986fd3\windows-amd64

VM Arguments:
jvm_args: --add-opens=java.base/java.util=ALL-UNNAMED --add-opens=java.base/java.lang=ALL-UNNAMED --add-opens=java.base/java.lang.invoke=ALL-UNNAMED --add-opens=java.base/java.util=ALL-UNNAMED --add-opens=java.prefs/java.util.prefs=ALL-UNNAMED --add-opens=java.prefs/java.util.prefs=ALL-UNNAMED --add-opens=java.base/java.nio.charset=ALL-UNNAMED --add-opens=java.base/java.net=ALL-UNNAMED --add-opens=java.base/java.util.concurrent.atomic=ALL-UNNAMED -Xmx2048m -Dfile.encoding=UTF-8 -Duser.country=US -Duser.language=en -Duser.variant 
java_command: org.gradle.launcher.daemon.bootstrap.GradleDaemon 7.5
java_class_path (initial): C:\Users\ninja\.gradle\wrapper\dists\gradle-7.5-bin\f1w0cc9nuo0eivz97x2xlu9sv\gradle-7.5\lib\gradle-launcher-7.5.jar
Launcher Type: SUN_STANDARD

[Global flags]
     intx CICompilerCount                          = 3                                         {product} {ergonomic}
     uint ConcGCThreads                            = 1                                         {product} {ergonomic}
     uint G1ConcRefinementThreads                  = 4                                         {product} {ergonomic}
   size_t G1HeapRegionSize                         = 1048576                                   {product} {ergonomic}
    uintx GCDrainStackTargetSize                   = 64                                        {product} {ergonomic}
   size_t InitialHeapSize                          = 134217728                                 {product} {ergonomic}
   size_t MarkStackSize                            = 4194304                                   {product} {ergonomic}
   size_t MaxHeapSize                              = 2147483648                                {product} {command line}
   size_t MaxNewSize                               = 1287651328                                {product} {ergonomic}
   size_t MinHeapDeltaBytes                        = 1048576                                   {product} {ergonomic}
    uintx NonNMethodCodeHeapSize                   = 5830732                                {pd product} {ergonomic}
    uintx NonProfiledCodeHeapSize                  = 122913754                              {pd product} {ergonomic}
    uintx ProfiledCodeHeapSize                     = 122913754                              {pd product} {ergonomic}
    uintx ReservedCodeCacheSize                    = 251658240                              {pd product} {ergonomic}
     bool SegmentedCodeCache                       = true                                      {product} {ergonomic}
     bool UseCompressedClassPointers               = true                                 {lp64_product} {ergonomic}
     bool UseCompressedOops                        = true                                 {lp64_product} {ergonomic}
     bool UseG1GC                                  = true                                      {product} {ergonomic}
     bool UseLargePagesIndividualAllocation        = false                                  {pd product} {ergonomic}

Logging:
Log output configuration:
 #0: stdout all=warning uptime,level,tags
 #1: stderr all=off uptime,level,tags

Environment Variables:
JAVA_HOME=C:\Program Files\Java\jdk-17.0.2
PATH=C:\Program Files\Common Files\Oracle\Java\javapath;C:\Program Files (x86)\Common Files\Oracle\Java\javapath;C:\Program Files\Eclipse Adoptium\jdk-11.0.13.8-hotspot\bin;C:\Program Files (x86)\Common Files\Intel\Shared Libraries\redist\intel64\compiler;C:\WINDOWS\system32;C:\WINDOWS;C:\WINDOWS\System32\Wbem;C:\WINDOWS\System32\WindowsPowerShell\v1.0\;C:\Program Files\dotnet\;C:\WINDOWS\System32\OpenSSH\;C:\MinGW\bin;C:\Program Files\nodejs\;C:\Program Files (x86)\NVIDIA Corporation\PhysX\Common;C:\Program Files\Java\jdk-17.0.2\bin;C:\Program Files\Git\cmd;C:\Program Files (x86)\dotnet\;C:\Users\ninja\AppData\Local\Programs\Python\Python310\Scripts\;C:\Users\ninja\AppData\Local\Programs\Python\Python310\;C:\Users\ninja\AppData\Local\Microsoft\WindowsApps;C:\Users\ninja\AppData\Local\Programs\Microsoft VS Code\bin;C:\Users\ninja\AppData\Roaming\npm;C:\Users\ninja\AppData\Local\GitHubDesktop\bin;C:\Users\ninja\spicetify-cli;C:\Users\ninja\AppData\Local\spicetify;C:\Users\ninja\.dotnet\tools
USERNAME=ninja
OS=Windows_NT
PROCESSOR_IDENTIFIER=Intel64 Family 6 Model 42 Stepping 7, GenuineIntel



---------------  S Y S T E M  ---------------

OS: Windows 10 , 64 bit Build 19041 (10.0.19041.2546)
OS uptime: 21 days 21:50 hours

CPU:total 4 (initial active 4) (4 cores per cpu, 1 threads per core) family 6 model 42 stepping 7 microcode 0x2f, cmov, cx8, fxsr, mmx, sse, sse2, sse3, ssse3, sse4.1, sse4.2, popcnt, avx, aes, clmul, tsc, tscinvbit

Memory: 4k page, system-wide physical 8145M (621M free)
TotalPageFile size 32721M (AvailPageFile size 65M)
current process WorkingSet (physical memory assigned to process): 604M, peak: 608M
current process commit charge ("private bytes"): 631M, peak: 727M

vm_info: OpenJDK 64-Bit Server VM (11.0.15+0-b2043.56-9505619) for windows-amd64 JRE (11.0.15+0-b2043.56-9505619), built on Jan 19 2023 02:48:00 by "builduser" with unknown MS VC++:1929

END.
